2024-11-01 12:34:54,862 [INFO] LogOutputStream:77 - [STDOUT_REDIRECT] 
2024-11-01 12:34:59,052 [INFO] ProjectBuilder:5097 - Time for Generating toolchain IDE Files: 5755mS.
2024-11-01 12:34:59,053 [INFO] ProjectBuilder:3107 - Time for Copy CMSIS : 1mS.
2024-11-01 12:34:59,057 [INFO] ProjectBuilder:3107 - Time for Copy CMSIS : 1mS.
2024-11-01 12:35:01,991 [INFO] McuFinderGlobals:76 - Set McuFinderConnectedMode to true
2024-11-01 12:35:01,997 [INFO] ApiDb:448 - Save user favorites file C:\Users\erik/.stm32cubeide/favorites.mcus.txt: 0 item(s)
2024-11-01 12:35:01,997 [INFO] ApiDb:452 - User favorites MCUs=[]
2024-11-01 13:01:48,200 [WARN] IntegrityCheckThread:84 - waiting for thirdparty lock release [integrity check]
2024-11-01 13:01:48,200 [INFO] IntegrityCheckThread:86 - entering critical section [integrity check]
2024-11-01 13:01:48,280 [WARN] PackLoader:240 - Cannot read IP mode file for STMicroelectronics.FP-SNS-MOTENVWB1.1.4.0
2024-11-01 13:01:48,291 [WARN] PackLoader:240 - Cannot read IP mode file for STMicroelectronics.X-CUBE-SMBUS.2.1.0
2024-11-01 13:01:48,306 [WARN] PackLoader:240 - Cannot read IP mode file for STMicroelectronics.X-CUBE-WB05N.1.1.0
2024-11-01 13:01:48,331 [WARN] PackLoader:240 - Cannot read IP mode file for STMicroelectronics.X-CUBE-AZRTOS-F7.1.1.0
2024-11-01 13:01:48,394 [WARN] PackLoader:240 - Cannot read IP mode file for STMicroelectronics.X-CUBE-MEMS1.11.0.0
2024-11-01 13:01:48,487 [WARN] PackLoader:240 - Cannot read IP mode file for STMicroelectronics.FP-SNS-FLIGHT1.5.0.2
2024-11-01 13:01:48,504 [WARN] PackLoader:240 - Cannot read IP mode file for STMicroelectronics.X-CUBE-DISPLAY.3.0.0
2024-11-01 13:01:48,520 [WARN] PackLoader:240 - Cannot read IP mode file for STMicroelectronics.X-CUBE-BLE1.7.0.0
2024-11-01 13:01:48,538 [WARN] PackLoader:240 - Cannot read IP mode file for STMicroelectronics.X-CUBE-NFC10.1.0.0
2024-11-01 13:01:48,553 [WARN] PackLoader:240 - Cannot read IP mode file for emotas.I-CUBE-CANOPEN.1.3.0
2024-11-01 13:01:48,570 [WARN] PackLoader:240 - Cannot read IP mode file for STMicroelectronics.X-CUBE-BLEMGR.3.1.0
2024-11-01 13:01:48,586 [WARN] PackLoader:240 - Cannot read IP mode file for STMicroelectronics.FP-SNS-SMARTAG2.1.2.0
2024-11-01 13:01:48,607 [INFO] LogOutputStream:77 - [STDOUT_REDIRECT] 1 : Invalid condition id : UX_CORESTACK_Condition cause : null
2024-11-01 13:01:48,608 [INFO] LogOutputStream:77 - [STDOUT_REDIRECT] 1 : Invalid condition id : UX_CORESTACK_Condition cause : null
2024-11-01 13:01:48,609 [INFO] LogOutputStream:77 - [STDOUT_REDIRECT] 1 : Invalid condition id : UX_CORESTACK_Condition cause : null
2024-11-01 13:01:48,611 [INFO] LogOutputStream:77 - [STDOUT_REDIRECT] 1 : Invalid condition id : UX_CORESTACK_Condition cause : null
2024-11-01 13:01:48,612 [INFO] LogOutputStream:77 - [STDOUT_REDIRECT] 1 : Invalid condition id : UX_CORESTACK_Condition cause : null
2024-11-01 13:01:48,613 [WARN] PackLoader:240 - Cannot read IP mode file for STMicroelectronics.X-CUBE-AZRTOS-WL.2.0.0
2024-11-01 13:01:48,627 [WARN] PackLoader:240 - Cannot read IP mode file for STMicroelectronics.FP-SNS-MOTENV1.5.0.0
2024-11-01 13:01:48,639 [WARN] PackLoader:240 - Cannot read IP mode file for wolfSSL.I-CUBE-wolfMQTT.1.19.0
2024-11-01 13:01:48,653 [WARN] PackLoader:240 - Cannot read IP mode file for WES.I-CUBE-Cesium.1.3.0
2024-11-01 13:01:48,666 [WARN] PackLoader:240 - Cannot read IP mode file for STMicroelectronics.X-CUBE-BLE2.3.3.0
2024-11-01 13:01:48,678 [WARN] PackLoader:240 - Cannot read IP mode file for STMicroelectronics.X-CUBE-NFC9.1.0.0
2024-11-01 13:01:48,693 [WARN] PackLoader:240 - Cannot read IP mode file for STMicroelectronics.X-CUBE-TCPP.4.1.0
2024-11-01 13:01:48,717 [WARN] PackLoader:240 - Cannot read IP mode file for STMicroelectronics.X-CUBE-AZRTOS-G0.1.1.0
2024-11-01 13:01:48,735 [WARN] PackLoader:240 - Cannot read IP mode file for STMicroelectronics.X-CUBE-SAFEA1.1.2.2
2024-11-01 13:01:48,754 [WARN] PackLoader:240 - Cannot read IP mode file for STMicroelectronics.X-CUBE-NFC4.3.0.0
2024-11-01 13:01:48,773 [WARN] PackLoader:240 - Cannot read IP mode file for EmbeddedOffice.I-CUBE-FS-RTOS.1.0.1
2024-11-01 13:01:48,773 [ERROR] ConditionMgr:805 - Attr not supported : Dmpu
2024-11-01 13:01:48,773 [ERROR] ConditionMgr:805 - Attr not supported : Dmpu
2024-11-01 13:01:48,773 [ERROR] ConditionMgr:805 - Attr not supported : Dmpu
2024-11-01 13:01:48,773 [ERROR] ConditionMgr:805 - Attr not supported : Dmpu
2024-11-01 13:01:48,773 [ERROR] ConditionMgr:805 - Attr not supported : Dmpu
2024-11-01 13:01:48,773 [ERROR] ConditionMgr:805 - Attr not supported : Dmpu
2024-11-01 13:01:48,773 [ERROR] ConditionMgr:805 - Attr not supported : Dmpu
2024-11-01 13:01:48,773 [ERROR] ConditionMgr:805 - Attr not supported : Dmpu
2024-11-01 13:01:48,773 [ERROR] ConditionMgr:805 - Attr not supported : Dmpu
2024-11-01 13:01:48,773 [ERROR] ConditionMgr:805 - Attr not supported : Dmpu
2024-11-01 13:01:48,773 [ERROR] ConditionMgr:805 - Attr not supported : Dmpu
2024-11-01 13:01:48,773 [ERROR] ConditionMgr:805 - Attr not supported : Dmpu
2024-11-01 13:01:48,773 [ERROR] ConditionMgr:805 - Attr not supported : Dmpu
2024-11-01 13:01:48,773 [ERROR] ConditionMgr:805 - Attr not supported : Dmpu
2024-11-01 13:01:48,773 [ERROR] ConditionMgr:805 - Attr not supported : Dmpu
2024-11-01 13:01:48,773 [ERROR] ConditionMgr:805 - Attr not supported : Dmpu
2024-11-01 13:01:48,773 [ERROR] ConditionMgr:805 - Attr not supported : Dmpu
2024-11-01 13:01:48,773 [ERROR] ConditionMgr:805 - Attr not supported : Dmpu
2024-11-01 13:01:48,773 [ERROR] ConditionMgr:805 - Attr not supported : Dmpu
2024-11-01 13:01:48,773 [ERROR] ConditionMgr:805 - Attr not supported : Dmpu
2024-11-01 13:01:48,773 [ERROR] ConditionMgr:805 - Attr not supported : Dmpu
2024-11-01 13:01:48,773 [ERROR] ConditionMgr:805 - Attr not supported : Dmpu
2024-11-01 13:01:48,773 [ERROR] ConditionMgr:805 - Attr not supported : Dmpu
2024-11-01 13:01:48,773 [ERROR] ConditionMgr:805 - Attr not supported : Dmpu
2024-11-01 13:01:48,773 [ERROR] ConditionMgr:805 - Attr not supported : Dmpu
2024-11-01 13:01:48,773 [ERROR] ConditionMgr:805 - Attr not supported : Dmpu
2024-11-01 13:01:48,773 [ERROR] ConditionMgr:805 - Attr not supported : Dmpu
2024-11-01 13:01:48,773 [ERROR] ConditionMgr:805 - Attr not supported : Dmpu
2024-11-01 13:01:48,773 [ERROR] ConditionMgr:805 - Attr not supported : Dmpu
2024-11-01 13:01:48,773 [ERROR] ConditionMgr:805 - Attr not supported : Dmpu
2024-11-01 13:01:48,773 [ERROR] ConditionMgr:805 - Attr not supported : Dmpu
2024-11-01 13:01:48,774 [ERROR] ConditionMgr:805 - Attr not supported : Dmpu
2024-11-01 13:01:48,774 [ERROR] ConditionMgr:805 - Attr not supported : Dmpu
2024-11-01 13:01:48,774 [ERROR] ConditionMgr:805 - Attr not supported : Dmpu
2024-11-01 13:01:48,774 [ERROR] ConditionMgr:805 - Attr not supported : Dmpu
2024-11-01 13:01:48,774 [ERROR] ConditionMgr:805 - Attr not supported : Dmpu
2024-11-01 13:01:48,774 [ERROR] ConditionMgr:805 - Attr not supported : Dmpu
2024-11-01 13:01:48,774 [ERROR] ConditionMgr:805 - Attr not supported : Dmpu
2024-11-01 13:01:48,774 [ERROR] ConditionMgr:805 - Attr not supported : Dmpu
2024-11-01 13:01:48,774 [ERROR] ConditionMgr:805 - Attr not supported : Dmpu
2024-11-01 13:01:48,774 [ERROR] ConditionMgr:805 - Attr not supported : Dmpu
2024-11-01 13:01:48,774 [ERROR] ConditionMgr:805 - Attr not supported : Dmpu
2024-11-01 13:01:48,774 [ERROR] ConditionMgr:805 - Attr not supported : Dmpu
2024-11-01 13:01:48,774 [ERROR] ConditionMgr:805 - Attr not supported : Dmpu
2024-11-01 13:01:48,774 [ERROR] ConditionMgr:805 - Attr not supported : Dmpu
2024-11-01 13:01:48,774 [ERROR] ConditionMgr:805 - Attr not supported : Dmpu
2024-11-01 13:01:48,774 [ERROR] ConditionMgr:805 - Attr not supported : Dmpu
2024-11-01 13:01:48,774 [ERROR] ConditionMgr:805 - Attr not supported : Dmpu
2024-11-01 13:01:48,774 [ERROR] ConditionMgr:805 - Attr not supported : Dmpu
2024-11-01 13:01:48,774 [ERROR] ConditionMgr:805 - Attr not supported : Dmpu
2024-11-01 13:01:48,774 [ERROR] ConditionMgr:805 - Attr not supported : Dmpu
2024-11-01 13:01:48,774 [ERROR] ConditionMgr:805 - Attr not supported : Dmpu
2024-11-01 13:01:48,774 [ERROR] ConditionMgr:805 - Attr not supported : Dmpu
2024-11-01 13:01:48,774 [ERROR] ConditionMgr:805 - Attr not supported : Dmpu
2024-11-01 13:01:48,774 [ERROR] ConditionMgr:805 - Attr not supported : Dmpu
2024-11-01 13:01:48,774 [ERROR] ConditionMgr:805 - Attr not supported : Dmpu
2024-11-01 13:01:48,774 [ERROR] ConditionMgr:805 - Attr not supported : Dmpu
2024-11-01 13:01:48,774 [ERROR] ConditionMgr:805 - Attr not supported : Dmpu
2024-11-01 13:01:48,774 [ERROR] ConditionMgr:805 - Attr not supported : Dmpu
2024-11-01 13:01:48,774 [ERROR] ConditionMgr:805 - Attr not supported : Dmpu
2024-11-01 13:01:48,774 [ERROR] ConditionMgr:805 - Attr not supported : Dmpu
2024-11-01 13:01:48,774 [ERROR] ConditionMgr:805 - Attr not supported : Dmpu
2024-11-01 13:01:48,774 [ERROR] ConditionMgr:805 - Attr not supported : Dmpu
2024-11-01 13:01:48,775 [ERROR] ConditionMgr:805 - Attr not supported : Dmpu
2024-11-01 13:01:48,792 [WARN] PackLoader:240 - Cannot read IP mode file for RealThread.X-CUBE-RT-Thread_Nano.4.1.1
2024-11-01 13:01:48,809 [WARN] PackLoader:240 - Cannot read IP mode file for STMicroelectronics.FP-ATR-SIGFOX1.3.2.0
2024-11-01 13:01:48,824 [WARN] PackLoader:240 - Cannot read IP mode file for wolfSSL.I-CUBE-wolfSSL.5.7.2
2024-11-01 13:01:48,842 [WARN] PackLoader:240 - Cannot read IP mode file for STMicroelectronics.X-CUBE-EEPRMA1.5.1.0
2024-11-01 13:01:48,858 [WARN] PackLoader:240 - Cannot read IP mode file for ITTIA_DB.I-CUBE-ITTIADB.8.9.0
2024-11-01 13:01:48,889 [WARN] PackLoader:240 - Cannot read IP mode file for SEGGER.I-CUBE-embOS.1.3.1
2024-11-01 13:01:48,918 [WARN] PackLoader:240 - Cannot read IP mode file for STMicroelectronics.X-CUBE-ALGOBUILD.1.4.0
2024-11-01 13:01:48,935 [WARN] PackLoader:240 - Cannot read IP mode file for STMicroelectronics.X-CUBE-AI.9.1.0
2024-11-01 13:01:48,959 [WARN] PackLoader:240 - Cannot read IP mode file for STMicroelectronics.X-CUBE-AZRTOS-F4.1.1.0
2024-11-01 13:01:48,978 [WARN] PackLoader:240 - Cannot read IP mode file for STMicroelectronics.X-CUBE-ISPU.2.1.0
2024-11-01 13:01:48,993 [WARN] PackLoader:240 - Cannot read IP mode file for STMicroelectronics.X-CUBE-FREERTOS.1.2.0
2024-11-01 13:01:49,019 [WARN] PackLoader:240 - Cannot read IP mode file for STMicroelectronics.X-CUBE-AZRTOS-L5.2.0.0
2024-11-01 13:01:49,039 [WARN] PackLoader:240 - Cannot read IP mode file for STMicroelectronics.X-CUBE-NFC6.3.1.0
2024-11-01 13:01:49,056 [WARN] PackLoader:240 - Cannot read IP mode file for STMicroelectronics.X-CUBE-DPower.1.2.0
2024-11-01 13:01:49,071 [WARN] PackLoader:240 - Cannot read IP mode file for STMicroelectronics.X-CUBE-NFC7.1.0.1
2024-11-01 13:01:49,104 [WARN] ConditionMgr:438 - getConditionDescription Invalid condition id : LAN8742 Phy interface Condition cause : null
2024-11-01 13:01:49,104 [WARN] PackLoader:240 - Cannot read IP mode file for STMicroelectronics.X-CUBE-AZRTOS-L4.2.0.0
2024-11-01 13:01:49,105 [WARN] ConditionMgr:1039 - genDependencies : Invalid condition id : LAN8742 Phy interface Condition cause : null
2024-11-01 13:01:49,106 [WARN] ConditionMgr:1039 - genDependencies : Invalid condition id : LAN8742 Phy interface Condition cause : null
2024-11-01 13:01:49,106 [WARN] ConditionMgr:1039 - genDependencies : Invalid condition id : LAN8742 Phy interface Condition cause : null
2024-11-01 13:01:49,124 [WARN] PackLoader:240 - Cannot read IP mode file for STMicroelectronics.X-CUBE-SFXS2LP1.4.0.0
2024-11-01 13:01:49,155 [WARN] PackLoader:240 - Cannot read IP mode file for STMicroelectronics.X-CUBE-AZRTOS-H7.3.3.0
2024-11-01 13:01:49,175 [WARN] PackLoader:240 - Cannot read IP mode file for STMicroelectronics.X-CUBE-IPS.3.0.0
2024-11-01 13:01:49,196 [WARN] ConditionMgr:438 - getConditionDescription Invalid condition id : UX DEVICE CLASS RTOS Condition cause : null
2024-11-01 13:01:49,196 [WARN] ConditionMgr:438 - getConditionDescription Invalid condition id : UX DEVICE CLASS RTOS Condition cause : null
2024-11-01 13:01:49,197 [WARN] PackLoader:240 - Cannot read IP mode file for STMicroelectronics.X-CUBE-AZRTOS-WB.2.0.0
2024-11-01 13:01:49,197 [WARN] ConditionMgr:1039 - genDependencies : Invalid condition id : UX DEVICE CLASS RTOS Condition cause : null
2024-11-01 13:01:49,197 [WARN] ConditionMgr:1039 - genDependencies : Invalid condition id : UX DEVICE CLASS RTOS Condition cause : null
2024-11-01 13:01:49,198 [WARN] ConditionMgr:1039 - genDependencies : Invalid condition id : UX DEVICE CLASS RTOS Condition cause : null
2024-11-01 13:01:49,198 [WARN] ConditionMgr:1039 - genDependencies : Invalid condition id : UX DEVICE CLASS RTOS Condition cause : null
2024-11-01 13:01:49,198 [WARN] ConditionMgr:1039 - genDependencies : Invalid condition id : UX DEVICE CLASS RTOS Condition cause : null
2024-11-01 13:01:49,213 [WARN] PackLoader:240 - Cannot read IP mode file for STMicroelectronics.X-CUBE-GNSS1.7.0.0
2024-11-01 13:01:49,228 [WARN] PackLoader:240 - Cannot read IP mode file for STMicroelectronics.FP-SNS-STBOX1.2.0.0
2024-11-01 13:01:49,244 [WARN] PackLoader:240 - Cannot read IP mode file for STMicroelectronics.X-CUBE-SUBG2.5.0.0
2024-11-01 13:01:49,259 [WARN] PackLoader:240 - Cannot read IP mode file for Cesanta.I-CUBE-Mongoose.7.13.0
2024-11-01 13:01:49,278 [WARN] PackLoader:240 - Cannot read IP mode file for STMicroelectronics.X-CUBE-AZRTOS-G4.2.0.0
2024-11-01 13:01:49,289 [WARN] PackLoader:240 - Cannot read IP mode file for STMicroelectronics.X-CUBE-ALS.1.0.2
2024-11-01 13:01:49,304 [WARN] PackLoader:240 - Cannot read IP mode file for STMicroelectronics.X-CUBE-TOUCHGFX.4.24.1
2024-11-01 13:01:49,315 [WARN] PackLoader:240 - Cannot read IP mode file for wolfSSL.I-CUBE-wolfTPM.3.4.0
2024-11-01 13:01:49,328 [WARN] PackLoader:240 - Cannot read IP mode file for portGmbH.I-Cube-SoM-uGOAL.1.1.0
2024-11-01 13:01:49,350 [WARN] PackLoader:240 - Cannot read IP mode file for STMicroelectronics.X-CUBE-AZRTOS-H7RS.1.0.0
2024-11-01 13:01:49,361 [WARN] PackLoader:240 - Cannot read IP mode file for STMicroelectronics.FP-ATR-ASTRA1.2.0.0
2024-11-01 13:01:49,375 [WARN] PackLoader:240 - Cannot read IP mode file for STMicroelectronics.X-CUBE-TOF1.3.4.2
2024-11-01 13:01:49,404 [WARN] PackLoader:240 - Cannot read IP mode file for Infineon.AIROC-Wi-Fi-Bluetooth-STM32.1.6.1
2024-11-01 13:01:49,415 [WARN] PackLoader:240 - Cannot read IP mode file for wolfSSL.I-CUBE-wolfSSH.1.4.17
2024-11-01 13:01:49,415 [INFO] ThirdParty:978 - Integrity check success = true
2024-11-01 13:01:49,415 [INFO] IntegrityCheckThread:100 - exiting critical section [integrity check]
2024-11-01 13:01:49,415 [INFO] IntegrityCheckThread:103 - End integrity checks thread
2024-11-01 13:03:56,484 [INFO] MainUpdater:2873 - connection check result : 10
2024-11-01 13:03:56,484 [INFO] MainUpdater:2873 - connection check result : 10
2024-11-01 13:03:56,716 [INFO] MicroXplorer:468 - Change Database Path : 
2024-11-01 13:03:56,716 [INFO] MicroXplorer:498 - Change Database Version : DB.6.0.121
2024-11-01 13:03:56,729 [ERROR] ProjectManagerView:394 - 
java.lang.NullPointerException: Cannot invoke "javax.swing.JTextField.getText()" because the return value of "java.util.List.get(int)" is null
	at com.st.microxplorer.plugins.projectmanager.gui.ProjectChoiceTab$10.caretUpdate(ProjectChoiceTab.java:2622) ~[filemanager.jar:?]
	at javax.swing.text.JTextComponent.fireCaretUpdate(JTextComponent.java:412) ~[?:?]
	at javax.swing.text.JTextComponent$MutableCaretEvent.fire(JTextComponent.java:4491) ~[?:?]
	at javax.swing.text.JTextComponent$MutableCaretEvent.stateChanged(JTextComponent.java:4513) ~[?:?]
	at javax.swing.text.DefaultCaret.fireStateChanged(DefaultCaret.java:842) ~[?:?]
	at javax.swing.text.DefaultCaret.changeCaretPosition(DefaultCaret.java:1313) ~[?:?]
	at javax.swing.text.DefaultCaret.handleSetDot(DefaultCaret.java:1212) ~[?:?]
	at javax.swing.text.DefaultCaret.setDot(DefaultCaret.java:1193) ~[?:?]
	at javax.swing.text.DefaultCaret$Handler.insertUpdate(DefaultCaret.java:1789) ~[?:?]
	at javax.swing.text.AbstractDocument.fireInsertUpdate(AbstractDocument.java:226) ~[?:?]
	at javax.swing.text.AbstractDocument.handleInsertString(AbstractDocument.java:780) ~[?:?]
	at javax.swing.text.AbstractDocument.insertString(AbstractDocument.java:739) ~[?:?]
	at javax.swing.text.PlainDocument.insertString(PlainDocument.java:131) ~[?:?]
	at javax.swing.text.AbstractDocument.replace(AbstractDocument.java:698) ~[?:?]
	at javax.swing.text.JTextComponent.setText(JTextComponent.java:1729) ~[?:?]
	at com.st.microxplorer.plugins.projectmanager.gui.ProjectChoiceTab.createHeapStackFields(ProjectChoiceTab.java:972) ~[filemanager.jar:?]
	at com.st.microxplorer.plugins.projectmanager.gui.ProjectChoiceTab.buildLinkSettingsPanel(ProjectChoiceTab.java:3597) ~[filemanager.jar:?]
	at com.st.microxplorer.plugins.projectmanager.gui.ProjectChoiceTab.defineWindowsFields(ProjectChoiceTab.java:1940) ~[filemanager.jar:?]
	at com.st.microxplorer.plugins.projectmanager.gui.ProjectChoiceTab.updateSettings(ProjectChoiceTab.java:550) ~[filemanager.jar:?]
	at com.st.microxplorer.plugins.projectmanager.gui.ProjectSettingsPanel.UpdateDialog(ProjectSettingsPanel.java:245) ~[filemanager.jar:?]
	at com.st.microxplorer.plugins.projectmanager.ProjectManagerView.propertyChange(ProjectManagerView.java:391) ~[filemanager.jar:?]
	at java.beans.PropertyChangeSupport.fire(PropertyChangeSupport.java:343) ~[?:?]
	at java.beans.PropertyChangeSupport.firePropertyChange(PropertyChangeSupport.java:335) ~[?:?]
	at java.beans.PropertyChangeSupport.firePropertyChange(PropertyChangeSupport.java:268) ~[?:?]
	at com.st.microxplorer.util.MXPropertyChangeSupport.firePropertyChange(MXPropertyChangeSupport.java:54) ~[STM32CubeMX.jar:?]
	at com.st.microxplorer.mxsystem.MxSystem.closeConfig(MxSystem.java:900) ~[STM32CubeMX.jar:?]
	at com.st.microxplorer.maingui.MainPanel.closeConfig(MainPanel.java:781) ~[STM32CubeMX.jar:?]
	at com.st.microxplorer.plugins.filemanager.engine.OpenFileManager.loadConfigurationFile(OpenFileManager.java:265) ~[filemanager.jar:?]
	at com.st.microxplorer.plugins.filemanager.engine.MainFileManager.userLoadConfig(MainFileManager.java:352) ~[filemanager.jar:?]
	at com.st.microxplorer.plugins.filemanager.engine.MainFileManager.userLoadConfig(MainFileManager.java:330) ~[filemanager.jar:?]
	at com.st.microxplorer.plugins.filemanager.FileManagerView.getSpecificTask(FileManagerView.java:246) ~[filemanager.jar:?]
	at com.st.stm32cube.common.mx.editor.CubeMxEditor.getMxTabbedPaneInstance(CubeMxEditor.java:1198) ~[com.st.stm32cube.common.mx_6.12.1.202409122256/:?]
	at com.st.stm32cube.common.mx.editor.CubeMxEditor$12$1.createSwingComponent(CubeMxEditor.java:1068) ~[com.st.stm32cube.common.mx_6.12.1.202409122256/:?]
	at com.st.stm32cube.common.mx.oss.core.awtswtbridge.EmbeddedSwingComposite.doComponentCreation(EmbeddedSwingComposite.java:492) ~[com.st.stm32cube.common.mx.oss_6.12.1.202409122256/:?]
	at com.st.stm32cube.common.mx.oss.core.awtswtbridge.EmbeddedSwingComposite$4.run(EmbeddedSwingComposite.java:291) ~[com.st.stm32cube.common.mx.oss_6.12.1.202409122256/:?]
	at com.st.stm32cube.common.mx.oss.core.awtswtbridge.AwtEnvironment$2.run(AwtEnvironment.java:166) ~[com.st.stm32cube.common.mx.oss_6.12.1.202409122256/:?]
	at java.awt.event.InvocationEvent.dispatch(InvocationEvent.java:318) ~[?:?]
	at java.awt.EventQueue.dispatchEventImpl(EventQueue.java:773) ~[?:?]
	at java.awt.EventQueue$4.run(EventQueue.java:720) ~[?:?]
	at java.awt.EventQueue$4.run(EventQueue.java:714) ~[?:?]
	at java.security.AccessController.doPrivileged(AccessController.java:399) ~[?:?]
	at java.security.ProtectionDomain$JavaSecurityAccessImpl.doIntersectionPrivilege(ProtectionDomain.java:86) ~[?:?]
	at java.awt.EventQueue.dispatchEvent(EventQueue.java:742) ~[?:?]
	at java.awt.EventDispatchThread.pumpOneEventForFilters(EventDispatchThread.java:203) ~[?:?]
	at java.awt.EventDispatchThread.pumpEventsForFilter(EventDispatchThread.java:124) ~[?:?]
	at java.awt.EventDispatchThread.pumpEventsForHierarchy(EventDispatchThread.java:113) ~[?:?]
	at java.awt.EventDispatchThread.pumpEvents(EventDispatchThread.java:109) ~[?:?]
	at java.awt.EventDispatchThread.pumpEvents(EventDispatchThread.java:101) ~[?:?]
	at java.awt.EventDispatchThread.run(EventDispatchThread.java:90) ~[?:?]
2024-11-01 13:03:56,730 [WARN] ThirdParty:871 - waiting for thirdparty lock release [close project]
2024-11-01 13:03:56,730 [INFO] ThirdParty:873 - entering critical section [close project]
2024-11-01 13:03:56,730 [INFO] ThirdParty:883 - exiting critical section [close project]
2024-11-01 13:03:56,731 [INFO] PinOutPanel:1561 - setPackage(No Configuration,No Configuration)
2024-11-01 13:03:56,734 [INFO] UtilMem:75 - Begin LoadConfig() Used Memory: 533365752 Bytes (679477248)
2024-11-01 13:03:56,735 [INFO] MicroXplorer:468 - Change Database Path : 
2024-11-01 13:03:56,735 [INFO] MicroXplorer:498 - Change Database Version : DB.6.0.121
2024-11-01 13:03:56,735 [INFO] OpenFileManager:332 - Change cursor
2024-11-01 13:03:56,763 [INFO] RulesReader:64 - Compatibility file has been processed (297 Rules)
2024-11-01 13:03:56,774 [INFO] Mcu:2032 - Initializing MCU STM32L476R(C-E-G)Tx STM32L476RGTx STM32L476RGT3
2024-11-01 13:03:58,430 [INFO] Context:742 - Trying to add GPIOservice into a context  which must be forbidden
2024-11-01 13:03:58,674 [INFO] RtosManager:555 - Registered RTOS mode: class=CMSIS, group=RTOS, mode=CMSIS_V1, owner=FREERTOS
2024-11-01 13:03:58,674 [INFO] RtosManager:555 - Registered RTOS mode: class=CMSIS, group=RTOS2, mode=CMSIS_V2, owner=FREERTOS
2024-11-01 13:03:58,674 [INFO] RtosManager:555 - Registered RTOS mode: class=RTOS, group=Core, mode=CMSIS_V1, owner=FREERTOS
2024-11-01 13:03:58,674 [INFO] RtosManager:555 - Registered RTOS mode: class=RTOS, group=Core, mode=CMSIS_V2, owner=FREERTOS
2024-11-01 13:03:58,674 [WARN] ModelIntegratedComponent:184 - Missing modes for component STMicroelectronics:FreeRTOS:0.0.1:STMicroelectronics:RTOS:FreeRTOS:Core:::10.2.0:
2024-11-01 13:03:58,677 [WARN] ModelIntegratedComponent:63 - No mode defined for component null
2024-11-01 13:03:58,677 [WARN] ModelIntegratedComponent:63 - No mode defined for component null
2024-11-01 13:03:58,677 [WARN] ModelIntegratedComponent:63 - No mode defined for component null
2024-11-01 13:03:58,677 [WARN] ModelIntegratedComponent:63 - No mode defined for component null
2024-11-01 13:03:58,677 [WARN] ModelIntegratedComponent:63 - No mode defined for component null
2024-11-01 13:03:58,677 [WARN] ModelIntegratedComponent:63 - No mode defined for component null
2024-11-01 13:03:58,677 [WARN] ModelIntegratedComponent:63 - No mode defined for component null
2024-11-01 13:03:58,677 [WARN] ModelIntegratedComponent:63 - No mode defined for component null
2024-11-01 13:03:58,677 [WARN] ModelIntegratedComponent:63 - No mode defined for component null
2024-11-01 13:03:58,677 [WARN] ModelIntegratedComponent:63 - No mode defined for component null
2024-11-01 13:03:58,677 [WARN] ModelIntegratedComponent:63 - No mode defined for component null
2024-11-01 13:03:58,677 [WARN] ModelIntegratedComponent:63 - No mode defined for component null
2024-11-01 13:03:58,677 [WARN] ModelIntegratedComponent:63 - No mode defined for component null
2024-11-01 13:03:58,677 [WARN] ModelIntegratedComponent:63 - No mode defined for component null
2024-11-01 13:03:58,677 [WARN] ModelIntegratedComponent:63 - No mode defined for component null
2024-11-01 13:03:58,677 [WARN] ModelIntegratedComponent:63 - No mode defined for component null
2024-11-01 13:03:58,677 [WARN] ModelIntegratedComponent:63 - No mode defined for component null
2024-11-01 13:03:58,677 [WARN] ModelIntegratedComponent:63 - No mode defined for component null
2024-11-01 13:03:58,677 [WARN] ModelIntegratedComponent:63 - No mode defined for component null
2024-11-01 13:03:58,677 [WARN] ModelIntegratedComponent:63 - No mode defined for component null
2024-11-01 13:03:58,677 [WARN] ModelIntegratedComponent:63 - No mode defined for component null
2024-11-01 13:03:58,677 [WARN] ModelIntegratedComponent:63 - No mode defined for component null
2024-11-01 13:03:58,677 [WARN] ModelIntegratedComponent:63 - No mode defined for component null
2024-11-01 13:03:58,677 [WARN] ModelIntegratedComponent:63 - No mode defined for component null
2024-11-01 13:03:58,677 [WARN] ModelIntegratedComponent:63 - No mode defined for component null
2024-11-01 13:03:58,677 [WARN] ModelIntegratedComponent:63 - No mode defined for component null
2024-11-01 13:03:58,677 [WARN] ModelIntegratedComponent:63 - No mode defined for component null
2024-11-01 13:03:58,677 [WARN] ModelIntegratedComponent:63 - No mode defined for component null
2024-11-01 13:03:58,677 [WARN] ModelIntegratedComponent:63 - No mode defined for component null
2024-11-01 13:03:58,677 [WARN] ModelIntegratedComponent:63 - No mode defined for component null
2024-11-01 13:03:58,677 [WARN] ModelIntegratedComponent:63 - No mode defined for component null
2024-11-01 13:03:58,677 [WARN] ModelIntegratedComponent:63 - No mode defined for component null
2024-11-01 13:03:58,677 [WARN] ModelIntegratedComponent:63 - No mode defined for component null
2024-11-01 13:03:58,677 [WARN] ModelIntegratedComponent:63 - No mode defined for component null
2024-11-01 13:03:58,677 [WARN] ModelIntegratedComponent:63 - No mode defined for component null
2024-11-01 13:03:58,677 [WARN] ModelPack:524 - Component already loaded: STMicroelectronics:HAL Drivers:0.0.0:STMicroelectronics:Device:STMicro_Driver:XSPI:HAL::0.0.1:HAL_XSPI
2024-11-01 13:03:58,685 [INFO] ThirdPartyModel:298 - Start build external matchings
2024-11-01 13:03:58,885 [INFO] ThirdPartyModel:316 - End build external matchings
2024-11-01 13:03:59,198 [INFO] UtilMem:75 - End LoadConfig() Used Memory: 547951944 Bytes (680525824)
2024-11-01 13:03:59,242 [WARN] ThirdParty:833 - waiting for thirdparty lock release [change project]
2024-11-01 13:03:59,242 [INFO] ThirdParty:835 - entering critical section [change project]
2024-11-01 13:03:59,242 [INFO] ThirdParty:1030 - CMSIS Pack Vendor :STMicroelectronics USBPD 4.1
2024-11-01 13:03:59,242 [INFO] ThirdParty:1030 - CMSIS Pack Vendor :STMicroelectronics X-CUBE-AZRTOS-H7 3.3.0
2024-11-01 13:03:59,242 [INFO] ThirdParty:1030 - CMSIS Pack Vendor :STMicroelectronics X-CUBE-NFC9 1.0.0
2024-11-01 13:03:59,242 [INFO] ThirdParty:1030 - CMSIS Pack Vendor :STMicroelectronics USB_HOST 2.0.0
2024-11-01 13:03:59,242 [INFO] ThirdParty:1030 - CMSIS Pack Vendor :STMicroelectronics FP-SNS-MOTENVWB1 1.4.0
2024-11-01 13:03:59,242 [INFO] ThirdParty:1030 - CMSIS Pack Vendor :STMicroelectronics X-CUBE-AZRTOS-F4 1.1.0
2024-11-01 13:03:59,242 [INFO] ThirdParty:1030 - CMSIS Pack Vendor :STMicroelectronics LIBJPEG 8.0.0
2024-11-01 13:03:59,242 [INFO] ThirdParty:1030 - CMSIS Pack Vendor :STMicroelectronics X-CUBE-SMBUS 2.1.0
2024-11-01 13:03:59,242 [INFO] ThirdParty:1030 - CMSIS Pack Vendor :STMicroelectronics X-CUBE-WB05N 1.1.0
2024-11-01 13:03:59,242 [INFO] ThirdParty:1030 - CMSIS Pack Vendor :STMicroelectronics USB_DEVICE 3.0.0
2024-11-01 13:03:59,242 [INFO] ThirdParty:1030 - CMSIS Pack Vendor :STMicroelectronics X-CUBE-TCPP 4.1.0
2024-11-01 13:03:59,242 [INFO] ThirdParty:1030 - CMSIS Pack Vendor :STMicroelectronics X-CUBE-ISPU 2.1.0
2024-11-01 13:03:59,242 [INFO] ThirdParty:1030 - CMSIS Pack Vendor :STMicroelectronics X-CUBE-FREERTOS 1.2.0
2024-11-01 13:03:59,242 [INFO] ThirdParty:1030 - CMSIS Pack Vendor :STMicroelectronics X-CUBE-IPS 3.0.0
2024-11-01 13:03:59,242 [INFO] ThirdParty:1030 - CMSIS Pack Vendor :STMicroelectronics X-CUBE-AZRTOS-WB 2.0.0
2024-11-01 13:03:59,242 [INFO] ThirdParty:1030 - CMSIS Pack Vendor :STMicroelectronics X-CUBE-GNSS1 7.0.0
2024-11-01 13:03:59,242 [INFO] ThirdParty:1030 - CMSIS Pack Vendor :STMicroelectronics X-CUBE-AZRTOS-F7 1.1.0
2024-11-01 13:03:59,242 [INFO] ThirdParty:1030 - CMSIS Pack Vendor :STMicroelectronics X-CUBE-AZRTOS-L5 2.0.0
2024-11-01 13:03:59,242 [INFO] ThirdParty:1030 - CMSIS Pack Vendor :STMicroelectronics USB_DEVICE 2.0.0
2024-11-01 13:03:59,242 [INFO] ThirdParty:1030 - CMSIS Pack Vendor :STMicroelectronics X-CUBE-NFC6 3.1.0
2024-11-01 13:03:59,242 [INFO] ThirdParty:1030 - CMSIS Pack Vendor :STMicroelectronics FP-SNS-STBOX1 2.0.0
2024-11-01 13:03:59,242 [INFO] ThirdParty:1030 - CMSIS Pack Vendor :STMicroelectronics X-CUBE-MEMS1 11.0.0
2024-11-01 13:03:59,242 [INFO] ThirdParty:1030 - CMSIS Pack Vendor :STMicroelectronics FreeRTOS 0.0.1
2024-11-01 13:03:59,242 [INFO] ThirdParty:1030 - CMSIS Pack Vendor :STMicroelectronics X-CUBE-AZRTOS-G0 1.1.0
2024-11-01 13:03:59,242 [INFO] ThirdParty:1030 - CMSIS Pack Vendor :STMicroelectronics X-CUBE-SAFEA1 1.2.2
2024-11-01 13:03:59,242 [INFO] ThirdParty:1030 - CMSIS Pack Vendor :STMicroelectronics X-CUBE-NFC4 3.0.0
2024-11-01 13:03:59,242 [INFO] ThirdParty:1030 - CMSIS Pack Vendor :STMicroelectronics X-CUBE-DPower 1.2.0
2024-11-01 13:03:59,242 [INFO] ThirdParty:1030 - CMSIS Pack Vendor :STMicroelectronics X-CUBE-SUBG2 5.0.0
2024-11-01 13:03:59,242 [INFO] ThirdParty:1030 - CMSIS Pack Vendor :STMicroelectronics STM32_WPAN 1.0.0
2024-11-01 13:03:59,242 [INFO] ThirdParty:1030 - CMSIS Pack Vendor :EmbeddedOffice I-CUBE-FS-RTOS 1.0.1
2024-11-01 13:03:59,242 [INFO] ThirdParty:1030 - CMSIS Pack Vendor :STMicroelectronics lwIP 2.0.3
2024-11-01 13:03:59,242 [INFO] ThirdParty:1030 - CMSIS Pack Vendor :STMicroelectronics FP-SNS-FLIGHT1 5.0.2
2024-11-01 13:03:59,242 [INFO] ThirdParty:1030 - CMSIS Pack Vendor :Cesanta I-CUBE-Mongoose 7.13.0
2024-11-01 13:03:59,242 [INFO] ThirdParty:1030 - CMSIS Pack Vendor :STMicroelectronics USB_HOST 1.0.0
2024-11-01 13:03:59,242 [INFO] ThirdParty:1030 - CMSIS Pack Vendor :STMicroelectronics X-CUBE-AZRTOS-G4 2.0.0
2024-11-01 13:03:59,242 [INFO] ThirdParty:1030 - CMSIS Pack Vendor :STMicroelectronics PDM2PCM 3.1.0
2024-11-01 13:03:59,242 [INFO] ThirdParty:1030 - CMSIS Pack Vendor :STMicroelectronics PDM2PCM 3.3.0
2024-11-01 13:03:59,242 [INFO] ThirdParty:1030 - CMSIS Pack Vendor :STMicroelectronics X-CUBE-DISPLAY 3.0.0
2024-11-01 13:03:59,242 [INFO] ThirdParty:1030 - CMSIS Pack Vendor :RealThread X-CUBE-RT-Thread_Nano 4.1.1
2024-11-01 13:03:59,242 [INFO] ThirdParty:1030 - CMSIS Pack Vendor :STMicroelectronics X-CUBE-BLE1 7.0.0
2024-11-01 13:03:59,242 [INFO] ThirdParty:1030 - CMSIS Pack Vendor :STMicroelectronics FP-ATR-SIGFOX1 3.2.0
2024-11-01 13:03:59,242 [INFO] ThirdParty:1030 - CMSIS Pack Vendor :STMicroelectronics X-CUBE-NFC10 1.0.0
2024-11-01 13:03:59,242 [INFO] ThirdParty:1030 - CMSIS Pack Vendor :wolfSSL I-CUBE-wolfSSL 5.7.2
2024-11-01 13:03:59,242 [INFO] ThirdParty:1030 - CMSIS Pack Vendor :STMicroelectronics X-CUBE-EEPRMA1 5.1.0
2024-11-01 13:03:59,242 [INFO] ThirdParty:1030 - CMSIS Pack Vendor :STMicroelectronics HAL Drivers 0.0.0
2024-11-01 13:03:59,242 [INFO] ThirdParty:1030 - CMSIS Pack Vendor :STMicroelectronics MBEDTLS 2.16.2
2024-11-01 13:03:59,242 [INFO] ThirdParty:1030 - CMSIS Pack Vendor :STMicroelectronics X-CUBE-ALS 1.0.2
2024-11-01 13:03:59,242 [INFO] ThirdParty:1030 - CMSIS Pack Vendor :emotas I-CUBE-CANOPEN 1.3.0
2024-11-01 13:03:59,242 [INFO] ThirdParty:1030 - CMSIS Pack Vendor :STMicroelectronics X-CUBE-NFC7 1.0.1
2024-11-01 13:03:59,242 [INFO] ThirdParty:1030 - CMSIS Pack Vendor :STMicroelectronics MBEDTLS 2.14.1
2024-11-01 13:03:59,242 [INFO] ThirdParty:1030 - CMSIS Pack Vendor :ITTIA_DB I-CUBE-ITTIADB 8.9.0
2024-11-01 13:03:59,242 [INFO] ThirdParty:1030 - CMSIS Pack Vendor :STMicroelectronics X-CUBE-TOUCHGFX 4.24.1
2024-11-01 13:03:59,242 [INFO] ThirdParty:1030 - CMSIS Pack Vendor :wolfSSL I-CUBE-wolfTPM 3.4.0
2024-11-01 13:03:59,243 [INFO] ThirdParty:1030 - CMSIS Pack Vendor :portGmbH I-Cube-SoM-uGOAL 1.1.0
2024-11-01 13:03:59,243 [INFO] ThirdParty:1030 - CMSIS Pack Vendor :STMicroelectronics X-CUBE-BLEMGR 3.1.0
2024-11-01 13:03:59,243 [INFO] ThirdParty:1030 - CMSIS Pack Vendor :STMicroelectronics ThreadX 1.0.0
2024-11-01 13:03:59,243 [INFO] ThirdParty:1030 - CMSIS Pack Vendor :STMicroelectronics FP-SNS-SMARTAG2 1.2.0
2024-11-01 13:03:59,243 [INFO] ThirdParty:1030 - CMSIS Pack Vendor :STMicroelectronics X-CUBE-AZRTOS-WL 2.0.0
2024-11-01 13:03:59,243 [INFO] ThirdParty:1030 - CMSIS Pack Vendor :SEGGER I-CUBE-embOS 1.3.1
2024-11-01 13:03:59,243 [INFO] ThirdParty:1030 - CMSIS Pack Vendor :STMicroelectronics X-CUBE-ALGOBUILD 1.4.0
2024-11-01 13:03:59,243 [INFO] ThirdParty:1030 - CMSIS Pack Vendor :STMicroelectronics FP-SNS-MOTENV1 5.0.0
2024-11-01 13:03:59,243 [INFO] ThirdParty:1030 - CMSIS Pack Vendor :STMicroelectronics USB_DEVICE 1.0.0
2024-11-01 13:03:59,243 [INFO] ThirdParty:1030 - CMSIS Pack Vendor :STMicroelectronics X-CUBE-AZRTOS-H7RS 1.0.0
2024-11-01 13:03:59,243 [INFO] ThirdParty:1030 - CMSIS Pack Vendor :wolfSSL I-CUBE-wolfMQTT 1.19.0
2024-11-01 13:03:59,243 [INFO] ThirdParty:1030 - CMSIS Pack Vendor :STMicroelectronics X-CUBE-AZRTOS-L4 2.0.0
2024-11-01 13:03:59,243 [INFO] ThirdParty:1030 - CMSIS Pack Vendor :STMicroelectronics ThreadX 0.0.2
2024-11-01 13:03:59,243 [INFO] ThirdParty:1030 - CMSIS Pack Vendor :WES I-CUBE-Cesium 1.3.0
2024-11-01 13:03:59,243 [INFO] ThirdParty:1030 - CMSIS Pack Vendor :STMicroelectronics FP-ATR-ASTRA1 2.0.0
2024-11-01 13:03:59,243 [INFO] ThirdParty:1030 - CMSIS Pack Vendor :STMicroelectronics lwIP 2.1.2
2024-11-01 13:03:59,243 [INFO] ThirdParty:1030 - CMSIS Pack Vendor :STMicroelectronics X-CUBE-SFXS2LP1 4.0.0
2024-11-01 13:03:59,243 [INFO] ThirdParty:1030 - CMSIS Pack Vendor :STMicroelectronics X-CUBE-BLE2 3.3.0
2024-11-01 13:03:59,243 [INFO] ThirdParty:1030 - CMSIS Pack Vendor :STMicroelectronics X-CUBE-TOF1 3.4.2
2024-11-01 13:03:59,243 [INFO] ThirdParty:1030 - CMSIS Pack Vendor :STMicroelectronics X-CUBE-AI 9.1.0
2024-11-01 13:03:59,243 [INFO] ThirdParty:1030 - CMSIS Pack Vendor :Infineon AIROC-Wi-Fi-Bluetooth-STM32 1.6.1
2024-11-01 13:03:59,243 [INFO] ThirdParty:1030 - CMSIS Pack Vendor :STMicroelectronics PDM2PCM 3.2.0
2024-11-01 13:03:59,243 [INFO] ThirdParty:1030 - CMSIS Pack Vendor :wolfSSL I-CUBE-wolfSSH 1.4.17
2024-11-01 13:03:59,243 [INFO] ThirdParty:841 - exiting critical section [change project]
2024-11-01 13:03:59,404 [INFO] PinOutPanel:1561 - setPackage(No Configuration,No Configuration)
2024-11-01 13:03:59,405 [INFO] PinOutPanel:1561 - setPackage(STM32L476RGTx,LQFP64)
2024-11-01 13:03:59,589 [INFO] UtilMem:75 - Before build in PCC Used Memory: 297138808 Bytes (680525824)
2024-11-01 13:03:59,831 [INFO] UtilMem:75 - After build in PCC Used Memory: 375782024 Bytes (680525824)
2024-11-01 13:03:59,846 [INFO] IPUIPlugin:80 - create IPUIPlugin
2024-11-01 13:03:59,847 [INFO] IPUIPlugin:80 - create IPUIPlugin
2024-11-01 13:03:59,847 [INFO] IPUIPlugin:80 - create IPUIPlugin
2024-11-01 13:03:59,847 [INFO] IPUIPlugin:80 - create IPUIPlugin
2024-11-01 13:03:59,847 [INFO] IPUIPlugin:80 - create IPUIPlugin
2024-11-01 13:03:59,847 [INFO] IPUIPlugin:80 - create IPUIPlugin
2024-11-01 13:03:59,847 [INFO] IPUIPlugin:80 - create IPUIPlugin
2024-11-01 13:03:59,847 [INFO] IPUIPlugin:80 - create IPUIPlugin
2024-11-01 13:03:59,847 [INFO] IPUIPlugin:80 - create IPUIPlugin
2024-11-01 13:03:59,847 [INFO] IPUIPlugin:80 - create IPUIPlugin
2024-11-01 13:03:59,847 [INFO] IPUIPlugin:80 - create IPUIPlugin
2024-11-01 13:03:59,847 [INFO] IPUIPlugin:80 - create IPUIPlugin
2024-11-01 13:03:59,847 [INFO] IPUIPlugin:80 - create IPUIPlugin
2024-11-01 13:03:59,847 [INFO] IPUIPlugin:80 - create IPUIPlugin
2024-11-01 13:03:59,847 [INFO] IPUIPlugin:80 - create IPUIPlugin
2024-11-01 13:03:59,847 [INFO] IPUIPlugin:80 - create IPUIPlugin
2024-11-01 13:03:59,847 [INFO] IPUIPlugin:80 - create IPUIPlugin
2024-11-01 13:03:59,847 [INFO] IPUIPlugin:80 - create IPUIPlugin
2024-11-01 13:03:59,848 [INFO] IPUIPlugin:80 - create IPUIPlugin
2024-11-01 13:03:59,848 [INFO] IPUIPlugin:80 - create IPUIPlugin
2024-11-01 13:03:59,848 [INFO] IPUIPlugin:80 - create IPUIPlugin
2024-11-01 13:03:59,848 [INFO] IPUIPlugin:80 - create IPUIPlugin
2024-11-01 13:03:59,848 [INFO] IPUIPlugin:80 - create IPUIPlugin
2024-11-01 13:03:59,848 [INFO] IPUIPlugin:80 - create IPUIPlugin
2024-11-01 13:03:59,848 [INFO] IPUIPlugin:80 - create IPUIPlugin
2024-11-01 13:03:59,848 [INFO] IPUIPlugin:80 - create IPUIPlugin
2024-11-01 13:03:59,848 [INFO] IPUIPlugin:80 - create IPUIPlugin
2024-11-01 13:03:59,848 [INFO] IPUIPlugin:80 - create IPUIPlugin
2024-11-01 13:03:59,848 [INFO] IPUIPlugin:80 - create IPUIPlugin
2024-11-01 13:03:59,849 [INFO] IPUIPlugin:80 - create IPUIPlugin
2024-11-01 13:03:59,849 [INFO] IPUIPlugin:80 - create IPUIPlugin
2024-11-01 13:03:59,849 [INFO] IPUIPlugin:80 - create IPUIPlugin
2024-11-01 13:03:59,849 [INFO] IPUIPlugin:80 - create IPUIPlugin
2024-11-01 13:03:59,849 [INFO] IPUIPlugin:80 - create IPUIPlugin
2024-11-01 13:03:59,849 [INFO] IPUIPlugin:80 - create IPUIPlugin
2024-11-01 13:03:59,850 [INFO] IPUIPlugin:80 - create IPUIPlugin
2024-11-01 13:03:59,850 [INFO] IPUIPlugin:80 - create IPUIPlugin
2024-11-01 13:03:59,850 [INFO] IPUIPlugin:80 - create IPUIPlugin
2024-11-01 13:03:59,850 [INFO] IPUIPlugin:80 - create IPUIPlugin
2024-11-01 13:03:59,850 [INFO] IPUIPlugin:80 - create IPUIPlugin
2024-11-01 13:03:59,850 [INFO] IPUIPlugin:80 - create IPUIPlugin
2024-11-01 13:03:59,851 [INFO] IPUIPlugin:80 - create IPUIPlugin
2024-11-01 13:03:59,851 [INFO] IPUIPlugin:80 - create IPUIPlugin
2024-11-01 13:03:59,851 [INFO] IPUIPlugin:80 - create IPUIPlugin
2024-11-01 13:03:59,851 [INFO] IPUIPlugin:80 - create IPUIPlugin
2024-11-01 13:03:59,851 [INFO] IPUIPlugin:80 - create IPUIPlugin
2024-11-01 13:03:59,851 [INFO] IPUIPlugin:80 - create IPUIPlugin
2024-11-01 13:03:59,851 [INFO] IPUIPlugin:80 - create IPUIPlugin
2024-11-01 13:03:59,852 [INFO] IPUIPlugin:80 - create IPUIPlugin
2024-11-01 13:03:59,852 [INFO] IPUIPlugin:80 - create IPUIPlugin
2024-11-01 13:03:59,852 [INFO] IPUIPlugin:80 - create IPUIPlugin
2024-11-01 13:03:59,852 [INFO] IPUIPlugin:80 - create IPUIPlugin
2024-11-01 13:03:59,852 [INFO] IPUIPlugin:80 - create IPUIPlugin
2024-11-01 13:03:59,853 [INFO] IPUIPlugin:80 - create IPUIPlugin
2024-11-01 13:03:59,853 [INFO] IPUIPlugin:80 - create IPUIPlugin
2024-11-01 13:03:59,853 [INFO] IPUIPlugin:80 - create IPUIPlugin
2024-11-01 13:03:59,853 [INFO] IPUIPlugin:80 - create IPUIPlugin
2024-11-01 13:03:59,854 [INFO] IPUIPlugin:80 - create IPUIPlugin
2024-11-01 13:03:59,854 [INFO] IPUIPlugin:80 - create IPUIPlugin
2024-11-01 13:03:59,875 [INFO] CADModel:165 - CPN selected for project levelSTM32L476RGT3
2024-11-01 13:03:59,875 [INFO] CADModel:114 - Register for checkConnection events
2024-11-01 13:03:59,926 [INFO] OpenFileManager:363 - Restore cursor
2024-11-01 15:35:04,149 [ERROR] LogOutputStream:75 - [STDERR_REDIRECT] 
