2024-11-25 13:29:47,333 [INFO] LogOutputStream:77 - [STDOUT_REDIRECT] StartTraceHandler.execute(), success : Collect=true
2024-11-25 14:11:11,078 [INFO] TasksAndQueuesTab:757 - Dynamic
2024-11-25 14:11:11,079 [WARN] TasksAndQueuesTab:763 - 128 128
2024-11-25 14:11:11,079 [WARN] TasksAndQueuesTab:775 - max value is: 1000.0
2024-11-25 14:11:11,079 [INFO] TasksAndQueuesTab:757 - Dynamic
2024-11-25 14:11:11,079 [WARN] TasksAndQueuesTab:763 - 128 128
2024-11-25 14:11:11,079 [WARN] TasksAndQueuesTab:775 - max value is: 1000.0
2024-11-25 14:11:11,079 [INFO] TasksAndQueuesTab:757 - Dynamic
2024-11-25 14:11:11,079 [WARN] TasksAndQueuesTab:763 - 128 128
2024-11-25 14:11:11,079 [WARN] TasksAndQueuesTab:775 - max value is: 1000.0
2024-11-25 14:11:11,079 [INFO] TasksAndQueuesTab:757 - Dynamic
2024-11-25 14:11:11,079 [WARN] TasksAndQueuesTab:763 - 128 128
2024-11-25 14:11:11,079 [WARN] TasksAndQueuesTab:775 - max value is: 1000.0
2024-11-25 14:11:46,128 [INFO] EditThreadDialog:704 - RAM SIZE (in KB): 128
2024-11-25 14:11:46,128 [INFO] EditThreadDialog:706 - RAM SIZE (in words): 32768
2024-11-25 14:11:59,733 [INFO] TasksAndQueuesTab:757 - Dynamic
2024-11-25 14:11:59,733 [WARN] TasksAndQueuesTab:763 - 128 128
2024-11-25 14:11:59,733 [WARN] TasksAndQueuesTab:775 - max value is: 1000.0
2024-11-25 14:11:59,733 [INFO] TasksAndQueuesTab:757 - Dynamic
2024-11-25 14:11:59,733 [WARN] TasksAndQueuesTab:763 - 128 128
2024-11-25 14:11:59,733 [WARN] TasksAndQueuesTab:775 - max value is: 1000.0
2024-11-25 14:11:59,733 [INFO] TasksAndQueuesTab:757 - Dynamic
2024-11-25 14:11:59,733 [WARN] TasksAndQueuesTab:763 - 128 128
2024-11-25 14:11:59,733 [WARN] TasksAndQueuesTab:775 - max value is: 1000.0
2024-11-25 14:11:59,733 [INFO] TasksAndQueuesTab:757 - Dynamic
2024-11-25 14:11:59,733 [WARN] TasksAndQueuesTab:763 - 128 128
2024-11-25 14:11:59,733 [WARN] TasksAndQueuesTab:775 - max value is: 1000.0
2024-11-25 14:12:01,222 [INFO] EditThreadDialog:704 - RAM SIZE (in KB): 128
2024-11-25 14:12:01,222 [INFO] EditThreadDialog:706 - RAM SIZE (in words): 32768
2024-11-25 14:12:12,016 [INFO] EditThreadDialog:704 - RAM SIZE (in KB): 128
2024-11-25 14:12:12,017 [INFO] EditThreadDialog:706 - RAM SIZE (in words): 32768
2024-11-25 14:12:19,379 [INFO] TasksAndQueuesTab:757 - Dynamic
2024-11-25 14:12:19,380 [WARN] TasksAndQueuesTab:763 - 128 128
2024-11-25 14:12:19,380 [WARN] TasksAndQueuesTab:775 - max value is: 1000.0
2024-11-25 14:12:19,380 [INFO] TasksAndQueuesTab:757 - Dynamic
2024-11-25 14:12:19,380 [WARN] TasksAndQueuesTab:763 - 128 128
2024-11-25 14:12:19,380 [WARN] TasksAndQueuesTab:775 - max value is: 1000.0
2024-11-25 14:12:19,380 [INFO] TasksAndQueuesTab:757 - Dynamic
2024-11-25 14:12:19,380 [WARN] TasksAndQueuesTab:763 - 128 128
2024-11-25 14:12:19,380 [WARN] TasksAndQueuesTab:775 - max value is: 1000.0
2024-11-25 14:12:19,380 [INFO] TasksAndQueuesTab:757 - Dynamic
2024-11-25 14:12:19,380 [WARN] TasksAndQueuesTab:763 - 128 128
2024-11-25 14:12:19,380 [WARN] TasksAndQueuesTab:775 - max value is: 1000.0
2024-11-25 14:12:28,205 [INFO] UtilMem:75 - End SaveConfig() Used Memory: 449007416 Bytes (862978048)
2024-11-25 14:12:30,249 [INFO] UtilMem:75 - End SaveConfig() Used Memory: 547573560 Bytes (862978048)
2024-11-25 14:12:30,465 [INFO] BlockDiagram:2766 - set Specific Code input for plugin: FREERTOS
2024-11-25 14:12:30,465 [INFO] BlockDiagram:2766 - set Specific Code input for plugin: SYS
2024-11-25 14:12:30,465 [INFO] BlockDiagram:2766 - set Specific Code input for plugin: RCC
2024-11-25 14:12:30,465 [INFO] BlockDiagram:2766 - set Specific Code input for plugin: NVIC
2024-11-25 14:12:30,465 [INFO] BlockDiagram:2766 - set Specific Code input for plugin: USART
2024-11-25 14:12:30,465 [INFO] BlockDiagram:2766 - set Specific Code input for plugin: GPIO
2024-11-25 14:12:30,468 [INFO] CodeGenerator:807 - code generatio: config db path: C:\ST\STM32CubeIDE_1.16.1\STM32CubeIDE\plugins\com.st.stm32cube.common.mx_6.12.1.202409122256\\db\
2024-11-25 14:12:30,672 [INFO] CodeEngine:255 - oldGeneratedFile, C:\Users\erik\Documents\GitHub\IS1300-Embedded_Systems\RTOS_LAB_TASK_1\MXTmpFiles\license.tmp_save
2024-11-25 14:12:30,836 [INFO] CodeEngine:279 - Generated code: C:\Users\erik\Documents\GitHub\IS1300-Embedded_Systems\RTOS_LAB_TASK_1\MXTmpFiles\license.tmp
2024-11-25 14:12:30,936 [INFO] CodeEngine:255 - oldGeneratedFile, C:\Users\erik\Documents\GitHub\IS1300-Embedded_Systems\RTOS_LAB_TASK_1\Core\Src\gpio.c_save
2024-11-25 14:12:31,059 [INFO] CodeEngine:279 - Generated code: C:\Users\erik\Documents\GitHub\IS1300-Embedded_Systems\RTOS_LAB_TASK_1\Core\Src\gpio.c
2024-11-25 14:12:31,104 [INFO] CodeEngine:255 - oldGeneratedFile, C:\Users\erik\Documents\GitHub\IS1300-Embedded_Systems\RTOS_LAB_TASK_1\Core\Inc\gpio.h_save
2024-11-25 14:12:31,227 [INFO] CodeEngine:279 - Generated code: C:\Users\erik\Documents\GitHub\IS1300-Embedded_Systems\RTOS_LAB_TASK_1\Core\Inc\gpio.h
2024-11-25 14:12:31,427 [INFO] Middleware:1439 - No code input for Bsp Dependency
2024-11-25 14:12:31,447 [INFO] CodeEngine:255 - oldGeneratedFile, C:\Users\erik\Documents\GitHub\IS1300-Embedded_Systems\RTOS_LAB_TASK_1\MXTmpFiles\rtos_inc.tmp_save
2024-11-25 14:12:31,564 [INFO] CodeEngine:279 - Generated code: C:\Users\erik\Documents\GitHub\IS1300-Embedded_Systems\RTOS_LAB_TASK_1\MXTmpFiles\rtos_inc.tmp
2024-11-25 14:12:31,588 [INFO] CodeEngine:255 - oldGeneratedFile, C:\Users\erik\Documents\GitHub\IS1300-Embedded_Systems\RTOS_LAB_TASK_1\MXTmpFiles\rtos_kernelInit.tmp_save
2024-11-25 14:12:31,686 [INFO] CodeEngine:279 - Generated code: C:\Users\erik\Documents\GitHub\IS1300-Embedded_Systems\RTOS_LAB_TASK_1\MXTmpFiles\rtos_kernelInit.tmp
2024-11-25 14:12:31,703 [INFO] CodeEngine:255 - oldGeneratedFile, C:\Users\erik\Documents\GitHub\IS1300-Embedded_Systems\RTOS_LAB_TASK_1\MXTmpFiles\rtos_kernelStart.tmp_save
2024-11-25 14:12:31,790 [INFO] CodeEngine:279 - Generated code: C:\Users\erik\Documents\GitHub\IS1300-Embedded_Systems\RTOS_LAB_TASK_1\MXTmpFiles\rtos_kernelStart.tmp
2024-11-25 14:12:31,809 [INFO] CodeEngine:255 - oldGeneratedFile, C:\Users\erik\Documents\GitHub\IS1300-Embedded_Systems\RTOS_LAB_TASK_1\MXTmpFiles\rtos_typedefs.tmp_save
2024-11-25 14:12:31,889 [INFO] CodeEngine:279 - Generated code: C:\Users\erik\Documents\GitHub\IS1300-Embedded_Systems\RTOS_LAB_TASK_1\MXTmpFiles\rtos_typedefs.tmp
2024-11-25 14:12:31,909 [INFO] CodeEngine:255 - oldGeneratedFile, C:\Users\erik\Documents\GitHub\IS1300-Embedded_Systems\RTOS_LAB_TASK_1\MXTmpFiles\rtos_vars.tmp_save
2024-11-25 14:12:32,018 [INFO] CodeEngine:279 - Generated code: C:\Users\erik\Documents\GitHub\IS1300-Embedded_Systems\RTOS_LAB_TASK_1\MXTmpFiles\rtos_vars.tmp
2024-11-25 14:12:32,051 [INFO] CodeEngine:255 - oldGeneratedFile, C:\Users\erik\Documents\GitHub\IS1300-Embedded_Systems\RTOS_LAB_TASK_1\MXTmpFiles\rtos_pfp.tmp_save
2024-11-25 14:12:32,159 [INFO] CodeEngine:279 - Generated code: C:\Users\erik\Documents\GitHub\IS1300-Embedded_Systems\RTOS_LAB_TASK_1\MXTmpFiles\rtos_pfp.tmp
2024-11-25 14:12:32,188 [INFO] CodeEngine:255 - oldGeneratedFile, C:\Users\erik\Documents\GitHub\IS1300-Embedded_Systems\RTOS_LAB_TASK_1\MXTmpFiles\rtos_obj_creat.tmp_save
2024-11-25 14:12:32,298 [INFO] CodeEngine:279 - Generated code: C:\Users\erik\Documents\GitHub\IS1300-Embedded_Systems\RTOS_LAB_TASK_1\MXTmpFiles\rtos_obj_creat.tmp
2024-11-25 14:12:32,326 [INFO] CodeEngine:255 - oldGeneratedFile, C:\Users\erik\Documents\GitHub\IS1300-Embedded_Systems\RTOS_LAB_TASK_1\MXTmpFiles\rtos_default_thread.tmp_save
2024-11-25 14:12:32,433 [INFO] CodeEngine:279 - Generated code: C:\Users\erik\Documents\GitHub\IS1300-Embedded_Systems\RTOS_LAB_TASK_1\MXTmpFiles\rtos_default_thread.tmp
2024-11-25 14:12:32,467 [INFO] CodeEngine:255 - oldGeneratedFile, C:\Users\erik\Documents\GitHub\IS1300-Embedded_Systems\RTOS_LAB_TASK_1\MXTmpFiles\rtos_threads.tmp_save
2024-11-25 14:12:32,575 [INFO] CodeEngine:279 - Generated code: C:\Users\erik\Documents\GitHub\IS1300-Embedded_Systems\RTOS_LAB_TASK_1\MXTmpFiles\rtos_threads.tmp
2024-11-25 14:12:32,587 [INFO] Middleware:1439 - No code input for Bsp Dependency
2024-11-25 14:12:32,597 [INFO] CodeEngine:255 - oldGeneratedFile, C:\Users\erik\Documents\GitHub\IS1300-Embedded_Systems\RTOS_LAB_TASK_1\MXTmpFiles\rtos_inc.tmp_save
2024-11-25 14:12:32,695 [INFO] CodeEngine:279 - Generated code: C:\Users\erik\Documents\GitHub\IS1300-Embedded_Systems\RTOS_LAB_TASK_1\MXTmpFiles\rtos_inc.tmp
2024-11-25 14:12:32,701 [INFO] CodeEngine:255 - oldGeneratedFile, C:\Users\erik\Documents\GitHub\IS1300-Embedded_Systems\RTOS_LAB_TASK_1\MXTmpFiles\rtos_kernelInit.tmp_save
2024-11-25 14:12:32,766 [INFO] CodeEngine:279 - Generated code: C:\Users\erik\Documents\GitHub\IS1300-Embedded_Systems\RTOS_LAB_TASK_1\MXTmpFiles\rtos_kernelInit.tmp
2024-11-25 14:12:32,773 [INFO] CodeEngine:255 - oldGeneratedFile, C:\Users\erik\Documents\GitHub\IS1300-Embedded_Systems\RTOS_LAB_TASK_1\MXTmpFiles\rtos_kernelStart.tmp_save
2024-11-25 14:12:32,835 [INFO] CodeEngine:279 - Generated code: C:\Users\erik\Documents\GitHub\IS1300-Embedded_Systems\RTOS_LAB_TASK_1\MXTmpFiles\rtos_kernelStart.tmp
2024-11-25 14:12:32,843 [INFO] CodeEngine:255 - oldGeneratedFile, C:\Users\erik\Documents\GitHub\IS1300-Embedded_Systems\RTOS_LAB_TASK_1\MXTmpFiles\rtos_typedefs.tmp_save
2024-11-25 14:12:32,903 [INFO] CodeEngine:279 - Generated code: C:\Users\erik\Documents\GitHub\IS1300-Embedded_Systems\RTOS_LAB_TASK_1\MXTmpFiles\rtos_typedefs.tmp
2024-11-25 14:12:32,921 [INFO] CodeEngine:255 - oldGeneratedFile, C:\Users\erik\Documents\GitHub\IS1300-Embedded_Systems\RTOS_LAB_TASK_1\MXTmpFiles\rtos_vars.tmp_save
2024-11-25 14:12:32,986 [INFO] CodeEngine:279 - Generated code: C:\Users\erik\Documents\GitHub\IS1300-Embedded_Systems\RTOS_LAB_TASK_1\MXTmpFiles\rtos_vars.tmp
2024-11-25 14:12:32,992 [INFO] CodeEngine:255 - oldGeneratedFile, C:\Users\erik\Documents\GitHub\IS1300-Embedded_Systems\RTOS_LAB_TASK_1\MXTmpFiles\rtos_pfp.tmp_save
2024-11-25 14:12:33,053 [INFO] CodeEngine:279 - Generated code: C:\Users\erik\Documents\GitHub\IS1300-Embedded_Systems\RTOS_LAB_TASK_1\MXTmpFiles\rtos_pfp.tmp
2024-11-25 14:12:33,074 [INFO] CodeEngine:255 - oldGeneratedFile, C:\Users\erik\Documents\GitHub\IS1300-Embedded_Systems\RTOS_LAB_TASK_1\MXTmpFiles\rtos_obj_creat.tmp_save
2024-11-25 14:12:33,148 [INFO] CodeEngine:279 - Generated code: C:\Users\erik\Documents\GitHub\IS1300-Embedded_Systems\RTOS_LAB_TASK_1\MXTmpFiles\rtos_obj_creat.tmp
2024-11-25 14:12:33,173 [INFO] CodeEngine:255 - oldGeneratedFile, C:\Users\erik\Documents\GitHub\IS1300-Embedded_Systems\RTOS_LAB_TASK_1\MXTmpFiles\rtos_default_thread.tmp_save
2024-11-25 14:12:33,231 [INFO] CodeEngine:279 - Generated code: C:\Users\erik\Documents\GitHub\IS1300-Embedded_Systems\RTOS_LAB_TASK_1\MXTmpFiles\rtos_default_thread.tmp
2024-11-25 14:12:33,238 [INFO] CodeEngine:255 - oldGeneratedFile, C:\Users\erik\Documents\GitHub\IS1300-Embedded_Systems\RTOS_LAB_TASK_1\MXTmpFiles\rtos_threads.tmp_save
2024-11-25 14:12:33,297 [INFO] CodeEngine:279 - Generated code: C:\Users\erik\Documents\GitHub\IS1300-Embedded_Systems\RTOS_LAB_TASK_1\MXTmpFiles\rtos_threads.tmp
2024-11-25 14:12:33,339 [INFO] CodeEngine:255 - oldGeneratedFile, C:\Users\erik\Documents\GitHub\IS1300-Embedded_Systems\RTOS_LAB_TASK_1\Core\Inc\FreeRTOSConfig.h_save
2024-11-25 14:12:33,446 [INFO] CodeEngine:279 - Generated code: C:\Users\erik\Documents\GitHub\IS1300-Embedded_Systems\RTOS_LAB_TASK_1\Core\Inc\FreeRTOSConfig.h
2024-11-25 14:12:33,490 [INFO] CodeEngine:255 - oldGeneratedFile, C:\Users\erik\Documents\GitHub\IS1300-Embedded_Systems\RTOS_LAB_TASK_1\Core\Src\freertos.c_save
2024-11-25 14:12:33,607 [INFO] CodeEngine:279 - Generated code: C:\Users\erik\Documents\GitHub\IS1300-Embedded_Systems\RTOS_LAB_TASK_1\Core\Src\freertos.c
2024-11-25 14:12:33,664 [INFO] CodeEngine:255 - oldGeneratedFile, C:\Users\erik\Documents\GitHub\IS1300-Embedded_Systems\RTOS_LAB_TASK_1\Core\Src\usart.c_save
2024-11-25 14:12:33,785 [INFO] CodeEngine:279 - Generated code: C:\Users\erik\Documents\GitHub\IS1300-Embedded_Systems\RTOS_LAB_TASK_1\Core\Src\usart.c
2024-11-25 14:12:33,821 [INFO] CodeEngine:255 - oldGeneratedFile, C:\Users\erik\Documents\GitHub\IS1300-Embedded_Systems\RTOS_LAB_TASK_1\Core\Inc\usart.h_save
2024-11-25 14:12:33,922 [INFO] CodeEngine:279 - Generated code: C:\Users\erik\Documents\GitHub\IS1300-Embedded_Systems\RTOS_LAB_TASK_1\Core\Inc\usart.h
2024-11-25 14:12:33,955 [INFO] CodeEngine:255 - oldGeneratedFile, C:\Users\erik\Documents\GitHub\IS1300-Embedded_Systems\RTOS_LAB_TASK_1\Core\Src\stm32l4xx_it.c_save
2024-11-25 14:12:34,126 [INFO] CodeEngine:279 - Generated code: C:\Users\erik\Documents\GitHub\IS1300-Embedded_Systems\RTOS_LAB_TASK_1\Core\Src\stm32l4xx_it.c
2024-11-25 14:12:34,166 [INFO] CodeEngine:255 - oldGeneratedFile, C:\Users\erik\Documents\GitHub\IS1300-Embedded_Systems\RTOS_LAB_TASK_1\Core\Inc\stm32l4xx_it.h_save
2024-11-25 14:12:34,266 [INFO] CodeEngine:279 - Generated code: C:\Users\erik\Documents\GitHub\IS1300-Embedded_Systems\RTOS_LAB_TASK_1\Core\Inc\stm32l4xx_it.h
2024-11-25 14:12:34,473 [INFO] CodeEngine:255 - oldGeneratedFile, C:\Users\erik\Documents\GitHub\IS1300-Embedded_Systems\RTOS_LAB_TASK_1\Core\Src\stm32l4xx_hal_msp.c_save
2024-11-25 14:12:34,569 [INFO] CodeEngine:279 - Generated code: C:\Users\erik\Documents\GitHub\IS1300-Embedded_Systems\RTOS_LAB_TASK_1\Core\Src\stm32l4xx_hal_msp.c
2024-11-25 14:12:34,591 [INFO] CodeEngine:255 - oldGeneratedFile, C:\Users\erik\Documents\GitHub\IS1300-Embedded_Systems\RTOS_LAB_TASK_1\MXTmpFiles\system.tmp_save
2024-11-25 14:12:34,657 [INFO] CodeEngine:279 - Generated code: C:\Users\erik\Documents\GitHub\IS1300-Embedded_Systems\RTOS_LAB_TASK_1\MXTmpFiles\system.tmp
2024-11-25 14:12:34,687 [INFO] CodeEngine:255 - oldGeneratedFile, C:\Users\erik\Documents\GitHub\IS1300-Embedded_Systems\RTOS_LAB_TASK_1\Core\Src\stm32l4xx_hal_timebase_tim.c_save
2024-11-25 14:12:34,774 [INFO] CodeEngine:279 - Generated code: C:\Users\erik\Documents\GitHub\IS1300-Embedded_Systems\RTOS_LAB_TASK_1\Core\Src\stm32l4xx_hal_timebase_tim.c
2024-11-25 14:12:34,822 [INFO] CodeEngine:311 - oldGeneratedFile, C:\Users\erik\Documents\GitHub\IS1300-Embedded_Systems\RTOS_LAB_TASK_1\Core\Inc\stm32l4xx_hal_conf.h_save
2024-11-25 14:12:34,912 [INFO] CodeEngine:335 - Generated code: C:\Users\erik\Documents\GitHub\IS1300-Embedded_Systems\RTOS_LAB_TASK_1\Core\Inc\stm32l4xx_hal_conf.h
2024-11-25 14:12:34,983 [INFO] CodeEngine:255 - oldGeneratedFile, C:\Users\erik\Documents\GitHub\IS1300-Embedded_Systems\RTOS_LAB_TASK_1\Core\Inc\main.h_save
2024-11-25 14:12:35,080 [INFO] CodeEngine:279 - Generated code: C:\Users\erik\Documents\GitHub\IS1300-Embedded_Systems\RTOS_LAB_TASK_1\Core\Inc\main.h
2024-11-25 14:12:35,113 [INFO] CodeEngine:255 - oldGeneratedFile, C:\Users\erik\Documents\GitHub\IS1300-Embedded_Systems\RTOS_LAB_TASK_1\Core\Src\main.c_save
2024-11-25 14:12:35,207 [INFO] CodeEngine:279 - Generated code: C:\Users\erik\Documents\GitHub\IS1300-Embedded_Systems\RTOS_LAB_TASK_1\Core\Src\main.c
2024-11-25 14:12:35,717 [INFO] ProjectBuilder:3249 - Time for Copy HAL[1] : 323mS.
2024-11-25 14:12:35,722 [INFO] ProjectBuilder:4828 - Project Generator version: 4.5.0-B34
2024-11-25 14:12:35,805 [INFO] ConfigFileManager:1531 - The Die is : DIE415
2024-11-25 14:12:36,639 [INFO] ProjectBuilder:5097 - Time for Generating toolchain IDE Files: 916mS.
2024-11-25 14:12:36,640 [INFO] ProjectBuilder:3107 - Time for Copy CMSIS : 1mS.
2024-11-25 14:12:36,645 [INFO] ProjectBuilder:3107 - Time for Copy CMSIS : 0mS.
2024-11-25 14:19:22,331 [INFO] EditThreadDialog:704 - RAM SIZE (in KB): 128
2024-11-25 14:19:22,331 [INFO] EditThreadDialog:706 - RAM SIZE (in words): 32768
2024-11-25 14:19:30,418 [INFO] TasksAndQueuesTab:757 - Dynamic
2024-11-25 14:19:30,418 [WARN] TasksAndQueuesTab:763 - 128 128
2024-11-25 14:19:30,418 [WARN] TasksAndQueuesTab:775 - max value is: 1000.0
2024-11-25 14:19:30,418 [INFO] TasksAndQueuesTab:757 - Dynamic
2024-11-25 14:19:30,418 [WARN] TasksAndQueuesTab:763 - 128 128
2024-11-25 14:19:30,418 [WARN] TasksAndQueuesTab:775 - max value is: 1000.0
2024-11-25 14:19:30,418 [INFO] TasksAndQueuesTab:757 - Dynamic
2024-11-25 14:19:30,418 [WARN] TasksAndQueuesTab:763 - 128 128
2024-11-25 14:19:30,418 [WARN] TasksAndQueuesTab:775 - max value is: 1000.0
2024-11-25 14:19:30,418 [INFO] TasksAndQueuesTab:757 - Dynamic
2024-11-25 14:19:30,418 [WARN] TasksAndQueuesTab:763 - 128 128
2024-11-25 14:19:30,418 [WARN] TasksAndQueuesTab:775 - max value is: 1000.0
2024-11-25 14:19:31,403 [INFO] EditThreadDialog:704 - RAM SIZE (in KB): 128
2024-11-25 14:19:31,403 [INFO] EditThreadDialog:706 - RAM SIZE (in words): 32768
2024-11-25 14:19:40,464 [INFO] TasksAndQueuesTab:757 - Dynamic
2024-11-25 14:19:40,464 [WARN] TasksAndQueuesTab:763 - 128 128
2024-11-25 14:19:40,464 [WARN] TasksAndQueuesTab:775 - max value is: 1000.0
2024-11-25 14:19:40,464 [INFO] TasksAndQueuesTab:757 - Dynamic
2024-11-25 14:19:40,464 [WARN] TasksAndQueuesTab:763 - 128 128
2024-11-25 14:19:40,464 [WARN] TasksAndQueuesTab:775 - max value is: 1000.0
2024-11-25 14:19:40,464 [INFO] TasksAndQueuesTab:757 - Dynamic
2024-11-25 14:19:40,464 [WARN] TasksAndQueuesTab:763 - 128 128
2024-11-25 14:19:40,464 [WARN] TasksAndQueuesTab:775 - max value is: 1000.0
2024-11-25 14:19:40,464 [INFO] TasksAndQueuesTab:757 - Dynamic
2024-11-25 14:19:40,464 [WARN] TasksAndQueuesTab:763 - 128 128
2024-11-25 14:19:40,464 [WARN] TasksAndQueuesTab:775 - max value is: 1000.0
2024-11-25 14:19:50,424 [INFO] UtilMem:75 - End SaveConfig() Used Memory: 341009176 Bytes (862978048)
2024-11-25 14:19:52,768 [INFO] UtilMem:75 - End SaveConfig() Used Memory: 382952216 Bytes (862978048)
2024-11-25 14:19:52,930 [INFO] BlockDiagram:2766 - set Specific Code input for plugin: FREERTOS
2024-11-25 14:19:52,930 [INFO] BlockDiagram:2766 - set Specific Code input for plugin: SYS
2024-11-25 14:19:52,930 [INFO] BlockDiagram:2766 - set Specific Code input for plugin: RCC
2024-11-25 14:19:52,930 [INFO] BlockDiagram:2766 - set Specific Code input for plugin: NVIC
2024-11-25 14:19:52,930 [INFO] BlockDiagram:2766 - set Specific Code input for plugin: USART
2024-11-25 14:19:52,930 [INFO] BlockDiagram:2766 - set Specific Code input for plugin: GPIO
2024-11-25 14:19:52,931 [INFO] CodeGenerator:807 - code generatio: config db path: C:\ST\STM32CubeIDE_1.16.1\STM32CubeIDE\plugins\com.st.stm32cube.common.mx_6.12.1.202409122256\\db\
2024-11-25 14:19:53,046 [INFO] CodeEngine:255 - oldGeneratedFile, C:\Users\erik\Documents\GitHub\IS1300-Embedded_Systems\RTOS_LAB_TASK_1\MXTmpFiles\license.tmp_save
2024-11-25 14:19:53,158 [INFO] CodeEngine:279 - Generated code: C:\Users\erik\Documents\GitHub\IS1300-Embedded_Systems\RTOS_LAB_TASK_1\MXTmpFiles\license.tmp
2024-11-25 14:19:53,199 [INFO] CodeEngine:255 - oldGeneratedFile, C:\Users\erik\Documents\GitHub\IS1300-Embedded_Systems\RTOS_LAB_TASK_1\Core\Src\gpio.c_save
2024-11-25 14:19:53,284 [INFO] CodeEngine:279 - Generated code: C:\Users\erik\Documents\GitHub\IS1300-Embedded_Systems\RTOS_LAB_TASK_1\Core\Src\gpio.c
2024-11-25 14:19:53,294 [INFO] CodeEngine:255 - oldGeneratedFile, C:\Users\erik\Documents\GitHub\IS1300-Embedded_Systems\RTOS_LAB_TASK_1\Core\Inc\gpio.h_save
2024-11-25 14:19:53,383 [INFO] CodeEngine:279 - Generated code: C:\Users\erik\Documents\GitHub\IS1300-Embedded_Systems\RTOS_LAB_TASK_1\Core\Inc\gpio.h
2024-11-25 14:19:53,480 [INFO] Middleware:1439 - No code input for Bsp Dependency
2024-11-25 14:19:53,488 [INFO] CodeEngine:255 - oldGeneratedFile, C:\Users\erik\Documents\GitHub\IS1300-Embedded_Systems\RTOS_LAB_TASK_1\MXTmpFiles\rtos_inc.tmp_save
2024-11-25 14:19:53,600 [INFO] CodeEngine:279 - Generated code: C:\Users\erik\Documents\GitHub\IS1300-Embedded_Systems\RTOS_LAB_TASK_1\MXTmpFiles\rtos_inc.tmp
2024-11-25 14:19:53,604 [INFO] CodeEngine:255 - oldGeneratedFile, C:\Users\erik\Documents\GitHub\IS1300-Embedded_Systems\RTOS_LAB_TASK_1\MXTmpFiles\rtos_kernelInit.tmp_save
2024-11-25 14:19:53,685 [INFO] CodeEngine:279 - Generated code: C:\Users\erik\Documents\GitHub\IS1300-Embedded_Systems\RTOS_LAB_TASK_1\MXTmpFiles\rtos_kernelInit.tmp
2024-11-25 14:19:53,690 [INFO] CodeEngine:255 - oldGeneratedFile, C:\Users\erik\Documents\GitHub\IS1300-Embedded_Systems\RTOS_LAB_TASK_1\MXTmpFiles\rtos_kernelStart.tmp_save
2024-11-25 14:19:53,778 [INFO] CodeEngine:279 - Generated code: C:\Users\erik\Documents\GitHub\IS1300-Embedded_Systems\RTOS_LAB_TASK_1\MXTmpFiles\rtos_kernelStart.tmp
2024-11-25 14:19:53,782 [INFO] CodeEngine:255 - oldGeneratedFile, C:\Users\erik\Documents\GitHub\IS1300-Embedded_Systems\RTOS_LAB_TASK_1\MXTmpFiles\rtos_typedefs.tmp_save
2024-11-25 14:19:53,856 [INFO] CodeEngine:279 - Generated code: C:\Users\erik\Documents\GitHub\IS1300-Embedded_Systems\RTOS_LAB_TASK_1\MXTmpFiles\rtos_typedefs.tmp
2024-11-25 14:19:53,861 [INFO] CodeEngine:255 - oldGeneratedFile, C:\Users\erik\Documents\GitHub\IS1300-Embedded_Systems\RTOS_LAB_TASK_1\MXTmpFiles\rtos_vars.tmp_save
2024-11-25 14:19:53,970 [INFO] CodeEngine:279 - Generated code: C:\Users\erik\Documents\GitHub\IS1300-Embedded_Systems\RTOS_LAB_TASK_1\MXTmpFiles\rtos_vars.tmp
2024-11-25 14:19:53,974 [INFO] CodeEngine:255 - oldGeneratedFile, C:\Users\erik\Documents\GitHub\IS1300-Embedded_Systems\RTOS_LAB_TASK_1\MXTmpFiles\rtos_pfp.tmp_save
2024-11-25 14:19:54,047 [INFO] CodeEngine:279 - Generated code: C:\Users\erik\Documents\GitHub\IS1300-Embedded_Systems\RTOS_LAB_TASK_1\MXTmpFiles\rtos_pfp.tmp
2024-11-25 14:19:54,050 [INFO] CodeEngine:255 - oldGeneratedFile, C:\Users\erik\Documents\GitHub\IS1300-Embedded_Systems\RTOS_LAB_TASK_1\MXTmpFiles\rtos_obj_creat.tmp_save
2024-11-25 14:19:54,171 [INFO] CodeEngine:279 - Generated code: C:\Users\erik\Documents\GitHub\IS1300-Embedded_Systems\RTOS_LAB_TASK_1\MXTmpFiles\rtos_obj_creat.tmp
2024-11-25 14:19:54,175 [INFO] CodeEngine:255 - oldGeneratedFile, C:\Users\erik\Documents\GitHub\IS1300-Embedded_Systems\RTOS_LAB_TASK_1\MXTmpFiles\rtos_default_thread.tmp_save
2024-11-25 14:19:54,275 [INFO] CodeEngine:279 - Generated code: C:\Users\erik\Documents\GitHub\IS1300-Embedded_Systems\RTOS_LAB_TASK_1\MXTmpFiles\rtos_default_thread.tmp
2024-11-25 14:19:54,281 [INFO] CodeEngine:255 - oldGeneratedFile, C:\Users\erik\Documents\GitHub\IS1300-Embedded_Systems\RTOS_LAB_TASK_1\MXTmpFiles\rtos_threads.tmp_save
2024-11-25 14:19:54,357 [INFO] CodeEngine:279 - Generated code: C:\Users\erik\Documents\GitHub\IS1300-Embedded_Systems\RTOS_LAB_TASK_1\MXTmpFiles\rtos_threads.tmp
2024-11-25 14:19:54,371 [INFO] Middleware:1439 - No code input for Bsp Dependency
2024-11-25 14:19:54,382 [INFO] CodeEngine:255 - oldGeneratedFile, C:\Users\erik\Documents\GitHub\IS1300-Embedded_Systems\RTOS_LAB_TASK_1\MXTmpFiles\rtos_inc.tmp_save
2024-11-25 14:19:54,473 [INFO] CodeEngine:279 - Generated code: C:\Users\erik\Documents\GitHub\IS1300-Embedded_Systems\RTOS_LAB_TASK_1\MXTmpFiles\rtos_inc.tmp
2024-11-25 14:19:54,479 [INFO] CodeEngine:255 - oldGeneratedFile, C:\Users\erik\Documents\GitHub\IS1300-Embedded_Systems\RTOS_LAB_TASK_1\MXTmpFiles\rtos_kernelInit.tmp_save
2024-11-25 14:19:54,546 [INFO] CodeEngine:279 - Generated code: C:\Users\erik\Documents\GitHub\IS1300-Embedded_Systems\RTOS_LAB_TASK_1\MXTmpFiles\rtos_kernelInit.tmp
2024-11-25 14:19:54,554 [INFO] CodeEngine:255 - oldGeneratedFile, C:\Users\erik\Documents\GitHub\IS1300-Embedded_Systems\RTOS_LAB_TASK_1\MXTmpFiles\rtos_kernelStart.tmp_save
2024-11-25 14:19:54,623 [INFO] CodeEngine:279 - Generated code: C:\Users\erik\Documents\GitHub\IS1300-Embedded_Systems\RTOS_LAB_TASK_1\MXTmpFiles\rtos_kernelStart.tmp
2024-11-25 14:19:54,630 [INFO] CodeEngine:255 - oldGeneratedFile, C:\Users\erik\Documents\GitHub\IS1300-Embedded_Systems\RTOS_LAB_TASK_1\MXTmpFiles\rtos_typedefs.tmp_save
2024-11-25 14:19:54,701 [INFO] CodeEngine:279 - Generated code: C:\Users\erik\Documents\GitHub\IS1300-Embedded_Systems\RTOS_LAB_TASK_1\MXTmpFiles\rtos_typedefs.tmp
2024-11-25 14:19:54,720 [INFO] CodeEngine:255 - oldGeneratedFile, C:\Users\erik\Documents\GitHub\IS1300-Embedded_Systems\RTOS_LAB_TASK_1\MXTmpFiles\rtos_vars.tmp_save
2024-11-25 14:19:54,794 [INFO] CodeEngine:279 - Generated code: C:\Users\erik\Documents\GitHub\IS1300-Embedded_Systems\RTOS_LAB_TASK_1\MXTmpFiles\rtos_vars.tmp
2024-11-25 14:19:54,801 [INFO] CodeEngine:255 - oldGeneratedFile, C:\Users\erik\Documents\GitHub\IS1300-Embedded_Systems\RTOS_LAB_TASK_1\MXTmpFiles\rtos_pfp.tmp_save
2024-11-25 14:19:54,867 [INFO] CodeEngine:279 - Generated code: C:\Users\erik\Documents\GitHub\IS1300-Embedded_Systems\RTOS_LAB_TASK_1\MXTmpFiles\rtos_pfp.tmp
2024-11-25 14:19:54,885 [INFO] CodeEngine:255 - oldGeneratedFile, C:\Users\erik\Documents\GitHub\IS1300-Embedded_Systems\RTOS_LAB_TASK_1\MXTmpFiles\rtos_obj_creat.tmp_save
2024-11-25 14:19:54,964 [INFO] CodeEngine:279 - Generated code: C:\Users\erik\Documents\GitHub\IS1300-Embedded_Systems\RTOS_LAB_TASK_1\MXTmpFiles\rtos_obj_creat.tmp
2024-11-25 14:19:54,991 [INFO] CodeEngine:255 - oldGeneratedFile, C:\Users\erik\Documents\GitHub\IS1300-Embedded_Systems\RTOS_LAB_TASK_1\MXTmpFiles\rtos_default_thread.tmp_save
2024-11-25 14:19:55,055 [INFO] CodeEngine:279 - Generated code: C:\Users\erik\Documents\GitHub\IS1300-Embedded_Systems\RTOS_LAB_TASK_1\MXTmpFiles\rtos_default_thread.tmp
2024-11-25 14:19:55,062 [INFO] CodeEngine:255 - oldGeneratedFile, C:\Users\erik\Documents\GitHub\IS1300-Embedded_Systems\RTOS_LAB_TASK_1\MXTmpFiles\rtos_threads.tmp_save
2024-11-25 14:19:55,125 [INFO] CodeEngine:279 - Generated code: C:\Users\erik\Documents\GitHub\IS1300-Embedded_Systems\RTOS_LAB_TASK_1\MXTmpFiles\rtos_threads.tmp
2024-11-25 14:19:55,145 [INFO] CodeEngine:255 - oldGeneratedFile, C:\Users\erik\Documents\GitHub\IS1300-Embedded_Systems\RTOS_LAB_TASK_1\Core\Inc\FreeRTOSConfig.h_save
2024-11-25 14:19:55,244 [INFO] CodeEngine:279 - Generated code: C:\Users\erik\Documents\GitHub\IS1300-Embedded_Systems\RTOS_LAB_TASK_1\Core\Inc\FreeRTOSConfig.h
2024-11-25 14:19:55,265 [INFO] CodeEngine:255 - oldGeneratedFile, C:\Users\erik\Documents\GitHub\IS1300-Embedded_Systems\RTOS_LAB_TASK_1\Core\Src\freertos.c_save
2024-11-25 14:19:55,384 [INFO] CodeEngine:279 - Generated code: C:\Users\erik\Documents\GitHub\IS1300-Embedded_Systems\RTOS_LAB_TASK_1\Core\Src\freertos.c
2024-11-25 14:19:55,420 [INFO] CodeEngine:255 - oldGeneratedFile, C:\Users\erik\Documents\GitHub\IS1300-Embedded_Systems\RTOS_LAB_TASK_1\Core\Src\usart.c_save
2024-11-25 14:19:55,506 [INFO] CodeEngine:279 - Generated code: C:\Users\erik\Documents\GitHub\IS1300-Embedded_Systems\RTOS_LAB_TASK_1\Core\Src\usart.c
2024-11-25 14:19:55,513 [INFO] CodeEngine:255 - oldGeneratedFile, C:\Users\erik\Documents\GitHub\IS1300-Embedded_Systems\RTOS_LAB_TASK_1\Core\Inc\usart.h_save
2024-11-25 14:19:55,588 [INFO] CodeEngine:279 - Generated code: C:\Users\erik\Documents\GitHub\IS1300-Embedded_Systems\RTOS_LAB_TASK_1\Core\Inc\usart.h
2024-11-25 14:19:55,613 [INFO] CodeEngine:255 - oldGeneratedFile, C:\Users\erik\Documents\GitHub\IS1300-Embedded_Systems\RTOS_LAB_TASK_1\Core\Src\stm32l4xx_it.c_save
2024-11-25 14:19:55,696 [INFO] CodeEngine:279 - Generated code: C:\Users\erik\Documents\GitHub\IS1300-Embedded_Systems\RTOS_LAB_TASK_1\Core\Src\stm32l4xx_it.c
2024-11-25 14:19:55,701 [INFO] CodeEngine:255 - oldGeneratedFile, C:\Users\erik\Documents\GitHub\IS1300-Embedded_Systems\RTOS_LAB_TASK_1\Core\Inc\stm32l4xx_it.h_save
2024-11-25 14:19:55,778 [INFO] CodeEngine:279 - Generated code: C:\Users\erik\Documents\GitHub\IS1300-Embedded_Systems\RTOS_LAB_TASK_1\Core\Inc\stm32l4xx_it.h
2024-11-25 14:19:55,802 [INFO] CodeEngine:255 - oldGeneratedFile, C:\Users\erik\Documents\GitHub\IS1300-Embedded_Systems\RTOS_LAB_TASK_1\Core\Src\stm32l4xx_hal_msp.c_save
2024-11-25 14:19:55,881 [INFO] CodeEngine:279 - Generated code: C:\Users\erik\Documents\GitHub\IS1300-Embedded_Systems\RTOS_LAB_TASK_1\Core\Src\stm32l4xx_hal_msp.c
2024-11-25 14:19:55,886 [INFO] CodeEngine:255 - oldGeneratedFile, C:\Users\erik\Documents\GitHub\IS1300-Embedded_Systems\RTOS_LAB_TASK_1\MXTmpFiles\system.tmp_save
2024-11-25 14:19:55,938 [INFO] CodeEngine:279 - Generated code: C:\Users\erik\Documents\GitHub\IS1300-Embedded_Systems\RTOS_LAB_TASK_1\MXTmpFiles\system.tmp
2024-11-25 14:19:55,956 [INFO] CodeEngine:255 - oldGeneratedFile, C:\Users\erik\Documents\GitHub\IS1300-Embedded_Systems\RTOS_LAB_TASK_1\Core\Src\stm32l4xx_hal_timebase_tim.c_save
2024-11-25 14:19:56,016 [INFO] CodeEngine:279 - Generated code: C:\Users\erik\Documents\GitHub\IS1300-Embedded_Systems\RTOS_LAB_TASK_1\Core\Src\stm32l4xx_hal_timebase_tim.c
2024-11-25 14:19:56,036 [INFO] CodeEngine:311 - oldGeneratedFile, C:\Users\erik\Documents\GitHub\IS1300-Embedded_Systems\RTOS_LAB_TASK_1\Core\Inc\stm32l4xx_hal_conf.h_save
2024-11-25 14:19:56,131 [INFO] CodeEngine:335 - Generated code: C:\Users\erik\Documents\GitHub\IS1300-Embedded_Systems\RTOS_LAB_TASK_1\Core\Inc\stm32l4xx_hal_conf.h
2024-11-25 14:19:56,176 [INFO] CodeEngine:255 - oldGeneratedFile, C:\Users\erik\Documents\GitHub\IS1300-Embedded_Systems\RTOS_LAB_TASK_1\Core\Inc\main.h_save
2024-11-25 14:19:56,241 [INFO] CodeEngine:279 - Generated code: C:\Users\erik\Documents\GitHub\IS1300-Embedded_Systems\RTOS_LAB_TASK_1\Core\Inc\main.h
2024-11-25 14:19:56,260 [INFO] CodeEngine:255 - oldGeneratedFile, C:\Users\erik\Documents\GitHub\IS1300-Embedded_Systems\RTOS_LAB_TASK_1\Core\Src\main.c_save
2024-11-25 14:19:56,336 [INFO] CodeEngine:279 - Generated code: C:\Users\erik\Documents\GitHub\IS1300-Embedded_Systems\RTOS_LAB_TASK_1\Core\Src\main.c
2024-11-25 14:19:56,807 [INFO] ProjectBuilder:3249 - Time for Copy HAL[1] : 245mS.
2024-11-25 14:19:56,810 [INFO] ProjectBuilder:4828 - Project Generator version: 4.5.0-B34
2024-11-25 14:19:56,880 [INFO] ConfigFileManager:1531 - The Die is : DIE415
2024-11-25 14:19:57,583 [INFO] ProjectBuilder:5097 - Time for Generating toolchain IDE Files: 773mS.
2024-11-25 14:19:57,584 [INFO] ProjectBuilder:3107 - Time for Copy CMSIS : 0mS.
2024-11-25 14:19:57,592 [INFO] ProjectBuilder:3107 - Time for Copy CMSIS : 1mS.
2024-11-25 14:43:40,815 [INFO] EditThreadDialog:704 - RAM SIZE (in KB): 128
2024-11-25 14:43:40,815 [INFO] EditThreadDialog:706 - RAM SIZE (in words): 32768
2024-11-25 14:44:42,100 [INFO] TasksAndQueuesTab:757 - Dynamic
2024-11-25 14:44:42,100 [WARN] TasksAndQueuesTab:763 - 128 128
2024-11-25 14:44:42,100 [WARN] TasksAndQueuesTab:775 - max value is: 1000.0
2024-11-25 14:44:42,100 [INFO] TasksAndQueuesTab:757 - Dynamic
2024-11-25 14:44:42,100 [WARN] TasksAndQueuesTab:763 - 128 128
2024-11-25 14:44:42,100 [WARN] TasksAndQueuesTab:775 - max value is: 1000.0
2024-11-25 14:44:42,100 [INFO] TasksAndQueuesTab:757 - Dynamic
2024-11-25 14:44:42,100 [WARN] TasksAndQueuesTab:763 - 128 128
2024-11-25 14:44:42,100 [WARN] TasksAndQueuesTab:775 - max value is: 1000.0
2024-11-25 14:44:42,100 [INFO] TasksAndQueuesTab:757 - Dynamic
2024-11-25 14:44:42,100 [WARN] TasksAndQueuesTab:763 - 128 128
2024-11-25 14:44:42,100 [WARN] TasksAndQueuesTab:775 - max value is: 1000.0
2024-11-25 14:44:42,100 [INFO] TasksAndQueuesTab:757 - Dynamic
2024-11-25 14:44:42,100 [WARN] TasksAndQueuesTab:763 - 128 128
2024-11-25 14:44:42,100 [WARN] TasksAndQueuesTab:775 - max value is: 1000.0
2024-11-25 14:45:44,988 [INFO] UtilMem:75 - End SaveConfig() Used Memory: 621098040 Bytes (862978048)
2024-11-25 14:45:53,334 [INFO] UtilMem:75 - End SaveConfig() Used Memory: 363716640 Bytes (862978048)
2024-11-25 14:45:53,504 [INFO] BlockDiagram:2766 - set Specific Code input for plugin: FREERTOS
2024-11-25 14:45:53,504 [INFO] BlockDiagram:2766 - set Specific Code input for plugin: SYS
2024-11-25 14:45:53,504 [INFO] BlockDiagram:2766 - set Specific Code input for plugin: RCC
2024-11-25 14:45:53,504 [INFO] BlockDiagram:2766 - set Specific Code input for plugin: NVIC
2024-11-25 14:45:53,504 [INFO] BlockDiagram:2766 - set Specific Code input for plugin: USART
2024-11-25 14:45:53,504 [INFO] BlockDiagram:2766 - set Specific Code input for plugin: GPIO
2024-11-25 14:45:53,505 [INFO] CodeGenerator:807 - code generatio: config db path: C:\ST\STM32CubeIDE_1.16.1\STM32CubeIDE\plugins\com.st.stm32cube.common.mx_6.12.1.202409122256\\db\
2024-11-25 14:45:53,618 [INFO] CodeEngine:255 - oldGeneratedFile, C:\Users\erik\Documents\GitHub\IS1300-Embedded_Systems\RTOS_LAB_TASK_1\MXTmpFiles\license.tmp_save
2024-11-25 14:45:53,738 [INFO] CodeEngine:279 - Generated code: C:\Users\erik\Documents\GitHub\IS1300-Embedded_Systems\RTOS_LAB_TASK_1\MXTmpFiles\license.tmp
2024-11-25 14:45:53,779 [INFO] CodeEngine:255 - oldGeneratedFile, C:\Users\erik\Documents\GitHub\IS1300-Embedded_Systems\RTOS_LAB_TASK_1\Core\Src\gpio.c_save
2024-11-25 14:45:53,876 [INFO] CodeEngine:279 - Generated code: C:\Users\erik\Documents\GitHub\IS1300-Embedded_Systems\RTOS_LAB_TASK_1\Core\Src\gpio.c
2024-11-25 14:45:53,882 [INFO] CodeEngine:255 - oldGeneratedFile, C:\Users\erik\Documents\GitHub\IS1300-Embedded_Systems\RTOS_LAB_TASK_1\Core\Inc\gpio.h_save
2024-11-25 14:45:53,982 [INFO] CodeEngine:279 - Generated code: C:\Users\erik\Documents\GitHub\IS1300-Embedded_Systems\RTOS_LAB_TASK_1\Core\Inc\gpio.h
2024-11-25 14:45:54,080 [INFO] Middleware:1439 - No code input for Bsp Dependency
2024-11-25 14:45:54,091 [INFO] CodeEngine:255 - oldGeneratedFile, C:\Users\erik\Documents\GitHub\IS1300-Embedded_Systems\RTOS_LAB_TASK_1\MXTmpFiles\rtos_inc.tmp_save
2024-11-25 14:45:54,193 [INFO] CodeEngine:279 - Generated code: C:\Users\erik\Documents\GitHub\IS1300-Embedded_Systems\RTOS_LAB_TASK_1\MXTmpFiles\rtos_inc.tmp
2024-11-25 14:45:54,199 [INFO] CodeEngine:255 - oldGeneratedFile, C:\Users\erik\Documents\GitHub\IS1300-Embedded_Systems\RTOS_LAB_TASK_1\MXTmpFiles\rtos_kernelInit.tmp_save
2024-11-25 14:45:54,285 [INFO] CodeEngine:279 - Generated code: C:\Users\erik\Documents\GitHub\IS1300-Embedded_Systems\RTOS_LAB_TASK_1\MXTmpFiles\rtos_kernelInit.tmp
2024-11-25 14:45:54,291 [INFO] CodeEngine:255 - oldGeneratedFile, C:\Users\erik\Documents\GitHub\IS1300-Embedded_Systems\RTOS_LAB_TASK_1\MXTmpFiles\rtos_kernelStart.tmp_save
2024-11-25 14:45:54,357 [INFO] CodeEngine:279 - Generated code: C:\Users\erik\Documents\GitHub\IS1300-Embedded_Systems\RTOS_LAB_TASK_1\MXTmpFiles\rtos_kernelStart.tmp
2024-11-25 14:45:54,362 [INFO] CodeEngine:255 - oldGeneratedFile, C:\Users\erik\Documents\GitHub\IS1300-Embedded_Systems\RTOS_LAB_TASK_1\MXTmpFiles\rtos_typedefs.tmp_save
2024-11-25 14:45:54,428 [INFO] CodeEngine:279 - Generated code: C:\Users\erik\Documents\GitHub\IS1300-Embedded_Systems\RTOS_LAB_TASK_1\MXTmpFiles\rtos_typedefs.tmp
2024-11-25 14:45:54,434 [INFO] CodeEngine:255 - oldGeneratedFile, C:\Users\erik\Documents\GitHub\IS1300-Embedded_Systems\RTOS_LAB_TASK_1\MXTmpFiles\rtos_vars.tmp_save
2024-11-25 14:45:54,536 [INFO] CodeEngine:279 - Generated code: C:\Users\erik\Documents\GitHub\IS1300-Embedded_Systems\RTOS_LAB_TASK_1\MXTmpFiles\rtos_vars.tmp
2024-11-25 14:45:54,541 [INFO] CodeEngine:255 - oldGeneratedFile, C:\Users\erik\Documents\GitHub\IS1300-Embedded_Systems\RTOS_LAB_TASK_1\MXTmpFiles\rtos_pfp.tmp_save
2024-11-25 14:45:54,630 [INFO] CodeEngine:279 - Generated code: C:\Users\erik\Documents\GitHub\IS1300-Embedded_Systems\RTOS_LAB_TASK_1\MXTmpFiles\rtos_pfp.tmp
2024-11-25 14:45:54,635 [INFO] CodeEngine:255 - oldGeneratedFile, C:\Users\erik\Documents\GitHub\IS1300-Embedded_Systems\RTOS_LAB_TASK_1\MXTmpFiles\rtos_obj_creat.tmp_save
2024-11-25 14:45:54,736 [INFO] CodeEngine:279 - Generated code: C:\Users\erik\Documents\GitHub\IS1300-Embedded_Systems\RTOS_LAB_TASK_1\MXTmpFiles\rtos_obj_creat.tmp
2024-11-25 14:45:54,740 [INFO] CodeEngine:255 - oldGeneratedFile, C:\Users\erik\Documents\GitHub\IS1300-Embedded_Systems\RTOS_LAB_TASK_1\MXTmpFiles\rtos_default_thread.tmp_save
2024-11-25 14:45:54,818 [INFO] CodeEngine:279 - Generated code: C:\Users\erik\Documents\GitHub\IS1300-Embedded_Systems\RTOS_LAB_TASK_1\MXTmpFiles\rtos_default_thread.tmp
2024-11-25 14:45:54,821 [INFO] CodeEngine:255 - oldGeneratedFile, C:\Users\erik\Documents\GitHub\IS1300-Embedded_Systems\RTOS_LAB_TASK_1\MXTmpFiles\rtos_threads.tmp_save
2024-11-25 14:45:54,915 [INFO] CodeEngine:279 - Generated code: C:\Users\erik\Documents\GitHub\IS1300-Embedded_Systems\RTOS_LAB_TASK_1\MXTmpFiles\rtos_threads.tmp
2024-11-25 14:45:54,929 [INFO] Middleware:1439 - No code input for Bsp Dependency
2024-11-25 14:45:54,940 [INFO] CodeEngine:255 - oldGeneratedFile, C:\Users\erik\Documents\GitHub\IS1300-Embedded_Systems\RTOS_LAB_TASK_1\MXTmpFiles\rtos_inc.tmp_save
2024-11-25 14:45:55,025 [INFO] CodeEngine:279 - Generated code: C:\Users\erik\Documents\GitHub\IS1300-Embedded_Systems\RTOS_LAB_TASK_1\MXTmpFiles\rtos_inc.tmp
2024-11-25 14:45:55,031 [INFO] CodeEngine:255 - oldGeneratedFile, C:\Users\erik\Documents\GitHub\IS1300-Embedded_Systems\RTOS_LAB_TASK_1\MXTmpFiles\rtos_kernelInit.tmp_save
2024-11-25 14:45:55,096 [INFO] CodeEngine:279 - Generated code: C:\Users\erik\Documents\GitHub\IS1300-Embedded_Systems\RTOS_LAB_TASK_1\MXTmpFiles\rtos_kernelInit.tmp
2024-11-25 14:45:55,101 [INFO] CodeEngine:255 - oldGeneratedFile, C:\Users\erik\Documents\GitHub\IS1300-Embedded_Systems\RTOS_LAB_TASK_1\MXTmpFiles\rtos_kernelStart.tmp_save
2024-11-25 14:45:55,166 [INFO] CodeEngine:279 - Generated code: C:\Users\erik\Documents\GitHub\IS1300-Embedded_Systems\RTOS_LAB_TASK_1\MXTmpFiles\rtos_kernelStart.tmp
2024-11-25 14:45:55,174 [INFO] CodeEngine:255 - oldGeneratedFile, C:\Users\erik\Documents\GitHub\IS1300-Embedded_Systems\RTOS_LAB_TASK_1\MXTmpFiles\rtos_typedefs.tmp_save
2024-11-25 14:45:55,231 [INFO] CodeEngine:279 - Generated code: C:\Users\erik\Documents\GitHub\IS1300-Embedded_Systems\RTOS_LAB_TASK_1\MXTmpFiles\rtos_typedefs.tmp
2024-11-25 14:45:55,248 [INFO] CodeEngine:255 - oldGeneratedFile, C:\Users\erik\Documents\GitHub\IS1300-Embedded_Systems\RTOS_LAB_TASK_1\MXTmpFiles\rtos_vars.tmp_save
2024-11-25 14:45:55,312 [INFO] CodeEngine:279 - Generated code: C:\Users\erik\Documents\GitHub\IS1300-Embedded_Systems\RTOS_LAB_TASK_1\MXTmpFiles\rtos_vars.tmp
2024-11-25 14:45:55,319 [INFO] CodeEngine:255 - oldGeneratedFile, C:\Users\erik\Documents\GitHub\IS1300-Embedded_Systems\RTOS_LAB_TASK_1\MXTmpFiles\rtos_pfp.tmp_save
2024-11-25 14:45:55,379 [INFO] CodeEngine:279 - Generated code: C:\Users\erik\Documents\GitHub\IS1300-Embedded_Systems\RTOS_LAB_TASK_1\MXTmpFiles\rtos_pfp.tmp
2024-11-25 14:45:55,398 [INFO] CodeEngine:255 - oldGeneratedFile, C:\Users\erik\Documents\GitHub\IS1300-Embedded_Systems\RTOS_LAB_TASK_1\MXTmpFiles\rtos_obj_creat.tmp_save
2024-11-25 14:45:55,458 [INFO] CodeEngine:279 - Generated code: C:\Users\erik\Documents\GitHub\IS1300-Embedded_Systems\RTOS_LAB_TASK_1\MXTmpFiles\rtos_obj_creat.tmp
2024-11-25 14:45:55,465 [INFO] CodeEngine:255 - oldGeneratedFile, C:\Users\erik\Documents\GitHub\IS1300-Embedded_Systems\RTOS_LAB_TASK_1\MXTmpFiles\rtos_default_thread.tmp_save
2024-11-25 14:45:55,523 [INFO] CodeEngine:279 - Generated code: C:\Users\erik\Documents\GitHub\IS1300-Embedded_Systems\RTOS_LAB_TASK_1\MXTmpFiles\rtos_default_thread.tmp
2024-11-25 14:45:55,528 [INFO] CodeEngine:255 - oldGeneratedFile, C:\Users\erik\Documents\GitHub\IS1300-Embedded_Systems\RTOS_LAB_TASK_1\MXTmpFiles\rtos_threads.tmp_save
2024-11-25 14:45:55,585 [INFO] CodeEngine:279 - Generated code: C:\Users\erik\Documents\GitHub\IS1300-Embedded_Systems\RTOS_LAB_TASK_1\MXTmpFiles\rtos_threads.tmp
2024-11-25 14:45:55,601 [INFO] CodeEngine:255 - oldGeneratedFile, C:\Users\erik\Documents\GitHub\IS1300-Embedded_Systems\RTOS_LAB_TASK_1\Core\Inc\FreeRTOSConfig.h_save
2024-11-25 14:45:55,691 [INFO] CodeEngine:279 - Generated code: C:\Users\erik\Documents\GitHub\IS1300-Embedded_Systems\RTOS_LAB_TASK_1\Core\Inc\FreeRTOSConfig.h
2024-11-25 14:45:55,710 [INFO] CodeEngine:255 - oldGeneratedFile, C:\Users\erik\Documents\GitHub\IS1300-Embedded_Systems\RTOS_LAB_TASK_1\Core\Src\freertos.c_save
2024-11-25 14:45:55,825 [INFO] CodeEngine:279 - Generated code: C:\Users\erik\Documents\GitHub\IS1300-Embedded_Systems\RTOS_LAB_TASK_1\Core\Src\freertos.c
2024-11-25 14:45:55,858 [INFO] CodeEngine:255 - oldGeneratedFile, C:\Users\erik\Documents\GitHub\IS1300-Embedded_Systems\RTOS_LAB_TASK_1\Core\Src\usart.c_save
2024-11-25 14:45:55,972 [INFO] CodeEngine:279 - Generated code: C:\Users\erik\Documents\GitHub\IS1300-Embedded_Systems\RTOS_LAB_TASK_1\Core\Src\usart.c
2024-11-25 14:45:55,989 [INFO] CodeEngine:255 - oldGeneratedFile, C:\Users\erik\Documents\GitHub\IS1300-Embedded_Systems\RTOS_LAB_TASK_1\Core\Inc\usart.h_save
2024-11-25 14:45:56,063 [INFO] CodeEngine:279 - Generated code: C:\Users\erik\Documents\GitHub\IS1300-Embedded_Systems\RTOS_LAB_TASK_1\Core\Inc\usart.h
2024-11-25 14:45:56,086 [INFO] CodeEngine:255 - oldGeneratedFile, C:\Users\erik\Documents\GitHub\IS1300-Embedded_Systems\RTOS_LAB_TASK_1\Core\Src\stm32l4xx_it.c_save
2024-11-25 14:45:56,212 [INFO] CodeEngine:279 - Generated code: C:\Users\erik\Documents\GitHub\IS1300-Embedded_Systems\RTOS_LAB_TASK_1\Core\Src\stm32l4xx_it.c
2024-11-25 14:45:56,218 [INFO] CodeEngine:255 - oldGeneratedFile, C:\Users\erik\Documents\GitHub\IS1300-Embedded_Systems\RTOS_LAB_TASK_1\Core\Inc\stm32l4xx_it.h_save
2024-11-25 14:45:56,283 [INFO] CodeEngine:279 - Generated code: C:\Users\erik\Documents\GitHub\IS1300-Embedded_Systems\RTOS_LAB_TASK_1\Core\Inc\stm32l4xx_it.h
2024-11-25 14:45:56,303 [INFO] CodeEngine:255 - oldGeneratedFile, C:\Users\erik\Documents\GitHub\IS1300-Embedded_Systems\RTOS_LAB_TASK_1\Core\Src\stm32l4xx_hal_msp.c_save
2024-11-25 14:45:56,379 [INFO] CodeEngine:279 - Generated code: C:\Users\erik\Documents\GitHub\IS1300-Embedded_Systems\RTOS_LAB_TASK_1\Core\Src\stm32l4xx_hal_msp.c
2024-11-25 14:45:56,384 [INFO] CodeEngine:255 - oldGeneratedFile, C:\Users\erik\Documents\GitHub\IS1300-Embedded_Systems\RTOS_LAB_TASK_1\MXTmpFiles\system.tmp_save
2024-11-25 14:45:56,431 [INFO] CodeEngine:279 - Generated code: C:\Users\erik\Documents\GitHub\IS1300-Embedded_Systems\RTOS_LAB_TASK_1\MXTmpFiles\system.tmp
2024-11-25 14:45:56,451 [INFO] CodeEngine:255 - oldGeneratedFile, C:\Users\erik\Documents\GitHub\IS1300-Embedded_Systems\RTOS_LAB_TASK_1\Core\Src\stm32l4xx_hal_timebase_tim.c_save
2024-11-25 14:45:56,519 [INFO] CodeEngine:279 - Generated code: C:\Users\erik\Documents\GitHub\IS1300-Embedded_Systems\RTOS_LAB_TASK_1\Core\Src\stm32l4xx_hal_timebase_tim.c
2024-11-25 14:45:56,538 [INFO] CodeEngine:311 - oldGeneratedFile, C:\Users\erik\Documents\GitHub\IS1300-Embedded_Systems\RTOS_LAB_TASK_1\Core\Inc\stm32l4xx_hal_conf.h_save
2024-11-25 14:45:56,630 [INFO] CodeEngine:335 - Generated code: C:\Users\erik\Documents\GitHub\IS1300-Embedded_Systems\RTOS_LAB_TASK_1\Core\Inc\stm32l4xx_hal_conf.h
2024-11-25 14:45:56,676 [INFO] CodeEngine:255 - oldGeneratedFile, C:\Users\erik\Documents\GitHub\IS1300-Embedded_Systems\RTOS_LAB_TASK_1\Core\Inc\main.h_save
2024-11-25 14:45:56,760 [INFO] CodeEngine:279 - Generated code: C:\Users\erik\Documents\GitHub\IS1300-Embedded_Systems\RTOS_LAB_TASK_1\Core\Inc\main.h
2024-11-25 14:45:56,777 [INFO] CodeEngine:255 - oldGeneratedFile, C:\Users\erik\Documents\GitHub\IS1300-Embedded_Systems\RTOS_LAB_TASK_1\Core\Src\main.c_save
2024-11-25 14:45:56,852 [INFO] CodeEngine:279 - Generated code: C:\Users\erik\Documents\GitHub\IS1300-Embedded_Systems\RTOS_LAB_TASK_1\Core\Src\main.c
2024-11-25 14:45:57,261 [INFO] ProjectBuilder:3249 - Time for Copy HAL[1] : 203mS.
2024-11-25 14:45:57,265 [INFO] ProjectBuilder:4828 - Project Generator version: 4.5.0-B34
2024-11-25 14:45:57,329 [INFO] ConfigFileManager:1531 - The Die is : DIE415
2024-11-25 14:45:58,017 [INFO] ProjectBuilder:5097 - Time for Generating toolchain IDE Files: 752mS.
2024-11-25 14:45:58,018 [INFO] ProjectBuilder:3107 - Time for Copy CMSIS : 1mS.
2024-11-25 14:45:58,024 [INFO] ProjectBuilder:3107 - Time for Copy CMSIS : 0mS.
2024-11-25 14:57:05,664 [INFO] LogOutputStream:77 - [STDOUT_REDIRECT] StartTraceHandler.execute(), success : Collect=false
2024-11-25 14:57:19,150 [INFO] LogOutputStream:77 - [STDOUT_REDIRECT] StartTraceHandler.execute(), success : Collect=true
2024-11-25 15:17:17,764 [ERROR] RtosPanel:558 - Can not restore the selected Tab for FREERTOS(A reason can be that the tab is no more available.)
2024-11-25 15:20:40,140 [INFO] Gpio:277 - dependency for GPIO [RCC, SYS, USART2]
