2025-01-31 15:54:45,231 [INFO] NvicIntPanel:101 - NVIC parent = com.st.microxplorer.plugins.ip.nvic.MultiNvicIntPanel[,0,0,0x0,invalid,layout=javax.swing.BoxLayout,alignmentX=0.0,alignmentY=0.0,border=,flags=9,maximumSize=,minimumSize=,preferredSize=]
2025-01-31 15:54:45,482 [INFO] NvicIntPanel:101 - NVIC parent = com.st.microxplorer.plugins.ip.nvic.MultiNvicIntPanel[,0,0,0x0,invalid,layout=javax.swing.BoxLayout,alignmentX=0.0,alignmentY=0.0,border=,flags=9,maximumSize=,minimumSize=,preferredSize=]
2025-01-31 15:55:37,342 [INFO] UtilMem:75 - End SaveConfig() Used Memory: 693322080 Bytes (1073741824)
2025-01-31 15:55:39,117 [INFO] UtilMem:75 - End SaveConfig() Used Memory: 725827936 Bytes (1073741824)
2025-01-31 15:55:41,109 [INFO] UtilMem:75 - End SaveConfig() Used Memory: 754139488 Bytes (1073741824)
2025-01-31 15:55:41,378 [INFO] BlockDiagram:2766 - set Specific Code input for plugin: SPI
2025-01-31 15:55:41,378 [INFO] BlockDiagram:2766 - set Specific Code input for plugin: SYS
2025-01-31 15:55:41,378 [INFO] BlockDiagram:2766 - set Specific Code input for plugin: RCC
2025-01-31 15:55:41,378 [INFO] BlockDiagram:2766 - set Specific Code input for plugin: NVIC
2025-01-31 15:55:41,378 [INFO] BlockDiagram:2766 - set Specific Code input for plugin: USART
2025-01-31 15:55:41,378 [INFO] BlockDiagram:2766 - set Specific Code input for plugin: GPIO
2025-01-31 15:55:41,378 [INFO] CodeGenerator:807 - code generatio: config db path: C:\ST\STM32CubeIDE_1.16.1\STM32CubeIDE\plugins\com.st.stm32cube.common.mx_6.12.1.202409122256\\db\
2025-01-31 15:55:41,596 [INFO] CodeEngine:255 - oldGeneratedFile, C:\Users\erik\Documents\GitHub\IS1300-Embedded_Systems\Embedded Systems - Last Project\MXTmpFiles\license.tmp_save
2025-01-31 15:55:41,783 [INFO] CodeEngine:279 - Generated code: C:\Users\erik\Documents\GitHub\IS1300-Embedded_Systems\Embedded Systems - Last Project\MXTmpFiles\license.tmp
2025-01-31 15:55:41,947 [INFO] CodeEngine:255 - oldGeneratedFile, C:\Users\erik\Documents\GitHub\IS1300-Embedded_Systems\Embedded Systems - Last Project\Core\Src\gpio.c_save
2025-01-31 15:55:42,122 [INFO] CodeEngine:279 - Generated code: C:\Users\erik\Documents\GitHub\IS1300-Embedded_Systems\Embedded Systems - Last Project\Core\Src\gpio.c
2025-01-31 15:55:42,160 [INFO] CodeEngine:255 - oldGeneratedFile, C:\Users\erik\Documents\GitHub\IS1300-Embedded_Systems\Embedded Systems - Last Project\Core\Inc\gpio.h_save
2025-01-31 15:55:42,310 [INFO] CodeEngine:279 - Generated code: C:\Users\erik\Documents\GitHub\IS1300-Embedded_Systems\Embedded Systems - Last Project\Core\Inc\gpio.h
2025-01-31 15:55:42,655 [INFO] CodeEngine:255 - oldGeneratedFile, C:\Users\erik\Documents\GitHub\IS1300-Embedded_Systems\Embedded Systems - Last Project\Core\Src\spi.c_save
2025-01-31 15:55:42,944 [INFO] CodeEngine:279 - Generated code: C:\Users\erik\Documents\GitHub\IS1300-Embedded_Systems\Embedded Systems - Last Project\Core\Src\spi.c
2025-01-31 15:55:43,003 [INFO] CodeEngine:255 - oldGeneratedFile, C:\Users\erik\Documents\GitHub\IS1300-Embedded_Systems\Embedded Systems - Last Project\Core\Inc\spi.h_save
2025-01-31 15:55:43,181 [INFO] CodeEngine:279 - Generated code: C:\Users\erik\Documents\GitHub\IS1300-Embedded_Systems\Embedded Systems - Last Project\Core\Inc\spi.h
2025-01-31 15:55:43,214 [INFO] CodeEngine:255 - oldGeneratedFile, C:\Users\erik\Documents\GitHub\IS1300-Embedded_Systems\Embedded Systems - Last Project\Core\Src\usart.c_save
2025-01-31 15:55:43,414 [INFO] CodeEngine:279 - Generated code: C:\Users\erik\Documents\GitHub\IS1300-Embedded_Systems\Embedded Systems - Last Project\Core\Src\usart.c
2025-01-31 15:55:43,423 [INFO] CodeEngine:255 - oldGeneratedFile, C:\Users\erik\Documents\GitHub\IS1300-Embedded_Systems\Embedded Systems - Last Project\Core\Inc\usart.h_save
2025-01-31 15:55:43,584 [INFO] CodeEngine:279 - Generated code: C:\Users\erik\Documents\GitHub\IS1300-Embedded_Systems\Embedded Systems - Last Project\Core\Inc\usart.h
2025-01-31 15:55:43,636 [INFO] CodeEngine:255 - oldGeneratedFile, C:\Users\erik\Documents\GitHub\IS1300-Embedded_Systems\Embedded Systems - Last Project\Core\Src\stm32l4xx_it.c_save
2025-01-31 15:55:43,954 [INFO] CodeEngine:279 - Generated code: C:\Users\erik\Documents\GitHub\IS1300-Embedded_Systems\Embedded Systems - Last Project\Core\Src\stm32l4xx_it.c
2025-01-31 15:55:43,990 [INFO] CodeEngine:255 - oldGeneratedFile, C:\Users\erik\Documents\GitHub\IS1300-Embedded_Systems\Embedded Systems - Last Project\Core\Inc\stm32l4xx_it.h_save
2025-01-31 15:55:44,135 [INFO] CodeEngine:279 - Generated code: C:\Users\erik\Documents\GitHub\IS1300-Embedded_Systems\Embedded Systems - Last Project\Core\Inc\stm32l4xx_it.h
2025-01-31 15:55:44,186 [INFO] CodeEngine:255 - oldGeneratedFile, C:\Users\erik\Documents\GitHub\IS1300-Embedded_Systems\Embedded Systems - Last Project\Core\Src\stm32l4xx_hal_msp.c_save
2025-01-31 15:55:44,368 [INFO] CodeEngine:279 - Generated code: C:\Users\erik\Documents\GitHub\IS1300-Embedded_Systems\Embedded Systems - Last Project\Core\Src\stm32l4xx_hal_msp.c
2025-01-31 15:55:44,386 [INFO] CodeEngine:255 - oldGeneratedFile, C:\Users\erik\Documents\GitHub\IS1300-Embedded_Systems\Embedded Systems - Last Project\MXTmpFiles\system.tmp_save
2025-01-31 15:55:44,488 [INFO] CodeEngine:279 - Generated code: C:\Users\erik\Documents\GitHub\IS1300-Embedded_Systems\Embedded Systems - Last Project\MXTmpFiles\system.tmp
2025-01-31 15:55:44,529 [INFO] CodeEngine:311 - oldGeneratedFile, C:\Users\erik\Documents\GitHub\IS1300-Embedded_Systems\Embedded Systems - Last Project\Core\Inc\stm32l4xx_hal_conf.h_save
2025-01-31 15:55:44,677 [INFO] CodeEngine:335 - Generated code: C:\Users\erik\Documents\GitHub\IS1300-Embedded_Systems\Embedded Systems - Last Project\Core\Inc\stm32l4xx_hal_conf.h
2025-01-31 15:55:44,773 [INFO] CodeEngine:255 - oldGeneratedFile, C:\Users\erik\Documents\GitHub\IS1300-Embedded_Systems\Embedded Systems - Last Project\Core\Inc\main.h_save
2025-01-31 15:55:44,949 [INFO] CodeEngine:279 - Generated code: C:\Users\erik\Documents\GitHub\IS1300-Embedded_Systems\Embedded Systems - Last Project\Core\Inc\main.h
2025-01-31 15:55:44,989 [INFO] CodeEngine:255 - oldGeneratedFile, C:\Users\erik\Documents\GitHub\IS1300-Embedded_Systems\Embedded Systems - Last Project\Core\Src\main.c_save
2025-01-31 15:55:45,187 [INFO] CodeEngine:279 - Generated code: C:\Users\erik\Documents\GitHub\IS1300-Embedded_Systems\Embedded Systems - Last Project\Core\Src\main.c
2025-01-31 15:55:45,680 [INFO] ProjectBuilder:3249 - Time for Copy HAL[1] : 236mS.
2025-01-31 15:55:45,685 [INFO] ProjectBuilder:4828 - Project Generator version: 4.5.0-B34
2025-01-31 15:55:45,852 [INFO] ConfigFileManager:1531 - The Die is : DIE415
2025-01-31 15:55:48,540 [INFO] ProjectBuilder:5097 - Time for Generating toolchain IDE Files: 2855mS.
2025-01-31 15:55:48,542 [INFO] ProjectBuilder:3107 - Time for Copy CMSIS : 0mS.
2025-01-31 15:55:48,546 [INFO] ProjectBuilder:3107 - Time for Copy CMSIS : 0mS.
2025-01-31 15:58:15,055 [INFO] NvicIntPanel:101 - NVIC parent = com.st.microxplorer.plugins.ip.nvic.MultiNvicIntPanel[,0,0,0x0,invalid,layout=javax.swing.BoxLayout,alignmentX=0.0,alignmentY=0.0,border=,flags=9,maximumSize=,minimumSize=,preferredSize=]
2025-01-31 15:58:15,198 [INFO] NvicIntPanel:101 - NVIC parent = com.st.microxplorer.plugins.ip.nvic.MultiNvicIntPanel[,0,0,0x0,invalid,layout=javax.swing.BoxLayout,alignmentX=0.0,alignmentY=0.0,border=,flags=9,maximumSize=,minimumSize=,preferredSize=]
2025-01-31 16:03:23,555 [INFO] NvicIntPanel:101 - NVIC parent = com.st.microxplorer.plugins.ip.nvic.MultiNvicIntPanel[,0,0,0x0,invalid,layout=javax.swing.BoxLayout,alignmentX=0.0,alignmentY=0.0,border=,flags=9,maximumSize=,minimumSize=,preferredSize=]
2025-01-31 16:03:23,693 [INFO] NvicIntPanel:101 - NVIC parent = com.st.microxplorer.plugins.ip.nvic.MultiNvicIntPanel[,0,0,0x0,invalid,layout=javax.swing.BoxLayout,alignmentX=0.0,alignmentY=0.0,border=,flags=9,maximumSize=,minimumSize=,preferredSize=]
2025-01-31 16:03:29,431 [INFO] UtilMem:75 - End SaveConfig() Used Memory: 781930488 Bytes (1073741824)
2025-01-31 16:03:57,453 [INFO] UtilMem:75 - End SaveConfig() Used Memory: 831075232 Bytes (1073741824)
2025-01-31 16:03:57,704 [INFO] BlockDiagram:2766 - set Specific Code input for plugin: SPI
2025-01-31 16:03:57,704 [INFO] BlockDiagram:2766 - set Specific Code input for plugin: SYS
2025-01-31 16:03:57,704 [INFO] BlockDiagram:2766 - set Specific Code input for plugin: RCC
2025-01-31 16:03:57,704 [INFO] BlockDiagram:2766 - set Specific Code input for plugin: NVIC
2025-01-31 16:03:57,704 [INFO] BlockDiagram:2766 - set Specific Code input for plugin: USART
2025-01-31 16:03:57,705 [INFO] BlockDiagram:2766 - set Specific Code input for plugin: GPIO
2025-01-31 16:03:57,706 [INFO] CodeGenerator:807 - code generatio: config db path: C:\ST\STM32CubeIDE_1.16.1\STM32CubeIDE\plugins\com.st.stm32cube.common.mx_6.12.1.202409122256\\db\
2025-01-31 16:03:57,817 [INFO] CodeEngine:255 - oldGeneratedFile, C:\Users\erik\Documents\GitHub\IS1300-Embedded_Systems\Embedded Systems - Last Project\MXTmpFiles\license.tmp_save
2025-01-31 16:03:57,933 [INFO] CodeEngine:279 - Generated code: C:\Users\erik\Documents\GitHub\IS1300-Embedded_Systems\Embedded Systems - Last Project\MXTmpFiles\license.tmp
2025-01-31 16:03:58,009 [INFO] CodeEngine:255 - oldGeneratedFile, C:\Users\erik\Documents\GitHub\IS1300-Embedded_Systems\Embedded Systems - Last Project\Core\Src\gpio.c_save
2025-01-31 16:03:58,163 [INFO] CodeEngine:279 - Generated code: C:\Users\erik\Documents\GitHub\IS1300-Embedded_Systems\Embedded Systems - Last Project\Core\Src\gpio.c
2025-01-31 16:03:58,191 [INFO] CodeEngine:255 - oldGeneratedFile, C:\Users\erik\Documents\GitHub\IS1300-Embedded_Systems\Embedded Systems - Last Project\Core\Inc\gpio.h_save
2025-01-31 16:03:58,304 [INFO] CodeEngine:279 - Generated code: C:\Users\erik\Documents\GitHub\IS1300-Embedded_Systems\Embedded Systems - Last Project\Core\Inc\gpio.h
2025-01-31 16:03:58,540 [INFO] CodeEngine:255 - oldGeneratedFile, C:\Users\erik\Documents\GitHub\IS1300-Embedded_Systems\Embedded Systems - Last Project\Core\Src\spi.c_save
2025-01-31 16:03:58,739 [INFO] CodeEngine:279 - Generated code: C:\Users\erik\Documents\GitHub\IS1300-Embedded_Systems\Embedded Systems - Last Project\Core\Src\spi.c
2025-01-31 16:03:58,780 [INFO] CodeEngine:255 - oldGeneratedFile, C:\Users\erik\Documents\GitHub\IS1300-Embedded_Systems\Embedded Systems - Last Project\Core\Inc\spi.h_save
2025-01-31 16:03:58,891 [INFO] CodeEngine:279 - Generated code: C:\Users\erik\Documents\GitHub\IS1300-Embedded_Systems\Embedded Systems - Last Project\Core\Inc\spi.h
2025-01-31 16:03:58,923 [INFO] CodeEngine:255 - oldGeneratedFile, C:\Users\erik\Documents\GitHub\IS1300-Embedded_Systems\Embedded Systems - Last Project\Core\Src\usart.c_save
2025-01-31 16:03:59,079 [INFO] CodeEngine:279 - Generated code: C:\Users\erik\Documents\GitHub\IS1300-Embedded_Systems\Embedded Systems - Last Project\Core\Src\usart.c
2025-01-31 16:03:59,088 [INFO] CodeEngine:255 - oldGeneratedFile, C:\Users\erik\Documents\GitHub\IS1300-Embedded_Systems\Embedded Systems - Last Project\Core\Inc\usart.h_save
2025-01-31 16:03:59,183 [INFO] CodeEngine:279 - Generated code: C:\Users\erik\Documents\GitHub\IS1300-Embedded_Systems\Embedded Systems - Last Project\Core\Inc\usart.h
2025-01-31 16:03:59,216 [INFO] CodeEngine:255 - oldGeneratedFile, C:\Users\erik\Documents\GitHub\IS1300-Embedded_Systems\Embedded Systems - Last Project\Core\Src\stm32l4xx_it.c_save
2025-01-31 16:03:59,419 [INFO] CodeEngine:279 - Generated code: C:\Users\erik\Documents\GitHub\IS1300-Embedded_Systems\Embedded Systems - Last Project\Core\Src\stm32l4xx_it.c
2025-01-31 16:03:59,428 [INFO] CodeEngine:255 - oldGeneratedFile, C:\Users\erik\Documents\GitHub\IS1300-Embedded_Systems\Embedded Systems - Last Project\Core\Inc\stm32l4xx_it.h_save
2025-01-31 16:03:59,525 [INFO] CodeEngine:279 - Generated code: C:\Users\erik\Documents\GitHub\IS1300-Embedded_Systems\Embedded Systems - Last Project\Core\Inc\stm32l4xx_it.h
2025-01-31 16:03:59,569 [INFO] CodeEngine:255 - oldGeneratedFile, C:\Users\erik\Documents\GitHub\IS1300-Embedded_Systems\Embedded Systems - Last Project\Core\Src\stm32l4xx_hal_msp.c_save
2025-01-31 16:03:59,727 [INFO] CodeEngine:279 - Generated code: C:\Users\erik\Documents\GitHub\IS1300-Embedded_Systems\Embedded Systems - Last Project\Core\Src\stm32l4xx_hal_msp.c
2025-01-31 16:03:59,734 [INFO] CodeEngine:255 - oldGeneratedFile, C:\Users\erik\Documents\GitHub\IS1300-Embedded_Systems\Embedded Systems - Last Project\MXTmpFiles\system.tmp_save
2025-01-31 16:03:59,828 [INFO] CodeEngine:279 - Generated code: C:\Users\erik\Documents\GitHub\IS1300-Embedded_Systems\Embedded Systems - Last Project\MXTmpFiles\system.tmp
2025-01-31 16:03:59,857 [INFO] CodeEngine:311 - oldGeneratedFile, C:\Users\erik\Documents\GitHub\IS1300-Embedded_Systems\Embedded Systems - Last Project\Core\Inc\stm32l4xx_hal_conf.h_save
2025-01-31 16:04:00,014 [INFO] CodeEngine:335 - Generated code: C:\Users\erik\Documents\GitHub\IS1300-Embedded_Systems\Embedded Systems - Last Project\Core\Inc\stm32l4xx_hal_conf.h
2025-01-31 16:04:00,096 [INFO] CodeEngine:255 - oldGeneratedFile, C:\Users\erik\Documents\GitHub\IS1300-Embedded_Systems\Embedded Systems - Last Project\Core\Inc\main.h_save
2025-01-31 16:04:00,260 [INFO] CodeEngine:279 - Generated code: C:\Users\erik\Documents\GitHub\IS1300-Embedded_Systems\Embedded Systems - Last Project\Core\Inc\main.h
2025-01-31 16:04:00,319 [INFO] CodeEngine:255 - oldGeneratedFile, C:\Users\erik\Documents\GitHub\IS1300-Embedded_Systems\Embedded Systems - Last Project\Core\Src\main.c_save
2025-01-31 16:04:00,468 [INFO] CodeEngine:279 - Generated code: C:\Users\erik\Documents\GitHub\IS1300-Embedded_Systems\Embedded Systems - Last Project\Core\Src\main.c
2025-01-31 16:04:00,931 [INFO] ProjectBuilder:3249 - Time for Copy HAL[1] : 256mS.
2025-01-31 16:04:00,939 [INFO] ProjectBuilder:4828 - Project Generator version: 4.5.0-B34
2025-01-31 16:04:01,044 [INFO] ConfigFileManager:1531 - The Die is : DIE415
2025-01-31 16:04:01,973 [INFO] ProjectBuilder:5097 - Time for Generating toolchain IDE Files: 1034mS.
2025-01-31 16:04:01,974 [INFO] ProjectBuilder:3107 - Time for Copy CMSIS : 1mS.
2025-01-31 16:04:01,979 [INFO] ProjectBuilder:3107 - Time for Copy CMSIS : 0mS.
2025-01-31 16:04:42,026 [INFO] NvicIntPanel:101 - NVIC parent = com.st.microxplorer.plugins.ip.nvic.MultiNvicIntPanel[,0,0,0x0,invalid,layout=javax.swing.BoxLayout,alignmentX=0.0,alignmentY=0.0,border=,flags=9,maximumSize=,minimumSize=,preferredSize=]
2025-01-31 16:04:42,170 [INFO] NvicIntPanel:101 - NVIC parent = com.st.microxplorer.plugins.ip.nvic.MultiNvicIntPanel[,0,0,0x0,invalid,layout=javax.swing.BoxLayout,alignmentX=0.0,alignmentY=0.0,border=,flags=9,maximumSize=,minimumSize=,preferredSize=]
2025-01-31 16:04:47,557 [INFO] UtilMem:75 - End SaveConfig() Used Memory: 827976400 Bytes (1073741824)
2025-01-31 16:04:49,580 [INFO] UtilMem:75 - End SaveConfig() Used Memory: 864150224 Bytes (1073741824)
2025-01-31 16:04:49,852 [INFO] BlockDiagram:2766 - set Specific Code input for plugin: SPI
2025-01-31 16:04:49,852 [INFO] BlockDiagram:2766 - set Specific Code input for plugin: SYS
2025-01-31 16:04:49,852 [INFO] BlockDiagram:2766 - set Specific Code input for plugin: RCC
2025-01-31 16:04:49,852 [INFO] BlockDiagram:2766 - set Specific Code input for plugin: NVIC
2025-01-31 16:04:49,852 [INFO] BlockDiagram:2766 - set Specific Code input for plugin: USART
2025-01-31 16:04:49,852 [INFO] BlockDiagram:2766 - set Specific Code input for plugin: GPIO
2025-01-31 16:04:49,854 [INFO] CodeGenerator:807 - code generatio: config db path: C:\ST\STM32CubeIDE_1.16.1\STM32CubeIDE\plugins\com.st.stm32cube.common.mx_6.12.1.202409122256\\db\
2025-01-31 16:04:49,952 [INFO] CodeEngine:255 - oldGeneratedFile, C:\Users\erik\Documents\GitHub\IS1300-Embedded_Systems\Embedded Systems - Last Project\MXTmpFiles\license.tmp_save
2025-01-31 16:04:50,090 [INFO] CodeEngine:279 - Generated code: C:\Users\erik\Documents\GitHub\IS1300-Embedded_Systems\Embedded Systems - Last Project\MXTmpFiles\license.tmp
2025-01-31 16:04:50,168 [INFO] CodeEngine:255 - oldGeneratedFile, C:\Users\erik\Documents\GitHub\IS1300-Embedded_Systems\Embedded Systems - Last Project\Core\Src\gpio.c_save
2025-01-31 16:04:50,361 [INFO] CodeEngine:279 - Generated code: C:\Users\erik\Documents\GitHub\IS1300-Embedded_Systems\Embedded Systems - Last Project\Core\Src\gpio.c
2025-01-31 16:04:50,369 [INFO] CodeEngine:255 - oldGeneratedFile, C:\Users\erik\Documents\GitHub\IS1300-Embedded_Systems\Embedded Systems - Last Project\Core\Inc\gpio.h_save
2025-01-31 16:04:50,468 [INFO] CodeEngine:279 - Generated code: C:\Users\erik\Documents\GitHub\IS1300-Embedded_Systems\Embedded Systems - Last Project\Core\Inc\gpio.h
2025-01-31 16:04:50,683 [INFO] CodeEngine:255 - oldGeneratedFile, C:\Users\erik\Documents\GitHub\IS1300-Embedded_Systems\Embedded Systems - Last Project\Core\Src\spi.c_save
2025-01-31 16:04:50,810 [INFO] CodeEngine:279 - Generated code: C:\Users\erik\Documents\GitHub\IS1300-Embedded_Systems\Embedded Systems - Last Project\Core\Src\spi.c
2025-01-31 16:04:50,819 [INFO] CodeEngine:255 - oldGeneratedFile, C:\Users\erik\Documents\GitHub\IS1300-Embedded_Systems\Embedded Systems - Last Project\Core\Inc\spi.h_save
2025-01-31 16:04:50,915 [INFO] CodeEngine:279 - Generated code: C:\Users\erik\Documents\GitHub\IS1300-Embedded_Systems\Embedded Systems - Last Project\Core\Inc\spi.h
2025-01-31 16:04:50,947 [INFO] CodeEngine:255 - oldGeneratedFile, C:\Users\erik\Documents\GitHub\IS1300-Embedded_Systems\Embedded Systems - Last Project\Core\Src\usart.c_save
2025-01-31 16:04:51,073 [INFO] CodeEngine:279 - Generated code: C:\Users\erik\Documents\GitHub\IS1300-Embedded_Systems\Embedded Systems - Last Project\Core\Src\usart.c
2025-01-31 16:04:51,082 [INFO] CodeEngine:255 - oldGeneratedFile, C:\Users\erik\Documents\GitHub\IS1300-Embedded_Systems\Embedded Systems - Last Project\Core\Inc\usart.h_save
2025-01-31 16:04:51,175 [INFO] CodeEngine:279 - Generated code: C:\Users\erik\Documents\GitHub\IS1300-Embedded_Systems\Embedded Systems - Last Project\Core\Inc\usart.h
2025-01-31 16:04:51,209 [INFO] CodeEngine:255 - oldGeneratedFile, C:\Users\erik\Documents\GitHub\IS1300-Embedded_Systems\Embedded Systems - Last Project\Core\Src\stm32l4xx_it.c_save
2025-01-31 16:04:51,320 [INFO] CodeEngine:279 - Generated code: C:\Users\erik\Documents\GitHub\IS1300-Embedded_Systems\Embedded Systems - Last Project\Core\Src\stm32l4xx_it.c
2025-01-31 16:04:51,328 [INFO] CodeEngine:255 - oldGeneratedFile, C:\Users\erik\Documents\GitHub\IS1300-Embedded_Systems\Embedded Systems - Last Project\Core\Inc\stm32l4xx_it.h_save
2025-01-31 16:04:51,423 [INFO] CodeEngine:279 - Generated code: C:\Users\erik\Documents\GitHub\IS1300-Embedded_Systems\Embedded Systems - Last Project\Core\Inc\stm32l4xx_it.h
2025-01-31 16:04:51,458 [INFO] CodeEngine:255 - oldGeneratedFile, C:\Users\erik\Documents\GitHub\IS1300-Embedded_Systems\Embedded Systems - Last Project\Core\Src\stm32l4xx_hal_msp.c_save
2025-01-31 16:04:51,605 [INFO] CodeEngine:279 - Generated code: C:\Users\erik\Documents\GitHub\IS1300-Embedded_Systems\Embedded Systems - Last Project\Core\Src\stm32l4xx_hal_msp.c
2025-01-31 16:04:51,612 [INFO] CodeEngine:255 - oldGeneratedFile, C:\Users\erik\Documents\GitHub\IS1300-Embedded_Systems\Embedded Systems - Last Project\MXTmpFiles\system.tmp_save
2025-01-31 16:04:51,703 [INFO] CodeEngine:279 - Generated code: C:\Users\erik\Documents\GitHub\IS1300-Embedded_Systems\Embedded Systems - Last Project\MXTmpFiles\system.tmp
2025-01-31 16:04:51,751 [INFO] CodeEngine:311 - oldGeneratedFile, C:\Users\erik\Documents\GitHub\IS1300-Embedded_Systems\Embedded Systems - Last Project\Core\Inc\stm32l4xx_hal_conf.h_save
2025-01-31 16:04:51,891 [INFO] CodeEngine:335 - Generated code: C:\Users\erik\Documents\GitHub\IS1300-Embedded_Systems\Embedded Systems - Last Project\Core\Inc\stm32l4xx_hal_conf.h
2025-01-31 16:04:51,967 [INFO] CodeEngine:255 - oldGeneratedFile, C:\Users\erik\Documents\GitHub\IS1300-Embedded_Systems\Embedded Systems - Last Project\Core\Inc\main.h_save
2025-01-31 16:04:52,093 [INFO] CodeEngine:279 - Generated code: C:\Users\erik\Documents\GitHub\IS1300-Embedded_Systems\Embedded Systems - Last Project\Core\Inc\main.h
2025-01-31 16:04:52,118 [INFO] CodeEngine:255 - oldGeneratedFile, C:\Users\erik\Documents\GitHub\IS1300-Embedded_Systems\Embedded Systems - Last Project\Core\Src\main.c_save
2025-01-31 16:04:52,239 [INFO] CodeEngine:279 - Generated code: C:\Users\erik\Documents\GitHub\IS1300-Embedded_Systems\Embedded Systems - Last Project\Core\Src\main.c
2025-01-31 16:04:52,755 [INFO] ProjectBuilder:3249 - Time for Copy HAL[1] : 267mS.
2025-01-31 16:04:52,761 [INFO] ProjectBuilder:4828 - Project Generator version: 4.5.0-B34
2025-01-31 16:04:52,897 [INFO] ConfigFileManager:1531 - The Die is : DIE415
2025-01-31 16:04:54,037 [INFO] ProjectBuilder:5097 - Time for Generating toolchain IDE Files: 1277mS.
2025-01-31 16:04:54,039 [INFO] ProjectBuilder:3107 - Time for Copy CMSIS : 0mS.
2025-01-31 16:04:54,044 [INFO] ProjectBuilder:3107 - Time for Copy CMSIS : 0mS.
2025-01-31 16:07:02,612 [INFO] NvicIntPanel:101 - NVIC parent = com.st.microxplorer.plugins.ip.nvic.MultiNvicIntPanel[,0,0,0x0,invalid,layout=javax.swing.BoxLayout,alignmentX=0.0,alignmentY=0.0,border=,flags=9,maximumSize=,minimumSize=,preferredSize=]
2025-01-31 16:07:02,789 [INFO] NvicIntPanel:101 - NVIC parent = com.st.microxplorer.plugins.ip.nvic.MultiNvicIntPanel[,0,0,0x0,invalid,layout=javax.swing.BoxLayout,alignmentX=0.0,alignmentY=0.0,border=,flags=9,maximumSize=,minimumSize=,preferredSize=]
2025-01-31 16:07:08,611 [INFO] UtilMem:75 - End SaveConfig() Used Memory: 679627072 Bytes (1073741824)
2025-01-31 16:07:10,260 [INFO] UtilMem:75 - End SaveConfig() Used Memory: 714230080 Bytes (1073741824)
2025-01-31 16:07:10,547 [INFO] BlockDiagram:2766 - set Specific Code input for plugin: SPI
2025-01-31 16:07:10,547 [INFO] BlockDiagram:2766 - set Specific Code input for plugin: SYS
2025-01-31 16:07:10,547 [INFO] BlockDiagram:2766 - set Specific Code input for plugin: RCC
2025-01-31 16:07:10,547 [INFO] BlockDiagram:2766 - set Specific Code input for plugin: NVIC
2025-01-31 16:07:10,547 [INFO] BlockDiagram:2766 - set Specific Code input for plugin: USART
2025-01-31 16:07:10,548 [INFO] BlockDiagram:2766 - set Specific Code input for plugin: GPIO
2025-01-31 16:07:10,549 [INFO] CodeGenerator:807 - code generatio: config db path: C:\ST\STM32CubeIDE_1.16.1\STM32CubeIDE\plugins\com.st.stm32cube.common.mx_6.12.1.202409122256\\db\
2025-01-31 16:07:10,654 [INFO] CodeEngine:255 - oldGeneratedFile, C:\Users\erik\Documents\GitHub\IS1300-Embedded_Systems\Embedded Systems - Last Project\MXTmpFiles\license.tmp_save
2025-01-31 16:07:10,782 [INFO] CodeEngine:279 - Generated code: C:\Users\erik\Documents\GitHub\IS1300-Embedded_Systems\Embedded Systems - Last Project\MXTmpFiles\license.tmp
2025-01-31 16:07:10,854 [INFO] CodeEngine:255 - oldGeneratedFile, C:\Users\erik\Documents\GitHub\IS1300-Embedded_Systems\Embedded Systems - Last Project\Core\Src\gpio.c_save
2025-01-31 16:07:11,000 [INFO] CodeEngine:279 - Generated code: C:\Users\erik\Documents\GitHub\IS1300-Embedded_Systems\Embedded Systems - Last Project\Core\Src\gpio.c
2025-01-31 16:07:11,009 [INFO] CodeEngine:255 - oldGeneratedFile, C:\Users\erik\Documents\GitHub\IS1300-Embedded_Systems\Embedded Systems - Last Project\Core\Inc\gpio.h_save
2025-01-31 16:07:11,106 [INFO] CodeEngine:279 - Generated code: C:\Users\erik\Documents\GitHub\IS1300-Embedded_Systems\Embedded Systems - Last Project\Core\Inc\gpio.h
2025-01-31 16:07:11,328 [INFO] CodeEngine:255 - oldGeneratedFile, C:\Users\erik\Documents\GitHub\IS1300-Embedded_Systems\Embedded Systems - Last Project\Core\Src\spi.c_save
2025-01-31 16:07:11,495 [INFO] CodeEngine:279 - Generated code: C:\Users\erik\Documents\GitHub\IS1300-Embedded_Systems\Embedded Systems - Last Project\Core\Src\spi.c
2025-01-31 16:07:11,523 [INFO] CodeEngine:255 - oldGeneratedFile, C:\Users\erik\Documents\GitHub\IS1300-Embedded_Systems\Embedded Systems - Last Project\Core\Inc\spi.h_save
2025-01-31 16:07:11,624 [INFO] CodeEngine:279 - Generated code: C:\Users\erik\Documents\GitHub\IS1300-Embedded_Systems\Embedded Systems - Last Project\Core\Inc\spi.h
2025-01-31 16:07:11,653 [INFO] CodeEngine:255 - oldGeneratedFile, C:\Users\erik\Documents\GitHub\IS1300-Embedded_Systems\Embedded Systems - Last Project\Core\Src\usart.c_save
2025-01-31 16:07:11,776 [INFO] CodeEngine:279 - Generated code: C:\Users\erik\Documents\GitHub\IS1300-Embedded_Systems\Embedded Systems - Last Project\Core\Src\usart.c
2025-01-31 16:07:11,784 [INFO] CodeEngine:255 - oldGeneratedFile, C:\Users\erik\Documents\GitHub\IS1300-Embedded_Systems\Embedded Systems - Last Project\Core\Inc\usart.h_save
2025-01-31 16:07:11,877 [INFO] CodeEngine:279 - Generated code: C:\Users\erik\Documents\GitHub\IS1300-Embedded_Systems\Embedded Systems - Last Project\Core\Inc\usart.h
2025-01-31 16:07:11,909 [INFO] CodeEngine:255 - oldGeneratedFile, C:\Users\erik\Documents\GitHub\IS1300-Embedded_Systems\Embedded Systems - Last Project\Core\Src\stm32l4xx_it.c_save
2025-01-31 16:07:12,023 [INFO] CodeEngine:279 - Generated code: C:\Users\erik\Documents\GitHub\IS1300-Embedded_Systems\Embedded Systems - Last Project\Core\Src\stm32l4xx_it.c
2025-01-31 16:07:12,031 [INFO] CodeEngine:255 - oldGeneratedFile, C:\Users\erik\Documents\GitHub\IS1300-Embedded_Systems\Embedded Systems - Last Project\Core\Inc\stm32l4xx_it.h_save
2025-01-31 16:07:12,127 [INFO] CodeEngine:279 - Generated code: C:\Users\erik\Documents\GitHub\IS1300-Embedded_Systems\Embedded Systems - Last Project\Core\Inc\stm32l4xx_it.h
2025-01-31 16:07:12,161 [INFO] CodeEngine:255 - oldGeneratedFile, C:\Users\erik\Documents\GitHub\IS1300-Embedded_Systems\Embedded Systems - Last Project\Core\Src\stm32l4xx_hal_msp.c_save
2025-01-31 16:07:12,303 [INFO] CodeEngine:279 - Generated code: C:\Users\erik\Documents\GitHub\IS1300-Embedded_Systems\Embedded Systems - Last Project\Core\Src\stm32l4xx_hal_msp.c
2025-01-31 16:07:12,309 [INFO] CodeEngine:255 - oldGeneratedFile, C:\Users\erik\Documents\GitHub\IS1300-Embedded_Systems\Embedded Systems - Last Project\MXTmpFiles\system.tmp_save
2025-01-31 16:07:12,387 [INFO] CodeEngine:279 - Generated code: C:\Users\erik\Documents\GitHub\IS1300-Embedded_Systems\Embedded Systems - Last Project\MXTmpFiles\system.tmp
2025-01-31 16:07:12,419 [INFO] CodeEngine:311 - oldGeneratedFile, C:\Users\erik\Documents\GitHub\IS1300-Embedded_Systems\Embedded Systems - Last Project\Core\Inc\stm32l4xx_hal_conf.h_save
2025-01-31 16:07:12,549 [INFO] CodeEngine:335 - Generated code: C:\Users\erik\Documents\GitHub\IS1300-Embedded_Systems\Embedded Systems - Last Project\Core\Inc\stm32l4xx_hal_conf.h
2025-01-31 16:07:12,614 [INFO] CodeEngine:255 - oldGeneratedFile, C:\Users\erik\Documents\GitHub\IS1300-Embedded_Systems\Embedded Systems - Last Project\Core\Inc\main.h_save
2025-01-31 16:07:12,741 [INFO] CodeEngine:279 - Generated code: C:\Users\erik\Documents\GitHub\IS1300-Embedded_Systems\Embedded Systems - Last Project\Core\Inc\main.h
2025-01-31 16:07:12,765 [INFO] CodeEngine:255 - oldGeneratedFile, C:\Users\erik\Documents\GitHub\IS1300-Embedded_Systems\Embedded Systems - Last Project\Core\Src\main.c_save
2025-01-31 16:07:12,882 [INFO] CodeEngine:279 - Generated code: C:\Users\erik\Documents\GitHub\IS1300-Embedded_Systems\Embedded Systems - Last Project\Core\Src\main.c
2025-01-31 16:07:13,368 [INFO] ProjectBuilder:3249 - Time for Copy HAL[1] : 255mS.
2025-01-31 16:07:13,374 [INFO] ProjectBuilder:4828 - Project Generator version: 4.5.0-B34
2025-01-31 16:07:13,496 [INFO] ConfigFileManager:1531 - The Die is : DIE415
2025-01-31 16:07:14,432 [INFO] ProjectBuilder:5097 - Time for Generating toolchain IDE Files: 1058mS.
2025-01-31 16:07:14,433 [INFO] ProjectBuilder:3107 - Time for Copy CMSIS : 0mS.
2025-01-31 16:07:14,438 [INFO] ProjectBuilder:3107 - Time for Copy CMSIS : 0mS.
2025-01-31 16:25:43,379 [INFO] NvicIntPanel:101 - NVIC parent = com.st.microxplorer.plugins.ip.nvic.MultiNvicIntPanel[,0,0,0x0,invalid,layout=javax.swing.BoxLayout,alignmentX=0.0,alignmentY=0.0,border=,flags=9,maximumSize=,minimumSize=,preferredSize=]
2025-01-31 16:25:43,524 [INFO] NvicIntPanel:101 - NVIC parent = com.st.microxplorer.plugins.ip.nvic.MultiNvicIntPanel[,0,0,0x0,invalid,layout=javax.swing.BoxLayout,alignmentX=0.0,alignmentY=0.0,border=,flags=9,maximumSize=,minimumSize=,preferredSize=]
2025-01-31 16:25:46,435 [INFO] NvicIntPanel:101 - NVIC parent = com.st.microxplorer.plugins.ip.nvic.MultiNvicIntPanel[,0,0,0x0,invalid,layout=javax.swing.BoxLayout,alignmentX=0.0,alignmentY=0.0,border=,flags=9,maximumSize=,minimumSize=,preferredSize=]
2025-01-31 16:25:46,596 [INFO] NvicIntPanel:101 - NVIC parent = com.st.microxplorer.plugins.ip.nvic.MultiNvicIntPanel[,0,0,0x0,invalid,layout=javax.swing.BoxLayout,alignmentX=0.0,alignmentY=0.0,border=,flags=9,maximumSize=,minimumSize=,preferredSize=]
