2024-12-17 14:22:36,491 [INFO] Activator:176 - 


2024-12-17 14:22:36,496 [INFO] Activator:177 - !SESSION log4j initialized
2024-12-17 14:22:41,655 [INFO] LogOutputStream:77 - [STDOUT_REDIRECT] 
2024-12-17 14:22:45,582 [INFO] ApplicationProperties:184 - Using Application install path: C:\ST\STM32CubeIDE_1.16.1\STM32CubeIDE\plugins\com.st.stm32cube.common.mx_6.12.1.202409122256
2024-12-17 14:22:45,606 [INFO] DbMcusXml:78 - Set database path to: C:\ST\STM32CubeIDE_1.16.1\STM32CubeIDE\plugins\com.st.stm32cube.common.mx_6.12.1.202409122256\\db\/mcu/
2024-12-17 14:22:45,606 [INFO] ApiDb:274 - Set plugin database path to: C:\ST\STM32CubeIDE_1.16.1\STM32CubeIDE\plugins\com.st.stm32cube.common.mx_6.12.1.202409122256\\db\/plugins/boardmanager/
2024-12-17 14:22:45,607 [WARN] ApiDb:259 - Overriding images path with different value:  => C:\ST\STM32CubeIDE_1.16.1\STM32CubeIDE\plugins\com.st.stm32cube.common.mx_6.12.1.202409122256\\db\/plugins/mcufinder/images/
2024-12-17 14:22:45,618 [INFO] ApiDb:250 - Set database path to: C:\Users\erik\.stmcufinder\plugins\mcufinder//mcu/
2024-12-17 14:22:45,620 [INFO] DbMcusAds:125 - Set database path to: C:\Users\erik\.stmcufinder\plugins\mcufinder//mcu/
2024-12-17 14:22:45,623 [INFO] CrossReferenceDbSqlite:203 - Set database path to: C:\Users\erik\.stmcufinder\plugins\mcufinder//mcu/cs/
2024-12-17 14:22:45,754 [INFO] RulesReader:64 - Compatibility file has been processed (297 Rules)
2024-12-17 14:22:45,855 [INFO] DbMcusXml:78 - Set database path to: C:\ST\STM32CubeIDE_1.16.1\STM32CubeIDE\plugins\com.st.stm32cube.common.mx_6.12.1.202409122256\\db\/mcu/
2024-12-17 14:22:45,855 [INFO] ApiDb:274 - Set plugin database path to: C:\ST\STM32CubeIDE_1.16.1\STM32CubeIDE\plugins\com.st.stm32cube.common.mx_6.12.1.202409122256\\db\/plugins/boardmanager/
2024-12-17 14:22:45,855 [INFO] ApiDb:261 - Set plugin images path to: C:\ST\STM32CubeIDE_1.16.1\STM32CubeIDE\plugins\com.st.stm32cube.common.mx_6.12.1.202409122256\\db\/plugins/mcufinder/images/
2024-12-17 14:22:45,855 [WARN] DbFile:41 - Overriding database path with different value: C:\Users\erik\.stmcufinder\plugins\mcufinder/ => C:\Users\erik\.stmcufinder\plugins\mcufinder
2024-12-17 14:22:45,856 [INFO] ApiDb:250 - Set database path to: C:\Users\erik\.stmcufinder\plugins\mcufinder//mcu/
2024-12-17 14:22:45,856 [WARN] DbFile:41 - Overriding database path with different value: C:\Users\erik\.stmcufinder\plugins\mcufinder/ => C:\Users\erik\.stmcufinder\plugins\mcufinder
2024-12-17 14:22:45,856 [INFO] DbMcusAds:125 - Set database path to: C:\Users\erik\.stmcufinder\plugins\mcufinder//mcu/
2024-12-17 14:22:45,856 [WARN] DbFile:41 - Overriding database path with different value: C:\Users\erik\.stmcufinder\plugins\mcufinder/ => C:\Users\erik\.stmcufinder\plugins\mcufinder
2024-12-17 14:22:45,856 [WARN] DbFile:41 - Overriding database path with different value: C:\Users\erik\.stmcufinder\plugins\mcufinder/ => C:\Users\erik\.stmcufinder\plugins\mcufinder
2024-12-17 14:22:45,856 [INFO] CrossReferenceDbSqlite:203 - Set database path to: C:\Users\erik\.stmcufinder\plugins\mcufinder//mcu/cs/
2024-12-17 14:22:45,956 [INFO] MainPanel:268 - HeapMemory: 268435456
2024-12-17 14:22:46,079 [INFO] DbMcusXml:78 - Set database path to: C:\ST\STM32CubeIDE_1.16.1\STM32CubeIDE\plugins\com.st.stm32cube.common.mx_6.12.1.202409122256\\db\/mcu/
2024-12-17 14:22:46,079 [INFO] ApiDb:274 - Set plugin database path to: C:\ST\STM32CubeIDE_1.16.1\STM32CubeIDE\plugins\com.st.stm32cube.common.mx_6.12.1.202409122256\\db\/plugins/boardmanager/
2024-12-17 14:22:46,079 [INFO] ApiDb:261 - Set plugin images path to: C:\ST\STM32CubeIDE_1.16.1\STM32CubeIDE\plugins\com.st.stm32cube.common.mx_6.12.1.202409122256\\db\/plugins/mcufinder/images/
2024-12-17 14:22:46,080 [WARN] DbFile:41 - Overriding database path with different value: C:\Users\erik\.stmcufinder\plugins\mcufinder/ => C:\Users\erik\.stmcufinder\plugins\mcufinder
2024-12-17 14:22:46,080 [INFO] ApiDb:250 - Set database path to: C:\Users\erik\.stmcufinder\plugins\mcufinder//mcu/
2024-12-17 14:22:46,080 [WARN] DbFile:41 - Overriding database path with different value: C:\Users\erik\.stmcufinder\plugins\mcufinder/ => C:\Users\erik\.stmcufinder\plugins\mcufinder
2024-12-17 14:22:46,080 [INFO] DbMcusAds:125 - Set database path to: C:\Users\erik\.stmcufinder\plugins\mcufinder//mcu/
2024-12-17 14:22:46,080 [WARN] DbFile:41 - Overriding database path with different value: C:\Users\erik\.stmcufinder\plugins\mcufinder/ => C:\Users\erik\.stmcufinder\plugins\mcufinder
2024-12-17 14:22:46,080 [WARN] DbFile:41 - Overriding database path with different value: C:\Users\erik\.stmcufinder\plugins\mcufinder/ => C:\Users\erik\.stmcufinder\plugins\mcufinder
2024-12-17 14:22:46,080 [INFO] CrossReferenceDbSqlite:203 - Set database path to: C:\Users\erik\.stmcufinder\plugins\mcufinder//mcu/cs/
2024-12-17 14:22:46,100 [INFO] ApplicationProperties:184 - Using Application install path: C:\ST\STM32CubeIDE_1.16.1\STM32CubeIDE\plugins\com.st.stm32cube.common.mx_6.12.1.202409122256
2024-12-17 14:22:46,102 [INFO] PluginManage:196 - Search for loadable plugins [exclusion list=, ]
2024-12-17 14:22:46,104 [INFO] PluginManage:310 - Check plugin analytics
2024-12-17 14:22:46,259 [INFO] AnalyticsPlugin:253 - Accepted Software Licenses: 
2024-12-17 14:22:46,260 [INFO] AnalyticsPlugin:255 - Accepted CMSIS Pack Licenses: 
2024-12-17 14:22:46,260 [INFO] AnalyticsPlugin:257 - Accepted Firmware Licenses: FW.L4.1.18.0
2024-12-17 14:22:46,263 [INFO] PluginManage:359 - Loaded plugin analytics (category:tool,tabindex:-1)
2024-12-17 14:22:46,263 [INFO] PluginManage:310 - Check plugin cadmodel
2024-12-17 14:22:46,282 [INFO] CADModel:105 - Init CAD model plugin
2024-12-17 14:22:46,283 [INFO] PluginManage:359 - Loaded plugin cadmodel (category:power,tabindex:5)
2024-12-17 14:22:46,283 [INFO] PluginManage:310 - Check plugin clock
2024-12-17 14:22:46,306 [INFO] PluginManage:359 - Loaded plugin clock (category:base,tabindex:2)
2024-12-17 14:22:46,307 [INFO] PluginManage:310 - Check plugin ddr
2024-12-17 14:22:46,310 [INFO] PluginManage:359 - Loaded plugin ddr (category:tool,tabindex:6)
2024-12-17 14:22:46,310 [INFO] PluginManage:310 - Check plugin filemanager
2024-12-17 14:22:46,462 [INFO] PluginManage:359 - Loaded plugin filemanager (category:base,tabindex:10)
2024-12-17 14:22:46,462 [INFO] PluginManage:310 - Check plugin ipmanager
2024-12-17 14:22:46,469 [INFO] PluginManage:359 - Loaded plugin ipmanager (category:base,tabindex:5)
2024-12-17 14:22:46,469 [INFO] PluginManage:310 - Check plugin lpbam
2024-12-17 14:22:46,488 [INFO] PluginManage:359 - Loaded plugin lpbam (category:base,tabindex:0)
2024-12-17 14:22:46,488 [INFO] PluginManage:310 - Check plugin memorymap
2024-12-17 14:22:46,514 [INFO] PluginManage:359 - Loaded plugin memorymap (category:base,tabindex:4)
2024-12-17 14:22:46,514 [INFO] PluginManage:310 - Check plugin pinoutandconfiguration
2024-12-17 14:22:46,538 [INFO] PluginManage:359 - Loaded plugin pinoutandconfiguration (category:base,tabindex:1)
2024-12-17 14:22:46,538 [INFO] PluginManage:310 - Check plugin pinoutconfig
2024-12-17 14:22:46,627 [WARN] SupportedApi:132 - Cannot load RTOS API schema: s4s-elt-must-match.1: The content of 'definitions' must match (annotation?, (simpleType | complexType)?, (unique | key | keyref)*)). A problem was found starting at: attribute.
2024-12-17 14:22:46,749 [INFO] PluginManage:359 - Loaded plugin pinoutconfig (category:base,tabindex:0)
2024-12-17 14:22:46,749 [INFO] PluginManage:310 - Check plugin power
2024-12-17 14:22:46,770 [INFO] PluginManage:359 - Loaded plugin power (category:power,tabindex:4)
2024-12-17 14:22:46,770 [INFO] PluginManage:310 - Check plugin projectmanager
2024-12-17 14:22:46,785 [INFO] PluginManage:359 - Loaded plugin projectmanager (category:projectmanager,tabindex:4)
2024-12-17 14:22:46,786 [INFO] PluginManage:310 - Check plugin rif
2024-12-17 14:22:46,808 [INFO] PluginManage:359 - Loaded plugin rif (category:base,tabindex:3)
2024-12-17 14:22:46,808 [INFO] PluginManage:310 - Check plugin thirdparty
2024-12-17 14:22:47,200 [INFO] PluginManage:359 - Loaded plugin thirdparty (category:base,tabindex:-1)
2024-12-17 14:22:47,200 [WARN] IntegrityCheckThread:84 - waiting for thirdparty lock release [integrity check]
2024-12-17 14:22:47,200 [INFO] IntegrityCheckThread:86 - entering critical section [integrity check]
2024-12-17 14:22:47,200 [INFO] PluginManage:310 - Check plugin tools
2024-12-17 14:22:47,200 [INFO] ThirdPartyUpdaterWithRetryManager:70 - Updater plugin not ready yet. [1/15]
2024-12-17 14:22:47,246 [INFO] PluginManage:359 - Loaded plugin tools (category:base,tabindex:7)
2024-12-17 14:22:47,246 [INFO] PluginManage:310 - Check plugin tutovideos
2024-12-17 14:22:47,475 [INFO] PluginManage:359 - Loaded plugin tutovideos (category:base,tabindex:-1)
2024-12-17 14:22:47,475 [INFO] PluginManage:310 - Check plugin updater
2024-12-17 14:22:47,497 [INFO] PluginManage:359 - Loaded plugin updater (category:base,tabindex:12)
2024-12-17 14:22:47,498 [INFO] PluginManage:310 - Check plugin userauth
2024-12-17 14:22:47,504 [INFO] UserAuth:113 - Init User Auth plugin
2024-12-17 14:22:47,504 [INFO] PluginManage:359 - Loaded plugin userauth (category:base,tabindex:14)
2024-12-17 14:22:47,505 [INFO] PluginManage:283 - PluginManage : Loaded plugins [18]
2024-12-17 14:22:47,773 [INFO] PinOutPanel:1561 - setPackage(No Configuration,No Configuration)
2024-12-17 14:22:47,899 [INFO] CADModel:165 - CPN selected for project level
2024-12-17 14:22:47,899 [INFO] CADModel:114 - Register for checkConnection events
2024-12-17 14:22:47,929 [INFO] IPUIPlugin:80 - create IPUIPlugin
2024-12-17 14:22:47,929 [INFO] PluginManager:220 - loadIPPluginJar : add adc
2024-12-17 14:22:47,973 [INFO] IPUIPlugin:80 - create IPUIPlugin
2024-12-17 14:22:47,973 [INFO] PluginManager:220 - loadIPPluginJar : add aes
2024-12-17 14:22:48,022 [INFO] IPUIPlugin:80 - create IPUIPlugin
2024-12-17 14:22:48,022 [INFO] PluginManager:220 - loadIPPluginJar : add can
2024-12-17 14:22:48,053 [INFO] IPUIPlugin:80 - create IPUIPlugin
2024-12-17 14:22:48,053 [INFO] PluginManager:220 - loadIPPluginJar : add comp
2024-12-17 14:22:48,095 [INFO] IPUIPlugin:80 - create IPUIPlugin
2024-12-17 14:22:48,095 [INFO] PluginManager:220 - loadIPPluginJar : add cryp
2024-12-17 14:22:48,112 [INFO] IPUIPlugin:80 - create IPUIPlugin
2024-12-17 14:22:48,112 [INFO] PluginManager:220 - loadIPPluginJar : add ddr_ctrl_phy
2024-12-17 14:22:48,141 [INFO] IPUIPlugin:80 - create IPUIPlugin
2024-12-17 14:22:48,141 [INFO] PluginManager:220 - loadIPPluginJar : add dfsdm
2024-12-17 14:22:48,158 [INFO] IPUIPlugin:80 - create IPUIPlugin
2024-12-17 14:22:48,159 [INFO] PluginManager:220 - loadIPPluginJar : add dma
2024-12-17 14:22:48,210 [INFO] IPUIPlugin:80 - create IPUIPlugin
2024-12-17 14:22:48,210 [INFO] PluginManager:220 - loadIPPluginJar : add dma3
2024-12-17 14:22:48,266 [INFO] IPUIPlugin:80 - create IPUIPlugin
2024-12-17 14:22:48,266 [INFO] PluginManager:220 - loadIPPluginJar : add extmemmanager
2024-12-17 14:22:48,295 [INFO] IPUIPlugin:80 - create IPUIPlugin
2024-12-17 14:22:48,295 [INFO] PluginManager:220 - loadIPPluginJar : add fatfs
2024-12-17 14:22:48,355 [INFO] IPUIPlugin:80 - create IPUIPlugin
2024-12-17 14:22:48,355 [INFO] PluginManager:220 - loadIPPluginJar : add fmc
2024-12-17 14:22:48,377 [INFO] IPUIPlugin:80 - create IPUIPlugin
2024-12-17 14:22:48,377 [INFO] PluginManager:220 - loadIPPluginJar : add freertos
2024-12-17 14:22:48,408 [INFO] IPUIPlugin:80 - create IPUIPlugin
2024-12-17 14:22:48,408 [INFO] PluginManager:220 - loadIPPluginJar : add genericplugin
2024-12-17 14:22:48,567 [INFO] IPUIPlugin:80 - create IPUIPlugin
2024-12-17 14:22:48,567 [INFO] PluginManager:220 - loadIPPluginJar : add gfxmmu
2024-12-17 14:22:48,722 [INFO] IPUIPlugin:80 - create IPUIPlugin
2024-12-17 14:22:48,722 [INFO] PluginManager:220 - loadIPPluginJar : add gic
2024-12-17 14:22:48,737 [INFO] IPUIPlugin:80 - create IPUIPlugin
2024-12-17 14:22:48,739 [INFO] PluginManager:220 - loadIPPluginJar : add gpio
2024-12-17 14:22:48,857 [INFO] IPUIPlugin:80 - create IPUIPlugin
2024-12-17 14:22:48,857 [INFO] PluginManager:220 - loadIPPluginJar : add gtzc
2024-12-17 14:22:48,916 [INFO] IPUIPlugin:80 - create IPUIPlugin
2024-12-17 14:22:48,916 [INFO] PluginManager:220 - loadIPPluginJar : add hash
2024-12-17 14:22:49,010 [INFO] IPUIPlugin:80 - create IPUIPlugin
2024-12-17 14:22:49,010 [INFO] PluginManager:220 - loadIPPluginJar : add i2c
2024-12-17 14:22:49,071 [INFO] IPUIPlugin:80 - create IPUIPlugin
2024-12-17 14:22:49,072 [INFO] PluginManager:220 - loadIPPluginJar : add i2s
2024-12-17 14:22:49,143 [INFO] IPUIPlugin:80 - create IPUIPlugin
2024-12-17 14:22:49,143 [INFO] PluginManager:220 - loadIPPluginJar : add i3c
2024-12-17 14:22:49,289 [INFO] IPUIPlugin:80 - create IPUIPlugin
2024-12-17 14:22:49,290 [INFO] PluginManager:220 - loadIPPluginJar : add ipddr
2024-12-17 14:22:49,397 [INFO] IPUIPlugin:80 - create IPUIPlugin
2024-12-17 14:22:49,397 [INFO] PluginManager:220 - loadIPPluginJar : add linkedlist
2024-12-17 14:22:49,434 [INFO] IPUIPlugin:80 - create IPUIPlugin
2024-12-17 14:22:49,435 [INFO] PluginManager:220 - loadIPPluginJar : add lorawan
2024-12-17 14:22:49,482 [INFO] IPUIPlugin:80 - create IPUIPlugin
2024-12-17 14:22:49,482 [INFO] PluginManager:220 - loadIPPluginJar : add ltdc
2024-12-17 14:22:49,503 [INFO] IPUIPlugin:80 - create IPUIPlugin
2024-12-17 14:22:49,503 [INFO] PluginManager:220 - loadIPPluginJar : add mdma
2024-12-17 14:22:49,522 [INFO] IPUIPlugin:80 - create IPUIPlugin
2024-12-17 14:22:49,522 [INFO] PluginManager:220 - loadIPPluginJar : add nvic
2024-12-17 14:22:49,583 [INFO] IPUIPlugin:80 - create IPUIPlugin
2024-12-17 14:22:49,583 [INFO] PluginManager:220 - loadIPPluginJar : add opamp
2024-12-17 14:22:49,686 [INFO] IPUIPlugin:80 - create IPUIPlugin
2024-12-17 14:22:49,686 [INFO] PluginManager:220 - loadIPPluginJar : add openamp
2024-12-17 14:22:49,758 [INFO] IPUIPlugin:80 - create IPUIPlugin
2024-12-17 14:22:49,758 [INFO] PluginManager:220 - loadIPPluginJar : add pdm2pcm
2024-12-17 14:22:49,777 [INFO] IPUIPlugin:80 - create IPUIPlugin
2024-12-17 14:22:49,781 [INFO] PluginManager:220 - loadIPPluginJar : add plateformsettings
2024-12-17 14:22:49,813 [INFO] IPUIPlugin:80 - create IPUIPlugin
2024-12-17 14:22:49,813 [INFO] PluginManager:220 - loadIPPluginJar : add quadspi
2024-12-17 14:22:49,847 [INFO] IPUIPlugin:80 - create IPUIPlugin
2024-12-17 14:22:49,848 [INFO] PluginManager:220 - loadIPPluginJar : add radio
2024-12-17 14:22:49,865 [INFO] IPUIPlugin:80 - create IPUIPlugin
2024-12-17 14:22:49,866 [INFO] PluginManager:220 - loadIPPluginJar : add resmgrutility
2024-12-17 14:22:49,924 [INFO] IPUIPlugin:80 - create IPUIPlugin
2024-12-17 14:22:49,924 [INFO] PluginManager:220 - loadIPPluginJar : add sai
2024-12-17 14:22:49,969 [INFO] IPUIPlugin:80 - create IPUIPlugin
2024-12-17 14:22:49,969 [INFO] PluginManager:220 - loadIPPluginJar : add spi
2024-12-17 14:22:50,054 [INFO] IPUIPlugin:80 - create IPUIPlugin
2024-12-17 14:22:50,054 [INFO] PluginManager:220 - loadIPPluginJar : add stm32_wpan
2024-12-17 14:22:50,085 [INFO] IPUIPlugin:80 - create IPUIPlugin
2024-12-17 14:22:50,085 [INFO] PluginManager:220 - loadIPPluginJar : add tim
2024-12-17 14:22:50,159 [INFO] IPUIPlugin:80 - create IPUIPlugin
2024-12-17 14:22:50,159 [INFO] PluginManager:220 - loadIPPluginJar : add touchsensing
2024-12-17 14:22:50,183 [INFO] IPUIPlugin:80 - create IPUIPlugin
2024-12-17 14:22:50,183 [INFO] PluginManager:220 - loadIPPluginJar : add tracer_emb
2024-12-17 14:22:50,212 [INFO] ThirdPartyUpdaterWithRetryManager:70 - Updater plugin not ready yet. [2/15]
2024-12-17 14:22:50,212 [INFO] IPUIPlugin:80 - create IPUIPlugin
2024-12-17 14:22:50,212 [INFO] PluginManager:220 - loadIPPluginJar : add ts
2024-12-17 14:22:50,240 [INFO] IPUIPlugin:80 - create IPUIPlugin
2024-12-17 14:22:50,240 [INFO] PluginManager:220 - loadIPPluginJar : add tsc
2024-12-17 14:22:50,269 [INFO] IPUIPlugin:80 - create IPUIPlugin
2024-12-17 14:22:50,269 [INFO] PluginManager:220 - loadIPPluginJar : add ucpd
2024-12-17 14:22:50,322 [INFO] IPUIPlugin:80 - create IPUIPlugin
2024-12-17 14:22:50,322 [INFO] PluginManager:220 - loadIPPluginJar : add usart
2024-12-17 14:22:50,371 [INFO] IPUIPlugin:80 - create IPUIPlugin
2024-12-17 14:22:50,371 [INFO] PluginManager:220 - loadIPPluginJar : add usbx
2024-12-17 14:22:50,510 [INFO] CADModel:165 - CPN selected for project level
2024-12-17 14:22:50,510 [INFO] CADModel:114 - Register for checkConnection events
2024-12-17 14:22:50,510 [FATAL] Updater:334 - Updater called before beeing initialized
2024-12-17 14:22:50,511 [ERROR] CADModel:125 - Updater not yet initialized, retry later 
2024-12-17 14:22:50,703 [INFO] CADModel:165 - CPN selected for project level
2024-12-17 14:22:50,703 [INFO] CADModel:114 - Register for checkConnection events
2024-12-17 14:22:50,704 [FATAL] Updater:334 - Updater called before beeing initialized
2024-12-17 14:22:50,704 [ERROR] CADModel:125 - Updater not yet initialized, retry later 
2024-12-17 14:22:50,708 [FATAL] Updater:334 - Updater called before beeing initialized
2024-12-17 14:22:50,841 [FATAL] Updater:334 - Updater called before beeing initialized
2024-12-17 14:22:50,859 [INFO] DbMcusAds:53 - JSON generation date=Fri Sep 20 15:04:23 CEST 2024 (1726837463113)
2024-12-17 14:22:50,860 [FATAL] Updater:334 - Updater called before beeing initialized
2024-12-17 14:22:50,905 [WARN] DetailPanel:346 - Failed to get advertising image, set to default
2024-12-17 14:22:51,009 [FATAL] Updater:334 - Updater called before beeing initialized
2024-12-17 14:22:51,011 [FATAL] Updater:334 - Updater called before beeing initialized
2024-12-17 14:22:51,011 [FATAL] Updater:334 - Updater called before beeing initialized
2024-12-17 14:22:51,011 [WARN] DetailPanel:346 - Failed to get advertising image, set to default
2024-12-17 14:22:51,012 [FATAL] Updater:334 - Updater called before beeing initialized
2024-12-17 14:22:51,126 [ERROR] Updater:1164 - MainUpdater not yet initialized. External WinMGr cannot be set.
2024-12-17 14:22:51,141 [INFO] Updater:1100 - Updater Version found : 6.12.1
2024-12-17 14:22:51,165 [INFO] ApplicationProperties:184 - Using Application install path: C:\ST\STM32CubeIDE_1.16.1\STM32CubeIDE\plugins\com.st.stm32cube.common.mx_6.12.1.202409122256
2024-12-17 14:22:52,771 [ERROR] LogOutputStream:75 - [STDERR_REDIRECT] Dec 17, 2024 2:22:52 PM java.util.prefs.WindowsPreferences <init>
2024-12-17 14:22:52,773 [ERROR] LogOutputStream:75 - [STDERR_REDIRECT] WARNING: Could not open/create prefs root node Software\JavaSoft\Prefs at root 0xffffffff80000002. Windows RegCreateKeyEx(...) returned error code 5.
2024-12-17 14:22:52,773 [ERROR] LogOutputStream:75 - [STDERR_REDIRECT] 
2024-12-17 14:22:53,112 [INFO] MainUpdater:2873 - connection check result : 10
2024-12-17 14:22:53,112 [INFO] MainUpdater:3567 - Updater definition file requires update
2024-12-17 14:22:53,112 [INFO] MainUpdater:290 - Updater Check For Update Now.
2024-12-17 14:22:53,113 [INFO] MicroXplorer:498 - Change Database Version : DB.6.0.121
2024-12-17 14:22:53,130 [INFO] McuFinderGlobals:63 - Set McuFinder mode to 2 (CubeIDE integrated)
2024-12-17 14:22:53,136 [INFO] UserAuth:417 - Internet connection configuration mode: 1
2024-12-17 14:22:53,147 [INFO] ServerAccessManage:473 - Download File updaters.zip
2024-12-17 14:22:53,169 [INFO] JxBrowserEngine:152 - Initiate JxBrowser Engine with user profile folder
2024-12-17 14:22:53,222 [WARN] MainUpdater:1194 - Updater busy. Cannot search thirdparties
2024-12-17 14:22:53,222 [INFO] ThirdPartyUpdaterWithRetryManager:96 - Updater plugin is busy. [1/15]
2024-12-17 14:22:53,231 [INFO] FileExtend:240 - Unzip File : updaters.zip
2024-12-17 14:22:53,232 [INFO] FileExtend:255 - Standard Zip Deflate
2024-12-17 14:22:53,901 [INFO] ServerAccessManage:473 - Download File PacksControlFlags.xml
2024-12-17 14:22:54,078 [INFO] ServerAccessManage:473 - Download File cubemx.pidx
2024-12-17 14:22:54,696 [INFO] ServerAccessManage:473 - Download File STMicroelectronics.X-CUBE-BLEMGR.pdsc
2024-12-17 14:22:55,134 [ERROR] ServerAccessManage:1089 - Problem, file not found on Server
2024-12-17 14:22:55,802 [INFO] ServerAccessManage:473 - Download File STMicroelectronics.X-CUBE-FREERTOS.pdsc
2024-12-17 14:22:55,991 [INFO] ServerAccessManage:473 - Download File STMicroelectronics.X-CUBE-GNSS1.pdsc
2024-12-17 14:22:56,234 [WARN] MainUpdater:1194 - Updater busy. Cannot search thirdparties
2024-12-17 14:22:56,234 [INFO] ThirdPartyUpdaterWithRetryManager:96 - Updater plugin is busy. [2/15]
2024-12-17 14:22:57,023 [ERROR] ServerAccessManage:1089 - Problem, file not found on Server
2024-12-17 14:22:57,177 [ERROR] ServerAccessManage:1089 - Problem, file not found on Server
2024-12-17 14:22:57,322 [ERROR] ServerAccessManage:1089 - Problem, file not found on Server
2024-12-17 14:22:57,490 [ERROR] ServerAccessManage:1089 - Problem, file not found on Server
2024-12-17 14:22:57,709 [ERROR] ServerAccessManage:1089 - Problem, file not found on Server
2024-12-17 14:22:57,868 [ERROR] ServerAccessManage:1089 - Problem, file not found on Server
2024-12-17 14:22:58,116 [INFO] ServerAccessManage:473 - Download File STMicroelectronics.X-CUBE-MEMS1.pdsc
2024-12-17 14:22:59,250 [WARN] MainUpdater:1194 - Updater busy. Cannot search thirdparties
2024-12-17 14:22:59,250 [INFO] ThirdPartyUpdaterWithRetryManager:96 - Updater plugin is busy. [3/15]
2024-12-17 14:22:59,934 [INFO] ServerAccessManage:473 - Download File STMicroelectronics.X-CUBE-TCPP.pdsc
2024-12-17 14:23:01,208 [WARN] PackLoader:240 - Cannot read IP mode file for STMicroelectronics.X-CUBE-BLEMGR.4.0.0
2024-12-17 14:23:01,257 [WARN] PackLoader:240 - Cannot read IP mode file for STMicroelectronics.X-CUBE-FREERTOS.1.3.0
2024-12-17 14:23:01,271 [WARN] PackLoader:240 - Cannot read IP mode file for STMicroelectronics.X-CUBE-GNSS1.7.0.1
2024-12-17 14:23:01,349 [WARN] PackLoader:240 - Cannot read IP mode file for STMicroelectronics.X-CUBE-MEMS1.11.1.0
2024-12-17 14:23:01,398 [INFO] CheckServerUpdateThread:120 - End of CheckServer Thread
2024-12-17 14:23:01,556 [WARN] PopulateThirdPartyThread:106 - Error when creating pack: C:/Users/erik/.stm32cubemx/thirdparties/pdsc/STMicroelectronics.X-CUBE-TCPP.pdsc
2024-12-17 14:23:01,556 [INFO] PopulateThirdPartyThread:66 - Ending populate Thread
2024-12-17 14:23:01,560 [INFO] ThirdParty:1030 - CMSIS Pack Vendor :STMicroelectronics X-CUBE-BLEMGR 4.0.0
2024-12-17 14:23:01,560 [INFO] ThirdParty:1030 - CMSIS Pack Vendor :STMicroelectronics X-CUBE-FREERTOS 1.3.0
2024-12-17 14:23:01,560 [INFO] ThirdParty:1030 - CMSIS Pack Vendor :STMicroelectronics X-CUBE-GNSS1 7.0.1
2024-12-17 14:23:01,560 [INFO] ThirdParty:1030 - CMSIS Pack Vendor :STMicroelectronics X-CUBE-MEMS1 11.1.0
2024-12-17 14:23:01,561 [INFO] LoadServerUpdatesThread:375 - End of LoadServerUpdate Thread
2024-12-17 14:23:02,058 [INFO] WebApp:167 - Instantiating new browser for Auth
2024-12-17 14:23:02,679 [WARN] PackLoader:240 - Cannot read IP mode file for STMicroelectronics.FP-SNS-MOTENVWB1.1.4.0
2024-12-17 14:23:02,692 [WARN] PackLoader:240 - Cannot read IP mode file for STMicroelectronics.FP-ATR-ASTRA1.2.0.1
2024-12-17 14:23:02,729 [WARN] PackLoader:240 - Cannot read IP mode file for STMicroelectronics.X-CUBE-SMBUS.2.1.0
2024-12-17 14:23:02,766 [WARN] PackLoader:240 - Cannot read IP mode file for STMicroelectronics.X-CUBE-WB05N.1.1.0
2024-12-17 14:23:02,823 [WARN] PackLoader:240 - Cannot read IP mode file for STMicroelectronics.X-CUBE-AZRTOS-F7.1.1.0
2024-12-17 14:23:02,914 [WARN] PackLoader:240 - Cannot read IP mode file for STMicroelectronics.X-CUBE-MEMS1.11.0.0
2024-12-17 14:23:03,054 [WARN] PackLoader:240 - Cannot read IP mode file for STMicroelectronics.FP-SNS-FLIGHT1.5.0.2
2024-12-17 14:23:03,086 [WARN] PackLoader:240 - Cannot read IP mode file for STMicroelectronics.X-CUBE-DISPLAY.3.0.0
2024-12-17 14:23:03,122 [WARN] PackLoader:240 - Cannot read IP mode file for STMicroelectronics.X-CUBE-BLE1.7.0.0
2024-12-17 14:23:03,151 [WARN] PackLoader:240 - Cannot read IP mode file for STMicroelectronics.X-CUBE-NFC10.1.0.0
2024-12-17 14:23:03,165 [WARN] PackLoader:240 - Cannot read IP mode file for STMicroelectronics.X-CUBE-BLEMGR.4.0.0
2024-12-17 14:23:03,192 [WARN] PackLoader:240 - Cannot read IP mode file for emotas.I-CUBE-CANOPEN.1.3.0
2024-12-17 14:23:03,225 [WARN] PackLoader:240 - Cannot read IP mode file for STMicroelectronics.X-CUBE-BLEMGR.3.1.0
2024-12-17 14:23:03,253 [WARN] PackLoader:240 - Cannot read IP mode file for STMicroelectronics.FP-SNS-SMARTAG2.1.2.0
2024-12-17 14:23:03,325 [WARN] PackLoader:240 - Cannot read IP mode file for STMicroelectronics.X-CUBE-MEMS1.11.1.0
2024-12-17 14:23:03,519 [INFO] LogOutputStream:77 - [STDOUT_REDIRECT] 1 : Invalid condition id : UX_CORESTACK_Condition cause : null
2024-12-17 14:23:03,521 [INFO] LogOutputStream:77 - [STDOUT_REDIRECT] 1 : Invalid condition id : UX_CORESTACK_Condition cause : null
2024-12-17 14:23:03,524 [INFO] LogOutputStream:77 - [STDOUT_REDIRECT] 1 : Invalid condition id : UX_CORESTACK_Condition cause : null
2024-12-17 14:23:03,529 [INFO] LogOutputStream:77 - [STDOUT_REDIRECT] 1 : Invalid condition id : UX_CORESTACK_Condition cause : null
2024-12-17 14:23:03,531 [INFO] LogOutputStream:77 - [STDOUT_REDIRECT] 1 : Invalid condition id : UX_CORESTACK_Condition cause : null
2024-12-17 14:23:03,537 [WARN] PackLoader:240 - Cannot read IP mode file for STMicroelectronics.X-CUBE-AZRTOS-WL.2.0.0
2024-12-17 14:23:03,577 [WARN] PackLoader:240 - Cannot read IP mode file for STMicroelectronics.FP-SNS-MOTENV1.5.0.0
2024-12-17 14:23:03,603 [WARN] PackLoader:240 - Cannot read IP mode file for wolfSSL.I-CUBE-wolfMQTT.1.19.0
2024-12-17 14:23:03,647 [WARN] PackLoader:240 - Cannot read IP mode file for WES.I-CUBE-Cesium.1.3.0
2024-12-17 14:23:03,701 [WARN] PackLoader:240 - Cannot read IP mode file for STMicroelectronics.X-CUBE-BLE2.3.3.0
2024-12-17 14:23:03,757 [WARN] PackLoader:240 - Cannot read IP mode file for STMicroelectronics.X-CUBE-NFC9.1.0.0
2024-12-17 14:23:03,823 [WARN] PackLoader:240 - Cannot read IP mode file for STMicroelectronics.X-CUBE-TCPP.4.1.0
2024-12-17 14:23:03,945 [INFO] WebApp:448 - Apply proxy settings
2024-12-17 14:23:03,945 [INFO] WebApp:533 - Chromium requires no authentication
2024-12-17 14:23:04,006 [WARN] PackLoader:240 - Cannot read IP mode file for STMicroelectronics.X-CUBE-AZRTOS-G0.1.1.0
2024-12-17 14:23:04,053 [WARN] PackLoader:240 - Cannot read IP mode file for STMicroelectronics.X-CUBE-SAFEA1.1.2.2
2024-12-17 14:23:04,055 [INFO] WebApp:476 - Direct internet connection detected
2024-12-17 14:23:04,086 [WARN] PackLoader:240 - Cannot read IP mode file for STMicroelectronics.X-CUBE-NFC4.3.0.0
2024-12-17 14:23:04,149 [WARN] PackLoader:240 - Cannot read IP mode file for EmbeddedOffice.I-CUBE-FS-RTOS.1.0.1
2024-12-17 14:23:04,149 [ERROR] ConditionMgr:805 - Attr not supported : Dmpu
2024-12-17 14:23:04,150 [ERROR] ConditionMgr:805 - Attr not supported : Dmpu
2024-12-17 14:23:04,150 [ERROR] ConditionMgr:805 - Attr not supported : Dmpu
2024-12-17 14:23:04,150 [ERROR] ConditionMgr:805 - Attr not supported : Dmpu
2024-12-17 14:23:04,150 [ERROR] ConditionMgr:805 - Attr not supported : Dmpu
2024-12-17 14:23:04,150 [ERROR] ConditionMgr:805 - Attr not supported : Dmpu
2024-12-17 14:23:04,150 [ERROR] ConditionMgr:805 - Attr not supported : Dmpu
2024-12-17 14:23:04,150 [ERROR] ConditionMgr:805 - Attr not supported : Dmpu
2024-12-17 14:23:04,150 [ERROR] ConditionMgr:805 - Attr not supported : Dmpu
2024-12-17 14:23:04,150 [ERROR] ConditionMgr:805 - Attr not supported : Dmpu
2024-12-17 14:23:04,150 [ERROR] ConditionMgr:805 - Attr not supported : Dmpu
2024-12-17 14:23:04,150 [ERROR] ConditionMgr:805 - Attr not supported : Dmpu
2024-12-17 14:23:04,150 [ERROR] ConditionMgr:805 - Attr not supported : Dmpu
2024-12-17 14:23:04,151 [ERROR] ConditionMgr:805 - Attr not supported : Dmpu
2024-12-17 14:23:04,151 [ERROR] ConditionMgr:805 - Attr not supported : Dmpu
2024-12-17 14:23:04,151 [ERROR] ConditionMgr:805 - Attr not supported : Dmpu
2024-12-17 14:23:04,151 [ERROR] ConditionMgr:805 - Attr not supported : Dmpu
2024-12-17 14:23:04,151 [ERROR] ConditionMgr:805 - Attr not supported : Dmpu
2024-12-17 14:23:04,151 [ERROR] ConditionMgr:805 - Attr not supported : Dmpu
2024-12-17 14:23:04,151 [ERROR] ConditionMgr:805 - Attr not supported : Dmpu
2024-12-17 14:23:04,151 [ERROR] ConditionMgr:805 - Attr not supported : Dmpu
2024-12-17 14:23:04,151 [ERROR] ConditionMgr:805 - Attr not supported : Dmpu
2024-12-17 14:23:04,151 [ERROR] ConditionMgr:805 - Attr not supported : Dmpu
2024-12-17 14:23:04,151 [ERROR] ConditionMgr:805 - Attr not supported : Dmpu
2024-12-17 14:23:04,151 [ERROR] ConditionMgr:805 - Attr not supported : Dmpu
2024-12-17 14:23:04,151 [ERROR] ConditionMgr:805 - Attr not supported : Dmpu
2024-12-17 14:23:04,151 [ERROR] ConditionMgr:805 - Attr not supported : Dmpu
2024-12-17 14:23:04,151 [ERROR] ConditionMgr:805 - Attr not supported : Dmpu
2024-12-17 14:23:04,151 [ERROR] ConditionMgr:805 - Attr not supported : Dmpu
2024-12-17 14:23:04,151 [ERROR] ConditionMgr:805 - Attr not supported : Dmpu
2024-12-17 14:23:04,152 [ERROR] ConditionMgr:805 - Attr not supported : Dmpu
2024-12-17 14:23:04,152 [ERROR] ConditionMgr:805 - Attr not supported : Dmpu
2024-12-17 14:23:04,152 [ERROR] ConditionMgr:805 - Attr not supported : Dmpu
2024-12-17 14:23:04,152 [ERROR] ConditionMgr:805 - Attr not supported : Dmpu
2024-12-17 14:23:04,152 [ERROR] ConditionMgr:805 - Attr not supported : Dmpu
2024-12-17 14:23:04,152 [ERROR] ConditionMgr:805 - Attr not supported : Dmpu
2024-12-17 14:23:04,152 [ERROR] ConditionMgr:805 - Attr not supported : Dmpu
2024-12-17 14:23:04,152 [ERROR] ConditionMgr:805 - Attr not supported : Dmpu
2024-12-17 14:23:04,152 [ERROR] ConditionMgr:805 - Attr not supported : Dmpu
2024-12-17 14:23:04,152 [ERROR] ConditionMgr:805 - Attr not supported : Dmpu
2024-12-17 14:23:04,152 [ERROR] ConditionMgr:805 - Attr not supported : Dmpu
2024-12-17 14:23:04,152 [ERROR] ConditionMgr:805 - Attr not supported : Dmpu
2024-12-17 14:23:04,153 [ERROR] ConditionMgr:805 - Attr not supported : Dmpu
2024-12-17 14:23:04,153 [ERROR] ConditionMgr:805 - Attr not supported : Dmpu
2024-12-17 14:23:04,153 [ERROR] ConditionMgr:805 - Attr not supported : Dmpu
2024-12-17 14:23:04,153 [ERROR] ConditionMgr:805 - Attr not supported : Dmpu
2024-12-17 14:23:04,153 [ERROR] ConditionMgr:805 - Attr not supported : Dmpu
2024-12-17 14:23:04,153 [ERROR] ConditionMgr:805 - Attr not supported : Dmpu
2024-12-17 14:23:04,153 [ERROR] ConditionMgr:805 - Attr not supported : Dmpu
2024-12-17 14:23:04,153 [ERROR] ConditionMgr:805 - Attr not supported : Dmpu
2024-12-17 14:23:04,153 [ERROR] ConditionMgr:805 - Attr not supported : Dmpu
2024-12-17 14:23:04,153 [ERROR] ConditionMgr:805 - Attr not supported : Dmpu
2024-12-17 14:23:04,153 [ERROR] ConditionMgr:805 - Attr not supported : Dmpu
2024-12-17 14:23:04,153 [ERROR] ConditionMgr:805 - Attr not supported : Dmpu
2024-12-17 14:23:04,153 [ERROR] ConditionMgr:805 - Attr not supported : Dmpu
2024-12-17 14:23:04,153 [ERROR] ConditionMgr:805 - Attr not supported : Dmpu
2024-12-17 14:23:04,153 [ERROR] ConditionMgr:805 - Attr not supported : Dmpu
2024-12-17 14:23:04,153 [ERROR] ConditionMgr:805 - Attr not supported : Dmpu
2024-12-17 14:23:04,154 [ERROR] ConditionMgr:805 - Attr not supported : Dmpu
2024-12-17 14:23:04,154 [ERROR] ConditionMgr:805 - Attr not supported : Dmpu
2024-12-17 14:23:04,154 [ERROR] ConditionMgr:805 - Attr not supported : Dmpu
2024-12-17 14:23:04,154 [ERROR] ConditionMgr:805 - Attr not supported : Dmpu
2024-12-17 14:23:04,154 [ERROR] ConditionMgr:805 - Attr not supported : Dmpu
2024-12-17 14:23:04,154 [ERROR] ConditionMgr:805 - Attr not supported : Dmpu
2024-12-17 14:23:04,163 [ERROR] Engine:466 - C:\Users\erik\.stm32cubemx\thirdparties\pdsc\STMicroelectronics.X-CUBE-TCPP.4.2.0.pdsc: PDSC version is not supported
2024-12-17 14:23:04,195 [WARN] PackLoader:240 - Cannot read IP mode file for RealThread.X-CUBE-RT-Thread_Nano.4.1.1
2024-12-17 14:23:04,219 [WARN] PackLoader:240 - Cannot read IP mode file for STMicroelectronics.FP-ATR-SIGFOX1.3.2.0
2024-12-17 14:23:04,244 [WARN] PackLoader:240 - Cannot read IP mode file for wolfSSL.I-CUBE-wolfSSL.5.7.2
2024-12-17 14:23:04,253 [WARN] ConditionMgr:438 - getConditionDescription Invalid condition id : Cortex-A Device cause : null
2024-12-17 14:23:04,313 [INFO] WebApp:869 - Register for checkConnection events
2024-12-17 14:23:04,314 [INFO] WebApp:448 - Apply proxy settings
2024-12-17 14:23:04,314 [WARN] ConditionMgr:1039 - genDependencies : Invalid condition id : Cortex-A Device cause : null
2024-12-17 14:23:04,314 [WARN] ConditionMgr:1039 - genDependencies : Invalid condition id : Cortex-A Device cause : null
2024-12-17 14:23:04,314 [INFO] WebApp:533 - Chromium requires no authentication
2024-12-17 14:23:04,314 [WARN] ConditionMgr:1039 - genDependencies : Invalid condition id : Cortex-A Device cause : null
2024-12-17 14:23:04,317 [INFO] WebApp:476 - Direct internet connection detected
2024-12-17 14:23:04,350 [WARN] PackLoader:240 - Cannot read IP mode file for STMicroelectronics.X-CUBE-EEPRMA1.5.1.0
2024-12-17 14:23:04,383 [WARN] PackLoader:240 - Cannot read IP mode file for ITTIA_DB.I-CUBE-ITTIADB.8.9.0
2024-12-17 14:23:04,458 [WARN] PackLoader:240 - Cannot read IP mode file for SEGGER.I-CUBE-embOS.1.3.1
2024-12-17 14:23:04,622 [WARN] PackLoader:240 - Cannot read IP mode file for STMicroelectronics.X-CUBE-ALGOBUILD.1.4.0
2024-12-17 14:23:04,630 [INFO] WebApp:186 - Connection restablished
2024-12-17 14:23:04,666 [WARN] PackLoader:240 - Cannot read IP mode file for STMicroelectronics.X-CUBE-AI.9.1.0
2024-12-17 14:23:04,744 [WARN] PackLoader:240 - Cannot read IP mode file for STMicroelectronics.X-CUBE-AZRTOS-F4.1.1.0
2024-12-17 14:23:04,819 [WARN] PackLoader:240 - Cannot read IP mode file for STMicroelectronics.X-CUBE-ISPU.2.1.0
2024-12-17 14:23:04,854 [WARN] PackLoader:240 - Cannot read IP mode file for STMicroelectronics.X-CUBE-FREERTOS.1.2.0
2024-12-17 14:23:04,918 [WARN] PackLoader:240 - Cannot read IP mode file for STMicroelectronics.X-CUBE-AZRTOS-L5.2.0.0
2024-12-17 14:23:04,956 [WARN] PackLoader:240 - Cannot read IP mode file for STMicroelectronics.X-CUBE-NFC6.3.1.0
2024-12-17 14:23:04,986 [WARN] PackLoader:240 - Cannot read IP mode file for STMicroelectronics.X-CUBE-DPower.1.2.0
2024-12-17 14:23:04,992 [WARN] PackLoader:240 - Cannot read IP mode file for STMicroelectronics.X-CUBE-FREERTOS.1.3.0
2024-12-17 14:23:05,017 [WARN] PackLoader:240 - Cannot read IP mode file for STMicroelectronics.X-CUBE-NFC7.1.0.1
2024-12-17 14:23:05,054 [WARN] ConditionMgr:438 - getConditionDescription Invalid condition id : LAN8742 Phy interface Condition cause : null
2024-12-17 14:23:05,055 [WARN] PackLoader:240 - Cannot read IP mode file for STMicroelectronics.X-CUBE-AZRTOS-L4.2.0.0
2024-12-17 14:23:05,057 [WARN] ConditionMgr:1039 - genDependencies : Invalid condition id : LAN8742 Phy interface Condition cause : null
2024-12-17 14:23:05,057 [WARN] ConditionMgr:1039 - genDependencies : Invalid condition id : LAN8742 Phy interface Condition cause : null
2024-12-17 14:23:05,058 [WARN] ConditionMgr:1039 - genDependencies : Invalid condition id : LAN8742 Phy interface Condition cause : null
2024-12-17 14:23:05,086 [WARN] PackLoader:240 - Cannot read IP mode file for STMicroelectronics.X-CUBE-SFXS2LP1.4.0.0
2024-12-17 14:23:05,142 [WARN] PackLoader:240 - Cannot read IP mode file for STMicroelectronics.X-CUBE-AZRTOS-H7.3.3.0
2024-12-17 14:23:05,181 [WARN] PackLoader:240 - Cannot read IP mode file for STMicroelectronics.X-CUBE-IPS.3.0.0
2024-12-17 14:23:05,230 [INFO] WebApp:220 - Starting web application
2024-12-17 14:23:05,230 [INFO] WebApp:578 - Web application path used C:\ST\STM32CubeIDE_1.16.1\STM32CubeIDE\plugins\com.st.stm32cube.common.mx_6.12.1.202409122256\db\plugins\mcufinder\reactClient1\index.html
2024-12-17 14:23:05,246 [WARN] ConditionMgr:438 - getConditionDescription Invalid condition id : UX DEVICE CLASS RTOS Condition cause : null
2024-12-17 14:23:05,246 [WARN] ConditionMgr:438 - getConditionDescription Invalid condition id : UX DEVICE CLASS RTOS Condition cause : null
2024-12-17 14:23:05,248 [WARN] PackLoader:240 - Cannot read IP mode file for STMicroelectronics.X-CUBE-AZRTOS-WB.2.0.0
2024-12-17 14:23:05,249 [WARN] ConditionMgr:1039 - genDependencies : Invalid condition id : UX DEVICE CLASS RTOS Condition cause : null
2024-12-17 14:23:05,249 [WARN] ConditionMgr:1039 - genDependencies : Invalid condition id : UX DEVICE CLASS RTOS Condition cause : null
2024-12-17 14:23:05,250 [WARN] ConditionMgr:1039 - genDependencies : Invalid condition id : UX DEVICE CLASS RTOS Condition cause : null
2024-12-17 14:23:05,250 [WARN] ConditionMgr:1039 - genDependencies : Invalid condition id : UX DEVICE CLASS RTOS Condition cause : null
2024-12-17 14:23:05,250 [WARN] ConditionMgr:1039 - genDependencies : Invalid condition id : UX DEVICE CLASS RTOS Condition cause : null
2024-12-17 14:23:05,276 [WARN] PackLoader:240 - Cannot read IP mode file for STMicroelectronics.X-CUBE-GNSS1.7.0.0
2024-12-17 14:23:05,280 [WARN] PackLoader:240 - Cannot read IP mode file for STMicroelectronics.X-CUBE-GNSS1.7.0.1
2024-12-17 14:23:05,304 [WARN] PackLoader:240 - Cannot read IP mode file for STMicroelectronics.FP-SNS-STBOX1.2.0.0
2024-12-17 14:23:05,336 [WARN] PackLoader:240 - Cannot read IP mode file for STMicroelectronics.X-CUBE-SUBG2.5.0.0
2024-12-17 14:23:05,351 [WARN] PackLoader:240 - Cannot read IP mode file for Cesanta.I-CUBE-Mongoose.7.13.0
2024-12-17 14:23:05,386 [WARN] PackLoader:240 - Cannot read IP mode file for STMicroelectronics.X-CUBE-AZRTOS-G4.2.0.0
2024-12-17 14:23:05,412 [WARN] PackLoader:240 - Cannot read IP mode file for STMicroelectronics.X-CUBE-ALS.1.0.2
2024-12-17 14:23:05,437 [WARN] PackLoader:240 - Cannot read IP mode file for STMicroelectronics.X-CUBE-TOUCHGFX.4.24.1
2024-12-17 14:23:05,443 [WARN] PackLoader:240 - Cannot read IP mode file for wolfSSL.I-CUBE-wolfTPM.3.4.0
2024-12-17 14:23:05,448 [INFO] UserAuth:417 - Internet connection configuration mode: 1
2024-12-17 14:23:05,477 [WARN] PackLoader:240 - Cannot read IP mode file for portGmbH.I-Cube-SoM-uGOAL.1.1.0
2024-12-17 14:23:05,522 [WARN] PackLoader:240 - Cannot read IP mode file for STMicroelectronics.X-CUBE-AZRTOS-H7RS.1.0.0
2024-12-17 14:23:05,543 [WARN] PackLoader:240 - Cannot read IP mode file for STMicroelectronics.FP-ATR-ASTRA1.2.0.0
2024-12-17 14:23:05,574 [WARN] PackLoader:240 - Cannot read IP mode file for STMicroelectronics.X-CUBE-TOF1.3.4.2
2024-12-17 14:23:05,631 [WARN] PackLoader:240 - Cannot read IP mode file for Infineon.AIROC-Wi-Fi-Bluetooth-STM32.1.6.1
2024-12-17 14:23:05,641 [WARN] PackLoader:240 - Cannot read IP mode file for wolfSSL.I-CUBE-wolfSSH.1.4.17
2024-12-17 14:23:05,642 [INFO] ThirdParty:978 - Integrity check success = true
2024-12-17 14:23:05,642 [INFO] IntegrityCheckThread:100 - exiting critical section [integrity check]
2024-12-17 14:23:05,642 [INFO] IntegrityCheckThread:103 - End integrity checks thread
2024-12-17 14:23:16,335 [INFO] McuFinderGlobals:63 - Set McuFinder mode to 2 (CubeIDE integrated)
2024-12-17 14:23:16,358 [INFO] MainUpdater:2873 - connection check result : 10
2024-12-17 14:23:16,366 [INFO] MainUpdater:2873 - connection check result : 10
2024-12-17 14:23:16,546 [INFO] RulesReader:64 - Compatibility file has been processed (297 Rules)
2024-12-17 14:23:16,551 [INFO] RulesReader:64 - Compatibility file has been processed (297 Rules)
2024-12-17 14:23:16,555 [INFO] MicroXplorer:468 - Change Database Path : 
2024-12-17 14:23:16,555 [INFO] MicroXplorer:498 - Change Database Version : DB.6.0.121
2024-12-17 14:23:16,570 [WARN] ThirdParty:871 - waiting for thirdparty lock release [close project]
2024-12-17 14:23:16,570 [INFO] ThirdParty:873 - entering critical section [close project]
2024-12-17 14:23:16,572 [INFO] ThirdParty:883 - exiting critical section [close project]
2024-12-17 14:23:16,577 [INFO] PinOutPanel:1561 - setPackage(No Configuration,No Configuration)
2024-12-17 14:23:16,581 [INFO] UtilMem:75 - Begin LoadConfig() Used Memory: 201443952 Bytes (321912832)
2024-12-17 14:23:16,584 [INFO] MicroXplorer:468 - Change Database Path : 
2024-12-17 14:23:16,584 [INFO] MicroXplorer:498 - Change Database Version : DB.6.0.121
2024-12-17 14:23:16,584 [INFO] OpenFileManager:332 - Change cursor
2024-12-17 14:23:16,619 [INFO] Mcu:2032 - Initializing MCU STM32L476R(C-E-G)Tx STM32L476RGTx STM32L476RGT3
2024-12-17 14:23:18,604 [INFO] Context:742 - Trying to add GPIOservice into a context  which must be forbidden
2024-12-17 14:23:19,268 [INFO] RtosManager:555 - Registered RTOS mode: class=CMSIS, group=RTOS, mode=CMSIS_V1, owner=FREERTOS
2024-12-17 14:23:19,268 [INFO] RtosManager:555 - Registered RTOS mode: class=CMSIS, group=RTOS2, mode=CMSIS_V2, owner=FREERTOS
2024-12-17 14:23:19,269 [INFO] RtosManager:555 - Registered RTOS mode: class=RTOS, group=Core, mode=CMSIS_V1, owner=FREERTOS
2024-12-17 14:23:19,269 [INFO] RtosManager:555 - Registered RTOS mode: class=RTOS, group=Core, mode=CMSIS_V2, owner=FREERTOS
2024-12-17 14:23:19,269 [WARN] ModelIntegratedComponent:184 - Missing modes for component STMicroelectronics:FreeRTOS:0.0.1:STMicroelectronics:RTOS:FreeRTOS:Core:::10.2.0:
2024-12-17 14:23:19,280 [WARN] ModelIntegratedComponent:63 - No mode defined for component null
2024-12-17 14:23:19,281 [WARN] ModelIntegratedComponent:63 - No mode defined for component null
2024-12-17 14:23:19,281 [WARN] ModelIntegratedComponent:63 - No mode defined for component null
2024-12-17 14:23:19,281 [WARN] ModelIntegratedComponent:63 - No mode defined for component null
2024-12-17 14:23:19,281 [WARN] ModelIntegratedComponent:63 - No mode defined for component null
2024-12-17 14:23:19,281 [WARN] ModelIntegratedComponent:63 - No mode defined for component null
2024-12-17 14:23:19,281 [WARN] ModelIntegratedComponent:63 - No mode defined for component null
2024-12-17 14:23:19,281 [WARN] ModelIntegratedComponent:63 - No mode defined for component null
2024-12-17 14:23:19,281 [WARN] ModelIntegratedComponent:63 - No mode defined for component null
2024-12-17 14:23:19,281 [WARN] ModelIntegratedComponent:63 - No mode defined for component null
2024-12-17 14:23:19,281 [WARN] ModelIntegratedComponent:63 - No mode defined for component null
2024-12-17 14:23:19,281 [WARN] ModelIntegratedComponent:63 - No mode defined for component null
2024-12-17 14:23:19,281 [WARN] ModelIntegratedComponent:63 - No mode defined for component null
2024-12-17 14:23:19,281 [WARN] ModelIntegratedComponent:63 - No mode defined for component null
2024-12-17 14:23:19,281 [WARN] ModelIntegratedComponent:63 - No mode defined for component null
2024-12-17 14:23:19,281 [WARN] ModelIntegratedComponent:63 - No mode defined for component null
2024-12-17 14:23:19,281 [WARN] ModelIntegratedComponent:63 - No mode defined for component null
2024-12-17 14:23:19,281 [WARN] ModelIntegratedComponent:63 - No mode defined for component null
2024-12-17 14:23:19,281 [WARN] ModelIntegratedComponent:63 - No mode defined for component null
2024-12-17 14:23:19,281 [WARN] ModelIntegratedComponent:63 - No mode defined for component null
2024-12-17 14:23:19,281 [WARN] ModelIntegratedComponent:63 - No mode defined for component null
2024-12-17 14:23:19,281 [WARN] ModelIntegratedComponent:63 - No mode defined for component null
2024-12-17 14:23:19,281 [WARN] ModelIntegratedComponent:63 - No mode defined for component null
2024-12-17 14:23:19,281 [WARN] ModelIntegratedComponent:63 - No mode defined for component null
2024-12-17 14:23:19,281 [WARN] ModelIntegratedComponent:63 - No mode defined for component null
2024-12-17 14:23:19,281 [WARN] ModelIntegratedComponent:63 - No mode defined for component null
2024-12-17 14:23:19,281 [WARN] ModelIntegratedComponent:63 - No mode defined for component null
2024-12-17 14:23:19,281 [WARN] ModelIntegratedComponent:63 - No mode defined for component null
2024-12-17 14:23:19,281 [WARN] ModelIntegratedComponent:63 - No mode defined for component null
2024-12-17 14:23:19,281 [WARN] ModelIntegratedComponent:63 - No mode defined for component null
2024-12-17 14:23:19,282 [WARN] ModelIntegratedComponent:63 - No mode defined for component null
2024-12-17 14:23:19,282 [WARN] ModelIntegratedComponent:63 - No mode defined for component null
2024-12-17 14:23:19,282 [WARN] ModelIntegratedComponent:63 - No mode defined for component null
2024-12-17 14:23:19,282 [WARN] ModelIntegratedComponent:63 - No mode defined for component null
2024-12-17 14:23:19,282 [WARN] ModelIntegratedComponent:63 - No mode defined for component null
2024-12-17 14:23:19,282 [WARN] ModelPack:524 - Component already loaded: STMicroelectronics:HAL Drivers:0.0.0:STMicroelectronics:Device:STMicro_Driver:XSPI:HAL::0.0.1:HAL_XSPI
2024-12-17 14:23:19,350 [INFO] ThirdPartyModel:298 - Start build external matchings
2024-12-17 14:23:19,700 [INFO] ThirdPartyModel:316 - End build external matchings
2024-12-17 14:23:19,717 [INFO] ImportTextPane:205 - (OptionalMessage_ERROR) IP (RCC) : Invalid parameter (FamilyName)
2024-12-17 14:23:19,719 [INFO] ImportTextPane:205 - (OptionalMessage_ERROR) IP (RCC) : Parameter (RNGFreq_Value) has invalid value (64000000)
2024-12-17 14:23:19,719 [INFO] ImportTextPane:205 - (OptionalMessage_ERROR) IP (RCC) : Parameter (SDMMCFreq_Value) has invalid value (64000000)
2024-12-17 14:23:19,719 [INFO] ImportTextPane:205 - (OptionalMessage_ERROR) IP (RCC) : Parameter (USBFreq_Value) has invalid value (64000000)
2024-12-17 14:23:20,071 [INFO] ApiDb:581 - Connected to CubeFinder SQLite database (C:\Users\erik\.stmcufinder\plugins\mcufinder\mcu\cube-finder-db.db)
2024-12-17 14:23:20,165 [INFO] ApiDb:668 - CubeFinder database Data Model version=2.1
2024-12-17 14:23:20,165 [INFO] ApiDb:669 - CubeFinder database Configuration version=3.0.39
2024-12-17 14:23:20,166 [INFO] ApiDb:670 - CubeFinder database generation date=2024-11-21 (1732182206)
2024-12-17 14:23:20,166 [INFO] ApiDb:671 - CubeFinder database FW Pack versions=[FP-ATR-ASTRA1_V2.0.0, FP-SNS-FLIGHT1_V5.0.2, FP-SNS-MOTENV1_V5.0.0, FP-SNS-MOTENVWB1_V1.4.0, FP-SNS-SMARTAG2_V1.2.0, FP-SNS-STBOX1_V2.0.0, STM32Cube_FW_C0_V1.3.0, STM32Cube_FW_F4_V1.28.1, STM32Cube_FW_F7_V1.17.2, STM32Cube_FW_G0_V1.6.2, STM32Cube_FW_G4_V1.6.1, STM32Cube_FW_H5_V1.4.0, STM32Cube_FW_H7RS_V1.1.0, STM32Cube_FW_H7_V1.12.0, STM32Cube_FW_L0_V1.12.2, STM32Cube_FW_L4_V1.18.1, STM32Cube_FW_L5_V1.5.1, STM32Cube_FW_N6_V1.0.0, STM32Cube_FW_U0_V1.2.0, STM32Cube_FW_U3_V1.0.0, STM32Cube_FW_U5_V1.7.0, STM32Cube_FW_WB0_V1.1.0, STM32Cube_FW_WBA_V1.5.0, STM32Cube_FW_WB_V1.21.0, STM32Cube_FW_WL3_V1.0.0, STM32Cube_FW_WL_V1.3.0, X-CUBE-ALGOBUILD_V1.4.0, X-CUBE-ALS_V1.0.2, X-CUBE-AZRTOS-F4_V1.1.0, X-CUBE-AZRTOS-F7_V1.1.0, X-CUBE-AZRTOS-G0_V1.1.0, X-CUBE-AZRTOS-G4_V2.0.0, X-CUBE-AZRTOS-H7RS_V1.0.0, X-CUBE-AZRTOS-H7_V3.3.0, X-CUBE-AZRTOS-L4_V2.0.0, X-CUBE-AZRTOS-L5_V2.0.0, X-CUBE-AZRTOS-WB_V2.0.0, X-CUBE-AZRTOS-WL_V2.0.0, X-CUBE-BLE1_V7.0.0, X-CUBE-BLE2_V3.3.0, X-CUBE-BLEMGR_V3.1.0, X-CUBE-EEPRMA1_V5.1.0, X-CUBE-FREERTOS_V1.2.0, X-CUBE-GNSS1_V6.0.0, X-CUBE-MEMS1_V11.0.0, X-CUBE-NFC4_V3.0.0, X-CUBE-NFC7_V1.0.1, X-CUBE-SFXS2LP1_V4.0.0, X-CUBE-SUBG2_V5.0.0, X-CUBE-TOF1_V3.4.2]
2024-12-17 14:23:20,287 [INFO] DbBoardsSqlite:226 - include board P-NUCLEO-WB55-NUCLEO as a kit item of type 'Nucleo-64'
2024-12-17 14:23:20,287 [INFO] DbBoardsSqlite:226 - include board P-NUCLEO-WB55-USBDONGLE as a kit item of type 'Nucleo USB Dongle'
2024-12-17 14:23:20,288 [INFO] DbBoardsSqlite:226 - include board STEVAL-IDP005V1 as a kit item of type 'Evaluation Board'
2024-12-17 14:23:20,288 [INFO] DbBoardsSqlite:226 - include board STEVAL-IDP005V2 as a kit item of type 'Evaluation Board'
2024-12-17 14:23:20,780 [INFO] ApiDb:240 - Found 646 in-development CPN: [B-G473E-ZEST1S, B-WB1M-WPAN1, B-WL5M-SUBG1, NUCLEO-C031C6, NUCLEO-C071RB, NUCLEO-H503RB, NUCLEO-H533RE, NUCLEO-H563ZI, NUCLEO-H7S3L8, NUCLEO-U031R8, NUCLEO-U083RC, NUCLEO-U545RE-Q, NUCLEO-U5A5ZJ-Q, NUCLEO-WB05KZ, NUCLEO-WB07CC, NUCLEO-WB09KE, NUCLEO-WBA52CG, NUCLEO-WBA55CG, STEVAL-PROTEUS1, STEVAL-SMARTAG2, STEVAL-STWINBX1, STM320518-EVAL, STM32C0116-DK, STM32C011D6Y3TR, STM32C011D6Y6TR, STM32C011F4P3, STM32C011F4P6, STM32C011F4U3, STM32C011F4U6TR, STM32C011F6P3, STM32C011F6P6, STM32C011F6U3, STM32C011F6U6TR, STM32C011J4M3, STM32C011J4M6, STM32C011J6M3, STM32C011J6M6, STM32C0316-DK, STM32C031C4T3, STM32C031C4T6, STM32C031C4U3, STM32C031C4U6, STM32C031C6T3, STM32C031C6T6, STM32C031C6U3, STM32C031C6U6, STM32C031F4P3, STM32C031F4P6, STM32C031F6P3, STM32C031F6P6, STM32C031G4U3, STM32C031G4U6, STM32C031G6U3, STM32C031G6U6, STM32C031K4T3, STM32C031K4T6, STM32C031K4U3, STM32C031K4U6, STM32C031K6T3, STM32C031K6T6, STM32C031K6U3, STM32C031K6U6, STM32C071C8T6, STM32C071C8T6N, STM32C071C8U6, STM32C071C8U6N, STM32C071CBT6, STM32C071CBT6N, STM32C071CBU6, STM32C071CBU6N, STM32C071F8P6, STM32C071F8P6N, STM32C071FBP6, STM32C071FBP6N, STM32C071FBY6TR, STM32C071G8U6, STM32C071G8U6N, STM32C071GBU6, STM32C071GBU6N, STM32C071K8T6, STM32C071K8T6N, STM32C071K8U6, STM32C071K8U6N, STM32C071KBT6, STM32C071KBT6N, STM32C071KBU6, STM32C071KBU6N, STM32C071R8T6, STM32C071R8T6N, STM32C071RBI6N, STM32C071RBT6, STM32C071RBT6N, STM32G071K8TXN, STM32G071K8UXN, STM32G081GBU6N, STM32G081KBT6N, STM32G081KBUXN, STM32G0B1CCT6N, STM32G0B1KCT6, STM32G0B1NEY6TR, STM32G0B1RCT6N, STM32G0C1CCT6, STM32G0C1CCT6N, STM32G0C1CCU6N, STM32G0C1CET6N, STM32G0C1CEU6N, STM32G0C1KCT6, STM32G0C1NEY6TR, STM32G0C1RCI6N, STM32G0C1RCT6N, STM32G0C1REI6N, STM32G0C1RET6N, STM32G0C1VCI6, STM32G0C1VEI6, STM32G411C6T3, STM32G411C6T6, STM32G411C6U3, STM32G411C6U6, STM32G411C8T3, STM32G411C8T6, STM32G411C8U3, STM32G411C8U6, STM32G411CBT3, STM32G411CBT6, STM32G411CBU3, STM32G411CBU6, STM32G411K6T3, STM32G411K6T6, STM32G411K6U3, STM32G411K6U6, STM32G411K8T3, STM32G411K8T6, STM32G411K8U3, STM32G411K8U6, STM32G411KBT3, STM32G411KBT6, STM32G411KBU3, STM32G411KBU6, STM32G411M6T3, STM32G411M6T6, STM32G411M8T3, STM32G411M8T6, STM32G411MBT3, STM32G411MBT6, STM32G411R6T3, STM32G411R6T6, STM32G411R8T3, STM32G411R8T6, STM32G411RBT3, STM32G411RBT6, STM32G414CBT3, STM32G414CBT6, STM32G414CBU3, STM32G414CBU6, STM32G414CCT3, STM32G414CCT6, STM32G414CCU3, STM32G414CCU6, STM32G414MBT3, STM32G414MBT6, STM32G414MCT3, STM32G414MCT6, STM32G414RBT3, STM32G414RBT6, STM32G414RCT3, STM32G414RCT6, STM32G414VBT3, STM32G414VBT6, STM32G414VCT3, STM32G414VCT6, STM32G431CBT3Z, STM32G431RBT3Z, STM32G471CCT6, STM32G471CCU6, STM32G471CET3, STM32G471CET6, STM32G471CEU3, STM32G471CEU6, STM32G471MCT6, STM32G471MET3, STM32G471MET6, STM32G471MEY6TR, STM32G471QCT6, STM32G471QET3, STM32G471RCT6, STM32G471RET3, STM32G471RET6, STM32G471VCH6, STM32G471VCI6, STM32G471VCT6, STM32G471VEH3, STM32G471VEH6, STM32G471VEI3, STM32G471VEI6, STM32G471VET3, STM32G471VET6, STM32G473QET3Z, STM32G473RET3Z, STM32G474CCT6, STM32G491RET3Z, STM32H503CBT6, STM32H503CBU6, STM32H503EBY6TR, STM32H503KBU6, STM32H503RBT6, STM32H523CCT6, STM32H523CCU6, STM32H523CET6, STM32H523CEU6, STM32H523HEY6TR, STM32H523RCT6, STM32H523RET6, STM32H523VCI6, STM32H523VCT6, STM32H523VEI6, STM32H523VET6, STM32H523ZCJ6, STM32H523ZCT6, STM32H523ZEJ6, STM32H523ZET6, STM32H533CET6, STM32H533CEU6, STM32H533HEY6TR, STM32H533RET6, STM32H533VEI6, STM32H533VET6, STM32H533ZEJ6, STM32H533ZET6, STM32H562AGI6, STM32H562AII6, STM32H562IGK6, STM32H562IGT6, STM32H562IIK6, STM32H562IIT6, STM32H562RGT6, STM32H562RGV6, STM32H562RIT6, STM32H562RIV6, STM32H562VGT6, STM32H562VIT6, STM32H562ZGT6, STM32H562ZIT6, STM32H563AGI6, STM32H563AII3Q, STM32H563AII6, STM32H563IGK6, STM32H563IGT6, STM32H563IIK3Q, STM32H563IIK6, STM32H563IIT3Q, STM32H563IIT6, STM32H563MIY3QTR, STM32H563RGT6, STM32H563RGV6, STM32H563RIT6, STM32H563RIV6, STM32H563VGT6, STM32H563VIT3Q, STM32H563VIT6, STM32H563ZGT6, STM32H563ZIT3Q, STM32H563ZIT6, STM32H573AII3Q, STM32H573AII6, STM32H573I-DK, STM32H573IIK3Q, STM32H573IIK6, STM32H573IIT3Q, STM32H573IIT6, STM32H573MIY3QTR, STM32H573RIT6, STM32H573RIV6, STM32H573VIT3Q, STM32H573VIT6, STM32H573ZIT3Q, STM32H573ZIT6, STM32H7R3A8I6, STM32H7R3I8K6, STM32H7R3I8T6, STM32H7R3L8H6, STM32H7R3L8H6H, STM32H7R3R8V6, STM32H7R3V8H6, STM32H7R3V8T6, STM32H7R3V8Y6TR, STM32H7R3Z8J6, STM32H7R3Z8T6, STM32H7R7A8I6, STM32H7R7I8K6, STM32H7R7I8T6, STM32H7R7L8H6, STM32H7R7L8H6H, STM32H7R7Z8J6, STM32H7S3A8I6, STM32H7S3I8K6, STM32H7S3I8T6, STM32H7S3L8H6, STM32H7S3L8H6H, STM32H7S3R8V6, STM32H7S3V8H6, STM32H7S3V8T6, STM32H7S3V8Y6TR, STM32H7S3Z8J6, STM32H7S3Z8T6, STM32H7S78-DK, STM32H7S7A8I6, STM32H7S7I8K6, STM32H7S7I8T6, STM32H7S7L8H6, STM32H7S7L8H6H, STM32H7S7Z8J6, STM32L4R5QGI6STR, STM32MP131AAE3, STM32MP131AAF3, STM32MP131AAG3, STM32MP131CAE3, STM32MP131CAF3, STM32MP131CAG3, STM32MP131DAE7, STM32MP131DAF7, STM32MP131DAG7, STM32MP131FAE7, STM32MP131FAF7, STM32MP131FAG7, STM32MP133AAE3, STM32MP133AAF3, STM32MP133AAG3, STM32MP133CAE3, STM32MP133CAF3, STM32MP133CAG3, STM32MP133DAE7, STM32MP133DAF7, STM32MP133DAG7, STM32MP133FAE7, STM32MP133FAF7, STM32MP133FAG7, STM32MP135AAE3, STM32MP135AAF3, STM32MP135AAG3, STM32MP135CAE3, STM32MP135CAF3, STM32MP135CAG3, STM32MP135DAE7, STM32MP135DAF7, STM32MP135DAG7, STM32MP135F-DK, STM32MP135FAE7, STM32MP135FAF7, STM32MP135FAF7T, STM32MP135FAF7U, STM32MP135FAG7, STM32MP251AAI3, STM32MP251AAK3, STM32MP251AAL3, STM32MP251CAI3, STM32MP251CAK3, STM32MP251CAL3, STM32MP251DAI3, STM32MP251DAK3, STM32MP251DAL3, STM32MP251FAI3, STM32MP251FAK3, STM32MP251FAL3, STM32MP253AAI3, STM32MP253AAK3, STM32MP253AAL3, STM32MP253CAI3, STM32MP253CAK3, STM32MP253CAL3, STM32MP253DAI3, STM32MP253DAK3, STM32MP253DAL3, STM32MP253FAI3, STM32MP253FAK3, STM32MP253FAL3, STM32MP255AAI3, STM32MP255AAK3, STM32MP255AAL3, STM32MP255CAI3, STM32MP255CAK3, STM32MP255CAL3, STM32MP255DAI3, STM32MP255DAK3, STM32MP255DAL3, STM32MP255FAI3, STM32MP255FAK3, STM32MP255FAL3, STM32MP257AAI3, STM32MP257AAK3, STM32MP257AAL3, STM32MP257CAI3, STM32MP257CAK3, STM32MP257CAL3, STM32MP257DAI3, STM32MP257DAK3, STM32MP257DAL3, STM32MP257F-DK, STM32MP257F-EV1, STM32MP257FAI3, STM32MP257FAK3, STM32MP257FAL3, STM32U031C6T6, STM32U031C6U6, STM32U031C8T6, STM32U031C8U6, STM32U031F4P6, STM32U031F6P6, STM32U031F8P6, STM32U031G6Y6TR, STM32U031G8Y6TR, STM32U031K4U6, STM32U031K6U6, STM32U031K8U6, STM32U031R6I6, STM32U031R6T6, STM32U031R8I6, STM32U031R8T6, STM32U073C8T6, STM32U073C8U6, STM32U073CBT6, STM32U073CBU6, STM32U073CCT6, STM32U073CCU6, STM32U073H8Y6TR, STM32U073HBY6TR, STM32U073HCY6TR, STM32U073K8U6, STM32U073KBU6, STM32U073KCU6, STM32U073M8I6, STM32U073M8T6, STM32U073MBI6, STM32U073MBT6, STM32U073MCI6, STM32U073MCT6, STM32U073R8I6, STM32U073R8T6, STM32U073RBI6, STM32U073RBT6, STM32U073RCI6, STM32U073RCT6, STM32U083C-DK, STM32U083CCT6, STM32U083CCU6, STM32U083HCY6TR, STM32U083KCU6, STM32U083MCI6, STM32U083MCT6, STM32U083RCI6, STM32U083RCT6, STM32U535CBT6, STM32U535CBT6Q, STM32U535CBU6, STM32U535CBU6Q, STM32U535CCT6, STM32U535CCT6Q, STM32U535CCU6, STM32U535CCU6Q, STM32U535CET6, STM32U535CET6Q, STM32U535CEU6, STM32U535CEU6Q, STM32U535JEY6QTR, STM32U535NCY6QTR, STM32U535NEY6QTR, STM32U535RBI6, STM32U535RBI6Q, STM32U535RBT6, STM32U535RBT6Q, STM32U535RCI6, STM32U535RCI6Q, STM32U535RCT6, STM32U535RCT6Q, STM32U535REI6, STM32U535REI6Q, STM32U535RET6, STM32U535RET6Q, STM32U535VCI6, STM32U535VCI6Q, STM32U535VCT6, STM32U535VCT6Q, STM32U535VEI6, STM32U535VEI6Q, STM32U535VET6, STM32U535VET6Q, STM32U545CET6, STM32U545CET6Q, STM32U545CEU6, STM32U545CEU6Q, STM32U545JEY6QTR, STM32U545NEY6QTR, STM32U545REI6, STM32U545REI6Q, STM32U545RET6, STM32U545RET6Q, STM32U545VEI6, STM32U545VEI6Q, STM32U545VET6, STM32U545VET6Q, STM32U595AIH6, STM32U595AIH6Q, STM32U595AJH6, STM32U595AJH6Q, STM32U595QII6, STM32U595QII6Q, STM32U595QJI6, STM32U595QJI6Q, STM32U595RIT6, STM32U595RIT6Q, STM32U595RJT6, STM32U595RJT6Q, STM32U595VIT6, STM32U595VIT6Q, STM32U595VJT6, STM32U595VJT6Q, STM32U595ZIT6, STM32U595ZIT6Q, STM32U595ZIY6QTR, STM32U595ZJT6, STM32U595ZJT6Q, STM32U595ZJY6QTR, STM32U599BJY6QTR, STM32U599NIH6Q, STM32U599NJH6Q, STM32U599VIT6Q, STM32U599VJT6, STM32U599VJT6Q, STM32U599ZIT6Q, STM32U599ZIY6QTR, STM32U599ZJT6Q, STM32U599ZJY6QTR, STM32U5A5AJH6, STM32U5A5AJH6Q, STM32U5A5QII3Q , STM32U5A5QJI6, STM32U5A5QJI6Q, STM32U5A5RJT6, STM32U5A5RJT6Q, STM32U5A5VJT6, STM32U5A5VJT6Q, STM32U5A5ZJT6, STM32U5A5ZJT6Q, STM32U5A5ZJY6QTR, STM32U5A9BJY6QTR, STM32U5A9J-DK, STM32U5A9NJH6Q, STM32U5A9VJT6Q, STM32U5A9ZJT6Q, STM32U5A9ZJY6QTR, STM32U5F7VIT6, STM32U5F7VIT6Q, STM32U5F7VJT6, STM32U5F7VJT6Q, STM32U5F9BJY6QTR, STM32U5F9NJH6Q, STM32U5F9VIT6Q, STM32U5F9VJT6Q, STM32U5F9ZIJ6QTR, STM32U5F9ZIT6Q, STM32U5F9ZJJ6QTR, STM32U5F9ZJT6Q, STM32U5G7VJT6, STM32U5G7VJT6Q, STM32U5G9BJY6QTR, STM32U5G9J-DK1, STM32U5G9J-DK2, STM32U5G9NJH6Q, STM32U5G9VJT6Q, STM32U5G9ZJJ6QTR, STM32U5G9ZJT6Q, STM32WB05KZV6TR, STM32WB05KZV7TR, STM32WB05TZF6TR, STM32WB05TZF7TR, STM32WB06CCF6TR, STM32WB06CCF7TR, STM32WB06CCV6TR, STM32WB06CCV7TR, STM32WB06KCV6TR, STM32WB06KCV7TR, STM32WB07CCF6TR, STM32WB07CCF7TR, STM32WB07CCV6TR, STM32WB07CCV7TR, STM32WB07KCV6TR, STM32WB07KCV7TR, STM32WB09KEV6TR, STM32WB09KEV7TR, STM32WB09TEF6TR, STM32WB09TEF7TR, STM32WB1MMCH6, STM32WBA50KGU6, STM32WBA50KGU6TR, STM32WBA52CEU6, STM32WBA52CEU6TR, STM32WBA52CEU7, STM32WBA52CEU7TR, STM32WBA52CGU6, STM32WBA52CGU6TR, STM32WBA52CGU6U, STM32WBA52CGU7, STM32WBA52CGU7TR, STM32WBA52KEU6, STM32WBA52KEU6TR, STM32WBA52KGU6, STM32WBA52KGU6TR, STM32WBA54CEU6, STM32WBA54CEU6TR, STM32WBA54CEU7, STM32WBA54CEU7TR, STM32WBA54CGU6, STM32WBA54CGU6TR, STM32WBA54CGU7, STM32WBA54CGU7TR, STM32WBA54KEU6, STM32WBA54KEU6TR, STM32WBA54KEU7, STM32WBA54KEU7TR, STM32WBA54KGU6, STM32WBA54KGU6TR, STM32WBA54KGU7, STM32WBA54KGU7TR, STM32WBA55CEU6, STM32WBA55CEU6TR, STM32WBA55CEU7, STM32WBA55CEU7TR, STM32WBA55CGU6, STM32WBA55CGU6TR, STM32WBA55CGU6U, STM32WBA55CGU7, STM32WBA55CGU7TR, STM32WBA55G-DK1, STM32WBA55HEF6, STM32WBA55HEF7, STM32WBA55HGF6, STM32WBA55HGF7, STM32WBA55UEI6, STM32WBA55UEI6TR, STM32WBA55UEI7, STM32WBA55UEI7TR, STM32WBA55UGI6, STM32WBA55UGI6TR, STM32WBA55UGI7, STM32WBA55UGI7TR, STM32WL5MOCH6, STM32WL5MOCH6TR]
2024-12-17 14:23:20,783 [INFO] ApiDb:668 - CubeFinder database Data Model version=2.1
2024-12-17 14:23:20,783 [INFO] ApiDb:669 - CubeFinder database Configuration version=3.0.39
2024-12-17 14:23:20,783 [INFO] ApiDb:670 - CubeFinder database generation date=2024-11-21 (1732182206)
2024-12-17 14:23:20,783 [INFO] ApiDb:671 - CubeFinder database FW Pack versions=[FP-ATR-ASTRA1_V2.0.0, FP-SNS-FLIGHT1_V5.0.2, FP-SNS-MOTENV1_V5.0.0, FP-SNS-MOTENVWB1_V1.4.0, FP-SNS-SMARTAG2_V1.2.0, FP-SNS-STBOX1_V2.0.0, STM32Cube_FW_C0_V1.3.0, STM32Cube_FW_F4_V1.28.1, STM32Cube_FW_F7_V1.17.2, STM32Cube_FW_G0_V1.6.2, STM32Cube_FW_G4_V1.6.1, STM32Cube_FW_H5_V1.4.0, STM32Cube_FW_H7RS_V1.1.0, STM32Cube_FW_H7_V1.12.0, STM32Cube_FW_L0_V1.12.2, STM32Cube_FW_L4_V1.18.1, STM32Cube_FW_L5_V1.5.1, STM32Cube_FW_N6_V1.0.0, STM32Cube_FW_U0_V1.2.0, STM32Cube_FW_U3_V1.0.0, STM32Cube_FW_U5_V1.7.0, STM32Cube_FW_WB0_V1.1.0, STM32Cube_FW_WBA_V1.5.0, STM32Cube_FW_WB_V1.21.0, STM32Cube_FW_WL3_V1.0.0, STM32Cube_FW_WL_V1.3.0, X-CUBE-ALGOBUILD_V1.4.0, X-CUBE-ALS_V1.0.2, X-CUBE-AZRTOS-F4_V1.1.0, X-CUBE-AZRTOS-F7_V1.1.0, X-CUBE-AZRTOS-G0_V1.1.0, X-CUBE-AZRTOS-G4_V2.0.0, X-CUBE-AZRTOS-H7RS_V1.0.0, X-CUBE-AZRTOS-H7_V3.3.0, X-CUBE-AZRTOS-L4_V2.0.0, X-CUBE-AZRTOS-L5_V2.0.0, X-CUBE-AZRTOS-WB_V2.0.0, X-CUBE-AZRTOS-WL_V2.0.0, X-CUBE-BLE1_V7.0.0, X-CUBE-BLE2_V3.3.0, X-CUBE-BLEMGR_V3.1.0, X-CUBE-EEPRMA1_V5.1.0, X-CUBE-FREERTOS_V1.2.0, X-CUBE-GNSS1_V6.0.0, X-CUBE-MEMS1_V11.0.0, X-CUBE-NFC4_V3.0.0, X-CUBE-NFC7_V1.0.1, X-CUBE-SFXS2LP1_V4.0.0, X-CUBE-SUBG2_V5.0.0, X-CUBE-TOF1_V3.4.2]
2024-12-17 14:23:22,421 [INFO] ApiDb:240 - Found 646 in-development CPN: [B-G473E-ZEST1S, B-WB1M-WPAN1, B-WL5M-SUBG1, NUCLEO-C031C6, NUCLEO-C071RB, NUCLEO-H503RB, NUCLEO-H533RE, NUCLEO-H563ZI, NUCLEO-H7S3L8, NUCLEO-U031R8, NUCLEO-U083RC, NUCLEO-U545RE-Q, NUCLEO-U5A5ZJ-Q, NUCLEO-WB05KZ, NUCLEO-WB07CC, NUCLEO-WB09KE, NUCLEO-WBA52CG, NUCLEO-WBA55CG, STEVAL-PROTEUS1, STEVAL-SMARTAG2, STEVAL-STWINBX1, STM320518-EVAL, STM32C0116-DK, STM32C011D6Y3TR, STM32C011D6Y6TR, STM32C011F4P3, STM32C011F4P6, STM32C011F4U3, STM32C011F4U6TR, STM32C011F6P3, STM32C011F6P6, STM32C011F6U3, STM32C011F6U6TR, STM32C011J4M3, STM32C011J4M6, STM32C011J6M3, STM32C011J6M6, STM32C0316-DK, STM32C031C4T3, STM32C031C4T6, STM32C031C4U3, STM32C031C4U6, STM32C031C6T3, STM32C031C6T6, STM32C031C6U3, STM32C031C6U6, STM32C031F4P3, STM32C031F4P6, STM32C031F6P3, STM32C031F6P6, STM32C031G4U3, STM32C031G4U6, STM32C031G6U3, STM32C031G6U6, STM32C031K4T3, STM32C031K4T6, STM32C031K4U3, STM32C031K4U6, STM32C031K6T3, STM32C031K6T6, STM32C031K6U3, STM32C031K6U6, STM32C071C8T6, STM32C071C8T6N, STM32C071C8U6, STM32C071C8U6N, STM32C071CBT6, STM32C071CBT6N, STM32C071CBU6, STM32C071CBU6N, STM32C071F8P6, STM32C071F8P6N, STM32C071FBP6, STM32C071FBP6N, STM32C071FBY6TR, STM32C071G8U6, STM32C071G8U6N, STM32C071GBU6, STM32C071GBU6N, STM32C071K8T6, STM32C071K8T6N, STM32C071K8U6, STM32C071K8U6N, STM32C071KBT6, STM32C071KBT6N, STM32C071KBU6, STM32C071KBU6N, STM32C071R8T6, STM32C071R8T6N, STM32C071RBI6N, STM32C071RBT6, STM32C071RBT6N, STM32G071K8TXN, STM32G071K8UXN, STM32G081GBU6N, STM32G081KBT6N, STM32G081KBUXN, STM32G0B1CCT6N, STM32G0B1KCT6, STM32G0B1NEY6TR, STM32G0B1RCT6N, STM32G0C1CCT6, STM32G0C1CCT6N, STM32G0C1CCU6N, STM32G0C1CET6N, STM32G0C1CEU6N, STM32G0C1KCT6, STM32G0C1NEY6TR, STM32G0C1RCI6N, STM32G0C1RCT6N, STM32G0C1REI6N, STM32G0C1RET6N, STM32G0C1VCI6, STM32G0C1VEI6, STM32G411C6T3, STM32G411C6T6, STM32G411C6U3, STM32G411C6U6, STM32G411C8T3, STM32G411C8T6, STM32G411C8U3, STM32G411C8U6, STM32G411CBT3, STM32G411CBT6, STM32G411CBU3, STM32G411CBU6, STM32G411K6T3, STM32G411K6T6, STM32G411K6U3, STM32G411K6U6, STM32G411K8T3, STM32G411K8T6, STM32G411K8U3, STM32G411K8U6, STM32G411KBT3, STM32G411KBT6, STM32G411KBU3, STM32G411KBU6, STM32G411M6T3, STM32G411M6T6, STM32G411M8T3, STM32G411M8T6, STM32G411MBT3, STM32G411MBT6, STM32G411R6T3, STM32G411R6T6, STM32G411R8T3, STM32G411R8T6, STM32G411RBT3, STM32G411RBT6, STM32G414CBT3, STM32G414CBT6, STM32G414CBU3, STM32G414CBU6, STM32G414CCT3, STM32G414CCT6, STM32G414CCU3, STM32G414CCU6, STM32G414MBT3, STM32G414MBT6, STM32G414MCT3, STM32G414MCT6, STM32G414RBT3, STM32G414RBT6, STM32G414RCT3, STM32G414RCT6, STM32G414VBT3, STM32G414VBT6, STM32G414VCT3, STM32G414VCT6, STM32G431CBT3Z, STM32G431RBT3Z, STM32G471CCT6, STM32G471CCU6, STM32G471CET3, STM32G471CET6, STM32G471CEU3, STM32G471CEU6, STM32G471MCT6, STM32G471MET3, STM32G471MET6, STM32G471MEY6TR, STM32G471QCT6, STM32G471QET3, STM32G471RCT6, STM32G471RET3, STM32G471RET6, STM32G471VCH6, STM32G471VCI6, STM32G471VCT6, STM32G471VEH3, STM32G471VEH6, STM32G471VEI3, STM32G471VEI6, STM32G471VET3, STM32G471VET6, STM32G473QET3Z, STM32G473RET3Z, STM32G474CCT6, STM32G491RET3Z, STM32H503CBT6, STM32H503CBU6, STM32H503EBY6TR, STM32H503KBU6, STM32H503RBT6, STM32H523CCT6, STM32H523CCU6, STM32H523CET6, STM32H523CEU6, STM32H523HEY6TR, STM32H523RCT6, STM32H523RET6, STM32H523VCI6, STM32H523VCT6, STM32H523VEI6, STM32H523VET6, STM32H523ZCJ6, STM32H523ZCT6, STM32H523ZEJ6, STM32H523ZET6, STM32H533CET6, STM32H533CEU6, STM32H533HEY6TR, STM32H533RET6, STM32H533VEI6, STM32H533VET6, STM32H533ZEJ6, STM32H533ZET6, STM32H562AGI6, STM32H562AII6, STM32H562IGK6, STM32H562IGT6, STM32H562IIK6, STM32H562IIT6, STM32H562RGT6, STM32H562RGV6, STM32H562RIT6, STM32H562RIV6, STM32H562VGT6, STM32H562VIT6, STM32H562ZGT6, STM32H562ZIT6, STM32H563AGI6, STM32H563AII3Q, STM32H563AII6, STM32H563IGK6, STM32H563IGT6, STM32H563IIK3Q, STM32H563IIK6, STM32H563IIT3Q, STM32H563IIT6, STM32H563MIY3QTR, STM32H563RGT6, STM32H563RGV6, STM32H563RIT6, STM32H563RIV6, STM32H563VGT6, STM32H563VIT3Q, STM32H563VIT6, STM32H563ZGT6, STM32H563ZIT3Q, STM32H563ZIT6, STM32H573AII3Q, STM32H573AII6, STM32H573I-DK, STM32H573IIK3Q, STM32H573IIK6, STM32H573IIT3Q, STM32H573IIT6, STM32H573MIY3QTR, STM32H573RIT6, STM32H573RIV6, STM32H573VIT3Q, STM32H573VIT6, STM32H573ZIT3Q, STM32H573ZIT6, STM32H7R3A8I6, STM32H7R3I8K6, STM32H7R3I8T6, STM32H7R3L8H6, STM32H7R3L8H6H, STM32H7R3R8V6, STM32H7R3V8H6, STM32H7R3V8T6, STM32H7R3V8Y6TR, STM32H7R3Z8J6, STM32H7R3Z8T6, STM32H7R7A8I6, STM32H7R7I8K6, STM32H7R7I8T6, STM32H7R7L8H6, STM32H7R7L8H6H, STM32H7R7Z8J6, STM32H7S3A8I6, STM32H7S3I8K6, STM32H7S3I8T6, STM32H7S3L8H6, STM32H7S3L8H6H, STM32H7S3R8V6, STM32H7S3V8H6, STM32H7S3V8T6, STM32H7S3V8Y6TR, STM32H7S3Z8J6, STM32H7S3Z8T6, STM32H7S78-DK, STM32H7S7A8I6, STM32H7S7I8K6, STM32H7S7I8T6, STM32H7S7L8H6, STM32H7S7L8H6H, STM32H7S7Z8J6, STM32L4R5QGI6STR, STM32MP131AAE3, STM32MP131AAF3, STM32MP131AAG3, STM32MP131CAE3, STM32MP131CAF3, STM32MP131CAG3, STM32MP131DAE7, STM32MP131DAF7, STM32MP131DAG7, STM32MP131FAE7, STM32MP131FAF7, STM32MP131FAG7, STM32MP133AAE3, STM32MP133AAF3, STM32MP133AAG3, STM32MP133CAE3, STM32MP133CAF3, STM32MP133CAG3, STM32MP133DAE7, STM32MP133DAF7, STM32MP133DAG7, STM32MP133FAE7, STM32MP133FAF7, STM32MP133FAG7, STM32MP135AAE3, STM32MP135AAF3, STM32MP135AAG3, STM32MP135CAE3, STM32MP135CAF3, STM32MP135CAG3, STM32MP135DAE7, STM32MP135DAF7, STM32MP135DAG7, STM32MP135F-DK, STM32MP135FAE7, STM32MP135FAF7, STM32MP135FAF7T, STM32MP135FAF7U, STM32MP135FAG7, STM32MP251AAI3, STM32MP251AAK3, STM32MP251AAL3, STM32MP251CAI3, STM32MP251CAK3, STM32MP251CAL3, STM32MP251DAI3, STM32MP251DAK3, STM32MP251DAL3, STM32MP251FAI3, STM32MP251FAK3, STM32MP251FAL3, STM32MP253AAI3, STM32MP253AAK3, STM32MP253AAL3, STM32MP253CAI3, STM32MP253CAK3, STM32MP253CAL3, STM32MP253DAI3, STM32MP253DAK3, STM32MP253DAL3, STM32MP253FAI3, STM32MP253FAK3, STM32MP253FAL3, STM32MP255AAI3, STM32MP255AAK3, STM32MP255AAL3, STM32MP255CAI3, STM32MP255CAK3, STM32MP255CAL3, STM32MP255DAI3, STM32MP255DAK3, STM32MP255DAL3, STM32MP255FAI3, STM32MP255FAK3, STM32MP255FAL3, STM32MP257AAI3, STM32MP257AAK3, STM32MP257AAL3, STM32MP257CAI3, STM32MP257CAK3, STM32MP257CAL3, STM32MP257DAI3, STM32MP257DAK3, STM32MP257DAL3, STM32MP257F-DK, STM32MP257F-EV1, STM32MP257FAI3, STM32MP257FAK3, STM32MP257FAL3, STM32U031C6T6, STM32U031C6U6, STM32U031C8T6, STM32U031C8U6, STM32U031F4P6, STM32U031F6P6, STM32U031F8P6, STM32U031G6Y6TR, STM32U031G8Y6TR, STM32U031K4U6, STM32U031K6U6, STM32U031K8U6, STM32U031R6I6, STM32U031R6T6, STM32U031R8I6, STM32U031R8T6, STM32U073C8T6, STM32U073C8U6, STM32U073CBT6, STM32U073CBU6, STM32U073CCT6, STM32U073CCU6, STM32U073H8Y6TR, STM32U073HBY6TR, STM32U073HCY6TR, STM32U073K8U6, STM32U073KBU6, STM32U073KCU6, STM32U073M8I6, STM32U073M8T6, STM32U073MBI6, STM32U073MBT6, STM32U073MCI6, STM32U073MCT6, STM32U073R8I6, STM32U073R8T6, STM32U073RBI6, STM32U073RBT6, STM32U073RCI6, STM32U073RCT6, STM32U083C-DK, STM32U083CCT6, STM32U083CCU6, STM32U083HCY6TR, STM32U083KCU6, STM32U083MCI6, STM32U083MCT6, STM32U083RCI6, STM32U083RCT6, STM32U535CBT6, STM32U535CBT6Q, STM32U535CBU6, STM32U535CBU6Q, STM32U535CCT6, STM32U535CCT6Q, STM32U535CCU6, STM32U535CCU6Q, STM32U535CET6, STM32U535CET6Q, STM32U535CEU6, STM32U535CEU6Q, STM32U535JEY6QTR, STM32U535NCY6QTR, STM32U535NEY6QTR, STM32U535RBI6, STM32U535RBI6Q, STM32U535RBT6, STM32U535RBT6Q, STM32U535RCI6, STM32U535RCI6Q, STM32U535RCT6, STM32U535RCT6Q, STM32U535REI6, STM32U535REI6Q, STM32U535RET6, STM32U535RET6Q, STM32U535VCI6, STM32U535VCI6Q, STM32U535VCT6, STM32U535VCT6Q, STM32U535VEI6, STM32U535VEI6Q, STM32U535VET6, STM32U535VET6Q, STM32U545CET6, STM32U545CET6Q, STM32U545CEU6, STM32U545CEU6Q, STM32U545JEY6QTR, STM32U545NEY6QTR, STM32U545REI6, STM32U545REI6Q, STM32U545RET6, STM32U545RET6Q, STM32U545VEI6, STM32U545VEI6Q, STM32U545VET6, STM32U545VET6Q, STM32U595AIH6, STM32U595AIH6Q, STM32U595AJH6, STM32U595AJH6Q, STM32U595QII6, STM32U595QII6Q, STM32U595QJI6, STM32U595QJI6Q, STM32U595RIT6, STM32U595RIT6Q, STM32U595RJT6, STM32U595RJT6Q, STM32U595VIT6, STM32U595VIT6Q, STM32U595VJT6, STM32U595VJT6Q, STM32U595ZIT6, STM32U595ZIT6Q, STM32U595ZIY6QTR, STM32U595ZJT6, STM32U595ZJT6Q, STM32U595ZJY6QTR, STM32U599BJY6QTR, STM32U599NIH6Q, STM32U599NJH6Q, STM32U599VIT6Q, STM32U599VJT6, STM32U599VJT6Q, STM32U599ZIT6Q, STM32U599ZIY6QTR, STM32U599ZJT6Q, STM32U599ZJY6QTR, STM32U5A5AJH6, STM32U5A5AJH6Q, STM32U5A5QII3Q , STM32U5A5QJI6, STM32U5A5QJI6Q, STM32U5A5RJT6, STM32U5A5RJT6Q, STM32U5A5VJT6, STM32U5A5VJT6Q, STM32U5A5ZJT6, STM32U5A5ZJT6Q, STM32U5A5ZJY6QTR, STM32U5A9BJY6QTR, STM32U5A9J-DK, STM32U5A9NJH6Q, STM32U5A9VJT6Q, STM32U5A9ZJT6Q, STM32U5A9ZJY6QTR, STM32U5F7VIT6, STM32U5F7VIT6Q, STM32U5F7VJT6, STM32U5F7VJT6Q, STM32U5F9BJY6QTR, STM32U5F9NJH6Q, STM32U5F9VIT6Q, STM32U5F9VJT6Q, STM32U5F9ZIJ6QTR, STM32U5F9ZIT6Q, STM32U5F9ZJJ6QTR, STM32U5F9ZJT6Q, STM32U5G7VJT6, STM32U5G7VJT6Q, STM32U5G9BJY6QTR, STM32U5G9J-DK1, STM32U5G9J-DK2, STM32U5G9NJH6Q, STM32U5G9VJT6Q, STM32U5G9ZJJ6QTR, STM32U5G9ZJT6Q, STM32WB05KZV6TR, STM32WB05KZV7TR, STM32WB05TZF6TR, STM32WB05TZF7TR, STM32WB06CCF6TR, STM32WB06CCF7TR, STM32WB06CCV6TR, STM32WB06CCV7TR, STM32WB06KCV6TR, STM32WB06KCV7TR, STM32WB07CCF6TR, STM32WB07CCF7TR, STM32WB07CCV6TR, STM32WB07CCV7TR, STM32WB07KCV6TR, STM32WB07KCV7TR, STM32WB09KEV6TR, STM32WB09KEV7TR, STM32WB09TEF6TR, STM32WB09TEF7TR, STM32WB1MMCH6, STM32WBA50KGU6, STM32WBA50KGU6TR, STM32WBA52CEU6, STM32WBA52CEU6TR, STM32WBA52CEU7, STM32WBA52CEU7TR, STM32WBA52CGU6, STM32WBA52CGU6TR, STM32WBA52CGU6U, STM32WBA52CGU7, STM32WBA52CGU7TR, STM32WBA52KEU6, STM32WBA52KEU6TR, STM32WBA52KGU6, STM32WBA52KGU6TR, STM32WBA54CEU6, STM32WBA54CEU6TR, STM32WBA54CEU7, STM32WBA54CEU7TR, STM32WBA54CGU6, STM32WBA54CGU6TR, STM32WBA54CGU7, STM32WBA54CGU7TR, STM32WBA54KEU6, STM32WBA54KEU6TR, STM32WBA54KEU7, STM32WBA54KEU7TR, STM32WBA54KGU6, STM32WBA54KGU6TR, STM32WBA54KGU7, STM32WBA54KGU7TR, STM32WBA55CEU6, STM32WBA55CEU6TR, STM32WBA55CEU7, STM32WBA55CEU7TR, STM32WBA55CGU6, STM32WBA55CGU6TR, STM32WBA55CGU6U, STM32WBA55CGU7, STM32WBA55CGU7TR, STM32WBA55G-DK1, STM32WBA55HEF6, STM32WBA55HEF7, STM32WBA55HGF6, STM32WBA55HGF7, STM32WBA55UEI6, STM32WBA55UEI6TR, STM32WBA55UEI7, STM32WBA55UEI7TR, STM32WBA55UGI6, STM32WBA55UGI6TR, STM32WBA55UGI7, STM32WBA55UGI7TR, STM32WL5MOCH6, STM32WL5MOCH6TR]
2024-12-17 14:23:22,426 [INFO] DbMcus:218 - Found 4389 MCUs, 4389 are supported
2024-12-17 14:23:22,426 [INFO] ApiDb:423 - Load user favorites file C:\Users\erik/.stm32cubeide/favorites.mcus.txt: 0 item(s)
2024-12-17 14:23:22,426 [INFO] ApiDb:427 - User favorites MCUs=[]
2024-12-17 14:23:22,426 [INFO] DbMcus:224 - Set 0 / 0 favorites MCUs
2024-12-17 14:23:22,783 [INFO] BoardInfo:889 - No configuration file found for board P-NUCLEO-WB55
2024-12-17 14:23:22,784 [INFO] DbBoards:161 - Kit is not supported: P-NUCLEO-WB55
2024-12-17 14:23:22,787 [INFO] BoardInfo:889 - No configuration file found for board STEVAL-BFA001V1B
2024-12-17 14:23:22,787 [INFO] DbBoards:161 - Kit is not supported: STEVAL-BFA001V1B
2024-12-17 14:23:22,788 [INFO] BoardInfo:889 - No configuration file found for board STEVAL-BFA001V2B
2024-12-17 14:23:22,789 [INFO] DbBoards:161 - Kit is not supported: STEVAL-BFA001V2B
2024-12-17 14:23:22,899 [INFO] DbBoards:168 - Found 201 boards, 198 are supported
2024-12-17 14:23:22,899 [INFO] DbBoards:169 - Found 201 boards, 25 of them is supported for  Bsp
2024-12-17 14:23:22,907 [INFO] ApiDb:423 - Load user favorites file C:\Users\erik/.stm32cubeide/favorites.boards.txt: 2 item(s)
2024-12-17 14:23:22,908 [INFO] ApiDb:427 - User favorites Boards=[B-L4S5I-IOT01A, NUCLEO-L476RG]
2024-12-17 14:23:22,908 [INFO] DbBoards:198 - Set 2 / 2 favorites Boards
2024-12-17 14:23:22,967 [INFO] UtilMem:75 - End LoadConfig() Used Memory: 295429280 Bytes (532676608)
2024-12-17 14:23:23,091 [WARN] ThirdParty:833 - waiting for thirdparty lock release [change project]
2024-12-17 14:23:23,091 [INFO] ThirdParty:835 - entering critical section [change project]
2024-12-17 14:23:23,091 [INFO] ThirdParty:1030 - CMSIS Pack Vendor :STMicroelectronics USBPD 4.1
2024-12-17 14:23:23,091 [INFO] ThirdParty:1030 - CMSIS Pack Vendor :STMicroelectronics X-CUBE-AZRTOS-H7 3.3.0
2024-12-17 14:23:23,091 [INFO] ThirdParty:1030 - CMSIS Pack Vendor :STMicroelectronics X-CUBE-NFC9 1.0.0
2024-12-17 14:23:23,091 [INFO] ThirdParty:1030 - CMSIS Pack Vendor :STMicroelectronics USB_HOST 2.0.0
2024-12-17 14:23:23,091 [INFO] ThirdParty:1030 - CMSIS Pack Vendor :STMicroelectronics FP-SNS-MOTENVWB1 1.4.0
2024-12-17 14:23:23,091 [INFO] ThirdParty:1030 - CMSIS Pack Vendor :STMicroelectronics X-CUBE-AZRTOS-F4 1.1.0
2024-12-17 14:23:23,091 [INFO] ThirdParty:1030 - CMSIS Pack Vendor :STMicroelectronics LIBJPEG 8.0.0
2024-12-17 14:23:23,091 [INFO] ThirdParty:1030 - CMSIS Pack Vendor :STMicroelectronics FP-ATR-ASTRA1 2.0.1
2024-12-17 14:23:23,091 [INFO] ThirdParty:1030 - CMSIS Pack Vendor :STMicroelectronics X-CUBE-SMBUS 2.1.0
2024-12-17 14:23:23,091 [INFO] ThirdParty:1030 - CMSIS Pack Vendor :STMicroelectronics X-CUBE-WB05N 1.1.0
2024-12-17 14:23:23,091 [INFO] ThirdParty:1030 - CMSIS Pack Vendor :STMicroelectronics USB_DEVICE 3.0.0
2024-12-17 14:23:23,091 [INFO] ThirdParty:1030 - CMSIS Pack Vendor :STMicroelectronics X-CUBE-TCPP 4.1.0
2024-12-17 14:23:23,091 [INFO] ThirdParty:1030 - CMSIS Pack Vendor :STMicroelectronics X-CUBE-ISPU 2.1.0
2024-12-17 14:23:23,091 [INFO] ThirdParty:1030 - CMSIS Pack Vendor :STMicroelectronics X-CUBE-FREERTOS 1.2.0
2024-12-17 14:23:23,091 [INFO] ThirdParty:1030 - CMSIS Pack Vendor :STMicroelectronics X-CUBE-IPS 3.0.0
2024-12-17 14:23:23,091 [INFO] ThirdParty:1030 - CMSIS Pack Vendor :STMicroelectronics X-CUBE-AZRTOS-WB 2.0.0
2024-12-17 14:23:23,091 [INFO] ThirdParty:1030 - CMSIS Pack Vendor :STMicroelectronics X-CUBE-GNSS1 7.0.0
2024-12-17 14:23:23,092 [INFO] ThirdParty:1030 - CMSIS Pack Vendor :STMicroelectronics X-CUBE-GNSS1 7.0.1
2024-12-17 14:23:23,092 [INFO] ThirdParty:1030 - CMSIS Pack Vendor :STMicroelectronics X-CUBE-AZRTOS-F7 1.1.0
2024-12-17 14:23:23,092 [INFO] ThirdParty:1030 - CMSIS Pack Vendor :STMicroelectronics X-CUBE-AZRTOS-L5 2.0.0
2024-12-17 14:23:23,092 [INFO] ThirdParty:1030 - CMSIS Pack Vendor :STMicroelectronics USB_DEVICE 2.0.0
2024-12-17 14:23:23,092 [INFO] ThirdParty:1030 - CMSIS Pack Vendor :STMicroelectronics X-CUBE-NFC6 3.1.0
2024-12-17 14:23:23,092 [INFO] ThirdParty:1030 - CMSIS Pack Vendor :STMicroelectronics FP-SNS-STBOX1 2.0.0
2024-12-17 14:23:23,092 [INFO] ThirdParty:1030 - CMSIS Pack Vendor :STMicroelectronics X-CUBE-MEMS1 11.0.0
2024-12-17 14:23:23,092 [INFO] ThirdParty:1030 - CMSIS Pack Vendor :STMicroelectronics FreeRTOS 0.0.1
2024-12-17 14:23:23,092 [INFO] ThirdParty:1030 - CMSIS Pack Vendor :STMicroelectronics X-CUBE-AZRTOS-G0 1.1.0
2024-12-17 14:23:23,092 [INFO] ThirdParty:1030 - CMSIS Pack Vendor :STMicroelectronics X-CUBE-SAFEA1 1.2.2
2024-12-17 14:23:23,092 [INFO] ThirdParty:1030 - CMSIS Pack Vendor :STMicroelectronics X-CUBE-NFC4 3.0.0
2024-12-17 14:23:23,092 [INFO] ThirdParty:1030 - CMSIS Pack Vendor :STMicroelectronics X-CUBE-DPower 1.2.0
2024-12-17 14:23:23,092 [INFO] ThirdParty:1030 - CMSIS Pack Vendor :STMicroelectronics X-CUBE-SUBG2 5.0.0
2024-12-17 14:23:23,092 [INFO] ThirdParty:1030 - CMSIS Pack Vendor :STMicroelectronics STM32_WPAN 1.0.0
2024-12-17 14:23:23,092 [INFO] ThirdParty:1030 - CMSIS Pack Vendor :EmbeddedOffice I-CUBE-FS-RTOS 1.0.1
2024-12-17 14:23:23,092 [INFO] ThirdParty:1030 - CMSIS Pack Vendor :STMicroelectronics lwIP 2.0.3
2024-12-17 14:23:23,092 [INFO] ThirdParty:1030 - CMSIS Pack Vendor :STMicroelectronics FP-SNS-FLIGHT1 5.0.2
2024-12-17 14:23:23,092 [INFO] ThirdParty:1030 - CMSIS Pack Vendor :Cesanta I-CUBE-Mongoose 7.13.0
2024-12-17 14:23:23,092 [INFO] ThirdParty:1030 - CMSIS Pack Vendor :STMicroelectronics USB_HOST 1.0.0
2024-12-17 14:23:23,092 [INFO] ThirdParty:1030 - CMSIS Pack Vendor :STMicroelectronics X-CUBE-AZRTOS-G4 2.0.0
2024-12-17 14:23:23,092 [INFO] ThirdParty:1030 - CMSIS Pack Vendor :STMicroelectronics PDM2PCM 3.1.0
2024-12-17 14:23:23,092 [INFO] ThirdParty:1030 - CMSIS Pack Vendor :STMicroelectronics PDM2PCM 3.3.0
2024-12-17 14:23:23,092 [INFO] ThirdParty:1030 - CMSIS Pack Vendor :STMicroelectronics X-CUBE-DISPLAY 3.0.0
2024-12-17 14:23:23,092 [INFO] ThirdParty:1030 - CMSIS Pack Vendor :RealThread X-CUBE-RT-Thread_Nano 4.1.1
2024-12-17 14:23:23,092 [INFO] ThirdParty:1030 - CMSIS Pack Vendor :STMicroelectronics X-CUBE-BLE1 7.0.0
2024-12-17 14:23:23,092 [INFO] ThirdParty:1030 - CMSIS Pack Vendor :STMicroelectronics FP-ATR-SIGFOX1 3.2.0
2024-12-17 14:23:23,092 [INFO] ThirdParty:1030 - CMSIS Pack Vendor :STMicroelectronics X-CUBE-NFC10 1.0.0
2024-12-17 14:23:23,092 [INFO] ThirdParty:1030 - CMSIS Pack Vendor :wolfSSL I-CUBE-wolfSSL 5.7.2
2024-12-17 14:23:23,092 [INFO] ThirdParty:1030 - CMSIS Pack Vendor :quantropi X-CUBE-qispace-sdk-base 1.9.3
2024-12-17 14:23:23,092 [INFO] ThirdParty:1030 - CMSIS Pack Vendor :STMicroelectronics X-CUBE-BLEMGR 4.0.0
2024-12-17 14:23:23,092 [INFO] ThirdParty:1030 - CMSIS Pack Vendor :STMicroelectronics X-CUBE-EEPRMA1 5.1.0
2024-12-17 14:23:23,092 [INFO] ThirdParty:1030 - CMSIS Pack Vendor :STMicroelectronics HAL Drivers 0.0.0
2024-12-17 14:23:23,092 [INFO] ThirdParty:1030 - CMSIS Pack Vendor :STMicroelectronics MBEDTLS 2.16.2
2024-12-17 14:23:23,092 [INFO] ThirdParty:1030 - CMSIS Pack Vendor :STMicroelectronics X-CUBE-ALS 1.0.2
2024-12-17 14:23:23,092 [INFO] ThirdParty:1030 - CMSIS Pack Vendor :emotas I-CUBE-CANOPEN 1.3.0
2024-12-17 14:23:23,092 [INFO] ThirdParty:1030 - CMSIS Pack Vendor :STMicroelectronics X-CUBE-FREERTOS 1.3.0
2024-12-17 14:23:23,092 [INFO] ThirdParty:1030 - CMSIS Pack Vendor :STMicroelectronics X-CUBE-NFC7 1.0.1
2024-12-17 14:23:23,092 [INFO] ThirdParty:1030 - CMSIS Pack Vendor :STMicroelectronics MBEDTLS 2.14.1
2024-12-17 14:23:23,092 [INFO] ThirdParty:1030 - CMSIS Pack Vendor :ITTIA_DB I-CUBE-ITTIADB 8.9.0
2024-12-17 14:23:23,092 [INFO] ThirdParty:1030 - CMSIS Pack Vendor :STMicroelectronics X-CUBE-TOUCHGFX 4.24.1
2024-12-17 14:23:23,092 [INFO] ThirdParty:1030 - CMSIS Pack Vendor :wolfSSL I-CUBE-wolfTPM 3.4.0
2024-12-17 14:23:23,092 [INFO] ThirdParty:1030 - CMSIS Pack Vendor :portGmbH I-Cube-SoM-uGOAL 1.1.0
2024-12-17 14:23:23,092 [INFO] ThirdParty:1030 - CMSIS Pack Vendor :STMicroelectronics X-CUBE-BLEMGR 3.1.0
2024-12-17 14:23:23,093 [INFO] ThirdParty:1030 - CMSIS Pack Vendor :STMicroelectronics ThreadX 1.0.0
2024-12-17 14:23:23,093 [INFO] ThirdParty:1030 - CMSIS Pack Vendor :STMicroelectronics FP-SNS-SMARTAG2 1.2.0
2024-12-17 14:23:23,093 [INFO] ThirdParty:1030 - CMSIS Pack Vendor :STMicroelectronics X-CUBE-MEMS1 11.1.0
2024-12-17 14:23:23,093 [INFO] ThirdParty:1030 - CMSIS Pack Vendor :STMicroelectronics X-CUBE-AZRTOS-WL 2.0.0
2024-12-17 14:23:23,093 [INFO] ThirdParty:1030 - CMSIS Pack Vendor :SEGGER I-CUBE-embOS 1.3.1
2024-12-17 14:23:23,093 [INFO] ThirdParty:1030 - CMSIS Pack Vendor :STMicroelectronics X-CUBE-ALGOBUILD 1.4.0
2024-12-17 14:23:23,093 [INFO] ThirdParty:1030 - CMSIS Pack Vendor :STMicroelectronics FP-SNS-MOTENV1 5.0.0
2024-12-17 14:23:23,093 [INFO] ThirdParty:1030 - CMSIS Pack Vendor :STMicroelectronics USB_DEVICE 1.0.0
2024-12-17 14:23:23,093 [INFO] ThirdParty:1030 - CMSIS Pack Vendor :STMicroelectronics X-CUBE-AZRTOS-H7RS 1.0.0
2024-12-17 14:23:23,093 [INFO] ThirdParty:1030 - CMSIS Pack Vendor :wolfSSL I-CUBE-wolfMQTT 1.19.0
2024-12-17 14:23:23,093 [INFO] ThirdParty:1030 - CMSIS Pack Vendor :STMicroelectronics X-CUBE-AZRTOS-L4 2.0.0
2024-12-17 14:23:23,093 [INFO] ThirdParty:1030 - CMSIS Pack Vendor :STMicroelectronics ThreadX 0.0.2
2024-12-17 14:23:23,093 [INFO] ThirdParty:1030 - CMSIS Pack Vendor :WES I-CUBE-Cesium 1.3.0
2024-12-17 14:23:23,093 [INFO] ThirdParty:1030 - CMSIS Pack Vendor :STMicroelectronics FP-ATR-ASTRA1 2.0.0
2024-12-17 14:23:23,093 [INFO] ThirdParty:1030 - CMSIS Pack Vendor :STMicroelectronics lwIP 2.1.2
2024-12-17 14:23:23,093 [INFO] ThirdParty:1030 - CMSIS Pack Vendor :STMicroelectronics X-CUBE-SFXS2LP1 4.0.0
2024-12-17 14:23:23,093 [INFO] ThirdParty:1030 - CMSIS Pack Vendor :STMicroelectronics X-CUBE-BLE2 3.3.0
2024-12-17 14:23:23,093 [INFO] ThirdParty:1030 - CMSIS Pack Vendor :STMicroelectronics X-CUBE-TOF1 3.4.2
2024-12-17 14:23:23,093 [INFO] ThirdParty:1030 - CMSIS Pack Vendor :STMicroelectronics X-CUBE-AI 9.1.0
2024-12-17 14:23:23,093 [INFO] ThirdParty:1030 - CMSIS Pack Vendor :Infineon AIROC-Wi-Fi-Bluetooth-STM32 1.6.1
2024-12-17 14:23:23,093 [INFO] ThirdParty:1030 - CMSIS Pack Vendor :STMicroelectronics PDM2PCM 3.2.0
2024-12-17 14:23:23,093 [INFO] ThirdParty:1030 - CMSIS Pack Vendor :wolfSSL I-CUBE-wolfSSH 1.4.17
2024-12-17 14:23:23,093 [INFO] ThirdParty:841 - exiting critical section [change project]
2024-12-17 14:23:23,452 [INFO] PinOutPanel:1561 - setPackage(No Configuration,No Configuration)
2024-12-17 14:23:23,454 [INFO] PinOutPanel:1561 - setPackage(STM32L476RGTx,LQFP64)
2024-12-17 14:23:24,127 [INFO] UtilMem:75 - Before build in PCC Used Memory: 353616672 Bytes (532676608)
2024-12-17 14:23:25,060 [INFO] UtilMem:75 - After build in PCC Used Memory: 219615352 Bytes (532676608)
2024-12-17 14:23:25,094 [INFO] IPUIPlugin:80 - create IPUIPlugin
2024-12-17 14:23:25,094 [INFO] IPUIPlugin:80 - create IPUIPlugin
2024-12-17 14:23:25,094 [INFO] IPUIPlugin:80 - create IPUIPlugin
2024-12-17 14:23:25,094 [INFO] IPUIPlugin:80 - create IPUIPlugin
2024-12-17 14:23:25,094 [INFO] IPUIPlugin:80 - create IPUIPlugin
2024-12-17 14:23:25,094 [INFO] IPUIPlugin:80 - create IPUIPlugin
2024-12-17 14:23:25,095 [INFO] IPUIPlugin:80 - create IPUIPlugin
2024-12-17 14:23:25,095 [INFO] IPUIPlugin:80 - create IPUIPlugin
2024-12-17 14:23:25,095 [INFO] IPUIPlugin:80 - create IPUIPlugin
2024-12-17 14:23:25,095 [INFO] IPUIPlugin:80 - create IPUIPlugin
2024-12-17 14:23:25,095 [INFO] IPUIPlugin:80 - create IPUIPlugin
2024-12-17 14:23:25,095 [INFO] IPUIPlugin:80 - create IPUIPlugin
2024-12-17 14:23:25,095 [INFO] IPUIPlugin:80 - create IPUIPlugin
2024-12-17 14:23:25,095 [INFO] IPUIPlugin:80 - create IPUIPlugin
2024-12-17 14:23:25,095 [INFO] IPUIPlugin:80 - create IPUIPlugin
2024-12-17 14:23:25,095 [INFO] IPUIPlugin:80 - create IPUIPlugin
2024-12-17 14:23:25,095 [INFO] IPUIPlugin:80 - create IPUIPlugin
2024-12-17 14:23:25,095 [INFO] IPUIPlugin:80 - create IPUIPlugin
2024-12-17 14:23:25,095 [INFO] IPUIPlugin:80 - create IPUIPlugin
2024-12-17 14:23:25,095 [INFO] IPUIPlugin:80 - create IPUIPlugin
2024-12-17 14:23:25,096 [INFO] IPUIPlugin:80 - create IPUIPlugin
2024-12-17 14:23:25,096 [INFO] IPUIPlugin:80 - create IPUIPlugin
2024-12-17 14:23:25,096 [INFO] IPUIPlugin:80 - create IPUIPlugin
2024-12-17 14:23:25,096 [INFO] IPUIPlugin:80 - create IPUIPlugin
2024-12-17 14:23:25,096 [INFO] IPUIPlugin:80 - create IPUIPlugin
2024-12-17 14:23:25,096 [INFO] IPUIPlugin:80 - create IPUIPlugin
2024-12-17 14:23:25,096 [INFO] IPUIPlugin:80 - create IPUIPlugin
2024-12-17 14:23:25,096 [INFO] IPUIPlugin:80 - create IPUIPlugin
2024-12-17 14:23:25,096 [INFO] IPUIPlugin:80 - create IPUIPlugin
2024-12-17 14:23:25,096 [INFO] IPUIPlugin:80 - create IPUIPlugin
2024-12-17 14:23:25,097 [INFO] IPUIPlugin:80 - create IPUIPlugin
2024-12-17 14:23:25,097 [INFO] IPUIPlugin:80 - create IPUIPlugin
2024-12-17 14:23:25,097 [INFO] IPUIPlugin:80 - create IPUIPlugin
2024-12-17 14:23:25,097 [INFO] IPUIPlugin:80 - create IPUIPlugin
2024-12-17 14:23:25,097 [INFO] IPUIPlugin:80 - create IPUIPlugin
2024-12-17 14:23:25,097 [INFO] IPUIPlugin:80 - create IPUIPlugin
2024-12-17 14:23:25,098 [INFO] IPUIPlugin:80 - create IPUIPlugin
2024-12-17 14:23:25,098 [INFO] IPUIPlugin:80 - create IPUIPlugin
2024-12-17 14:23:25,098 [INFO] IPUIPlugin:80 - create IPUIPlugin
2024-12-17 14:23:25,098 [INFO] IPUIPlugin:80 - create IPUIPlugin
2024-12-17 14:23:25,099 [INFO] IPUIPlugin:80 - create IPUIPlugin
2024-12-17 14:23:25,099 [INFO] IPUIPlugin:80 - create IPUIPlugin
2024-12-17 14:23:25,099 [INFO] IPUIPlugin:80 - create IPUIPlugin
2024-12-17 14:23:25,099 [INFO] IPUIPlugin:80 - create IPUIPlugin
2024-12-17 14:23:25,099 [INFO] IPUIPlugin:80 - create IPUIPlugin
2024-12-17 14:23:25,099 [INFO] IPUIPlugin:80 - create IPUIPlugin
2024-12-17 14:23:25,100 [INFO] IPUIPlugin:80 - create IPUIPlugin
2024-12-17 14:23:25,100 [INFO] IPUIPlugin:80 - create IPUIPlugin
2024-12-17 14:23:25,100 [INFO] IPUIPlugin:80 - create IPUIPlugin
2024-12-17 14:23:25,100 [INFO] IPUIPlugin:80 - create IPUIPlugin
2024-12-17 14:23:25,101 [INFO] IPUIPlugin:80 - create IPUIPlugin
2024-12-17 14:23:25,101 [INFO] IPUIPlugin:80 - create IPUIPlugin
2024-12-17 14:23:25,101 [INFO] IPUIPlugin:80 - create IPUIPlugin
2024-12-17 14:23:25,101 [INFO] IPUIPlugin:80 - create IPUIPlugin
2024-12-17 14:23:25,101 [INFO] IPUIPlugin:80 - create IPUIPlugin
2024-12-17 14:23:25,102 [INFO] IPUIPlugin:80 - create IPUIPlugin
2024-12-17 14:23:25,102 [INFO] IPUIPlugin:80 - create IPUIPlugin
2024-12-17 14:23:25,103 [INFO] IPUIPlugin:80 - create IPUIPlugin
2024-12-17 14:23:25,103 [INFO] IPUIPlugin:80 - create IPUIPlugin
2024-12-17 14:23:25,368 [INFO] CADModel:165 - CPN selected for project levelSTM32L476RGT3
2024-12-17 14:23:25,369 [INFO] CADModel:114 - Register for checkConnection events
2024-12-17 14:23:25,421 [INFO] OpenFileManager:363 - Restore cursor
2024-12-17 14:23:46,111 [INFO] Gpio:277 - dependency for GPIO [RCC, SPI3, SYS, USART2]
2024-12-17 14:48:43,912 [INFO] Gpio:277 - dependency for GPIO [RCC, SPI3, SYS, USART2]
2024-12-17 14:48:43,967 [INFO] NvicIntPanel:101 - NVIC parent = com.st.microxplorer.plugins.ip.nvic.MultiNvicIntPanel[,0,0,0x0,invalid,layout=javax.swing.BoxLayout,alignmentX=0.0,alignmentY=0.0,border=,flags=9,maximumSize=,minimumSize=,preferredSize=]
2024-12-17 14:48:44,133 [INFO] Gpio:277 - dependency for GPIO [RCC, SPI3, SYS, USART2]
2024-12-17 14:48:44,186 [INFO] NvicIntPanel:101 - NVIC parent = com.st.microxplorer.plugins.ip.nvic.MultiNvicIntPanel[,0,0,0x0,invalid,layout=javax.swing.BoxLayout,alignmentX=0.0,alignmentY=0.0,border=,flags=9,maximumSize=,minimumSize=,preferredSize=]
2024-12-17 14:49:15,434 [INFO] Gpio:277 - dependency for GPIO [RCC, SPI3, SYS, USART2]
2024-12-17 14:49:15,476 [INFO] NvicIntPanel:101 - NVIC parent = com.st.microxplorer.plugins.ip.nvic.MultiNvicIntPanel[,0,0,0x0,invalid,layout=javax.swing.BoxLayout,alignmentX=0.0,alignmentY=0.0,border=,flags=9,maximumSize=,minimumSize=,preferredSize=]
2024-12-17 14:49:15,617 [INFO] Gpio:277 - dependency for GPIO [RCC, SPI3, SYS, USART2]
2024-12-17 14:49:15,659 [INFO] NvicIntPanel:101 - NVIC parent = com.st.microxplorer.plugins.ip.nvic.MultiNvicIntPanel[,0,0,0x0,invalid,layout=javax.swing.BoxLayout,alignmentX=0.0,alignmentY=0.0,border=,flags=9,maximumSize=,minimumSize=,preferredSize=]
2024-12-17 14:49:24,944 [INFO] UtilMem:75 - End SaveConfig() Used Memory: 615600848 Bytes (1073741824)
2024-12-17 14:49:27,053 [INFO] UtilMem:75 - End SaveConfig() Used Memory: 654401664 Bytes (1073741824)
2024-12-17 14:49:27,454 [INFO] BlockDiagram:2766 - set Specific Code input for plugin: SPI
2024-12-17 14:49:27,455 [INFO] BlockDiagram:2766 - set Specific Code input for plugin: SYS
2024-12-17 14:49:27,455 [INFO] BlockDiagram:2766 - set Specific Code input for plugin: RCC
2024-12-17 14:49:27,455 [INFO] BlockDiagram:2766 - set Specific Code input for plugin: NVIC
2024-12-17 14:49:27,455 [INFO] BlockDiagram:2766 - set Specific Code input for plugin: USART
2024-12-17 14:49:27,455 [INFO] BlockDiagram:2766 - set Specific Code input for plugin: GPIO
2024-12-17 14:49:27,457 [INFO] CodeGenerator:807 - code generatio: config db path: C:\ST\STM32CubeIDE_1.16.1\STM32CubeIDE\plugins\com.st.stm32cube.common.mx_6.12.1.202409122256\\db\
2024-12-17 14:49:27,642 [INFO] CodeEngine:255 - oldGeneratedFile, C:\Users\erik\Documents\GitHub\IS1300-Embedded_Systems\Embedded Systems - Last Project\MXTmpFiles\license.tmp_save
2024-12-17 14:49:27,953 [INFO] CodeEngine:279 - Generated code: C:\Users\erik\Documents\GitHub\IS1300-Embedded_Systems\Embedded Systems - Last Project\MXTmpFiles\license.tmp
2024-12-17 14:49:28,102 [INFO] CodeEngine:255 - oldGeneratedFile, C:\Users\erik\Documents\GitHub\IS1300-Embedded_Systems\Embedded Systems - Last Project\Core\Src\gpio.c_save
2024-12-17 14:49:28,280 [INFO] CodeEngine:279 - Generated code: C:\Users\erik\Documents\GitHub\IS1300-Embedded_Systems\Embedded Systems - Last Project\Core\Src\gpio.c
2024-12-17 14:49:28,305 [INFO] CodeEngine:255 - oldGeneratedFile, C:\Users\erik\Documents\GitHub\IS1300-Embedded_Systems\Embedded Systems - Last Project\Core\Inc\gpio.h_save
2024-12-17 14:49:28,413 [INFO] CodeEngine:279 - Generated code: C:\Users\erik\Documents\GitHub\IS1300-Embedded_Systems\Embedded Systems - Last Project\Core\Inc\gpio.h
2024-12-17 14:49:28,729 [INFO] CodeEngine:255 - oldGeneratedFile, C:\Users\erik\Documents\GitHub\IS1300-Embedded_Systems\Embedded Systems - Last Project\Core\Src\spi.c_save
2024-12-17 14:49:28,873 [INFO] CodeEngine:279 - Generated code: C:\Users\erik\Documents\GitHub\IS1300-Embedded_Systems\Embedded Systems - Last Project\Core\Src\spi.c
2024-12-17 14:49:28,900 [INFO] CodeEngine:255 - oldGeneratedFile, C:\Users\erik\Documents\GitHub\IS1300-Embedded_Systems\Embedded Systems - Last Project\Core\Inc\spi.h_save
2024-12-17 14:49:28,980 [INFO] CodeEngine:279 - Generated code: C:\Users\erik\Documents\GitHub\IS1300-Embedded_Systems\Embedded Systems - Last Project\Core\Inc\spi.h
2024-12-17 14:49:29,002 [INFO] CodeEngine:255 - oldGeneratedFile, C:\Users\erik\Documents\GitHub\IS1300-Embedded_Systems\Embedded Systems - Last Project\Core\Src\usart.c_save
2024-12-17 14:49:29,099 [INFO] CodeEngine:279 - Generated code: C:\Users\erik\Documents\GitHub\IS1300-Embedded_Systems\Embedded Systems - Last Project\Core\Src\usart.c
2024-12-17 14:49:29,103 [INFO] CodeEngine:255 - oldGeneratedFile, C:\Users\erik\Documents\GitHub\IS1300-Embedded_Systems\Embedded Systems - Last Project\Core\Inc\usart.h_save
2024-12-17 14:49:29,183 [INFO] CodeEngine:279 - Generated code: C:\Users\erik\Documents\GitHub\IS1300-Embedded_Systems\Embedded Systems - Last Project\Core\Inc\usart.h
2024-12-17 14:49:29,212 [INFO] CodeEngine:255 - oldGeneratedFile, C:\Users\erik\Documents\GitHub\IS1300-Embedded_Systems\Embedded Systems - Last Project\Core\Src\stm32l4xx_it.c_save
2024-12-17 14:49:29,333 [INFO] CodeEngine:279 - Generated code: C:\Users\erik\Documents\GitHub\IS1300-Embedded_Systems\Embedded Systems - Last Project\Core\Src\stm32l4xx_it.c
2024-12-17 14:49:29,355 [INFO] CodeEngine:255 - oldGeneratedFile, C:\Users\erik\Documents\GitHub\IS1300-Embedded_Systems\Embedded Systems - Last Project\Core\Inc\stm32l4xx_it.h_save
2024-12-17 14:49:29,435 [INFO] CodeEngine:279 - Generated code: C:\Users\erik\Documents\GitHub\IS1300-Embedded_Systems\Embedded Systems - Last Project\Core\Inc\stm32l4xx_it.h
2024-12-17 14:49:29,466 [INFO] CodeEngine:255 - oldGeneratedFile, C:\Users\erik\Documents\GitHub\IS1300-Embedded_Systems\Embedded Systems - Last Project\Core\Src\stm32l4xx_hal_msp.c_save
2024-12-17 14:49:29,554 [INFO] CodeEngine:279 - Generated code: C:\Users\erik\Documents\GitHub\IS1300-Embedded_Systems\Embedded Systems - Last Project\Core\Src\stm32l4xx_hal_msp.c
2024-12-17 14:49:29,566 [INFO] CodeEngine:255 - oldGeneratedFile, C:\Users\erik\Documents\GitHub\IS1300-Embedded_Systems\Embedded Systems - Last Project\MXTmpFiles\system.tmp_save
2024-12-17 14:49:29,623 [INFO] CodeEngine:279 - Generated code: C:\Users\erik\Documents\GitHub\IS1300-Embedded_Systems\Embedded Systems - Last Project\MXTmpFiles\system.tmp
2024-12-17 14:49:29,650 [INFO] CodeEngine:311 - oldGeneratedFile, C:\Users\erik\Documents\GitHub\IS1300-Embedded_Systems\Embedded Systems - Last Project\Core\Inc\stm32l4xx_hal_conf.h_save
2024-12-17 14:49:29,733 [INFO] CodeEngine:335 - Generated code: C:\Users\erik\Documents\GitHub\IS1300-Embedded_Systems\Embedded Systems - Last Project\Core\Inc\stm32l4xx_hal_conf.h
2024-12-17 14:49:29,808 [INFO] CodeEngine:255 - oldGeneratedFile, C:\Users\erik\Documents\GitHub\IS1300-Embedded_Systems\Embedded Systems - Last Project\Core\Inc\main.h_save
2024-12-17 14:49:29,925 [INFO] CodeEngine:279 - Generated code: C:\Users\erik\Documents\GitHub\IS1300-Embedded_Systems\Embedded Systems - Last Project\Core\Inc\main.h
2024-12-17 14:49:29,956 [INFO] CodeEngine:255 - oldGeneratedFile, C:\Users\erik\Documents\GitHub\IS1300-Embedded_Systems\Embedded Systems - Last Project\Core\Src\main.c_save
2024-12-17 14:49:30,082 [INFO] CodeEngine:279 - Generated code: C:\Users\erik\Documents\GitHub\IS1300-Embedded_Systems\Embedded Systems - Last Project\Core\Src\main.c
2024-12-17 14:49:30,523 [INFO] ProjectBuilder:3249 - Time for Copy HAL[1] : 268mS.
2024-12-17 14:49:30,529 [INFO] ProjectBuilder:4828 - Project Generator version: 4.5.0-B34
2024-12-17 14:49:30,622 [INFO] ConfigFileManager:1531 - The Die is : DIE415
2024-12-17 14:49:30,644 [INFO] ApiDbMcu:508 - Load IP Config File for FATFS
2024-12-17 14:49:30,659 [INFO] ApiDbMcu:508 - Load IP Config File for FREERTOS
2024-12-17 14:49:30,677 [INFO] ApiDbMcu:508 - Load IP Config File for TOUCHSENSING
2024-12-17 14:49:30,694 [INFO] ApiDbMcu:508 - Load IP Config File for USB_DEVICE
2024-12-17 14:49:30,707 [INFO] ApiDbMcu:508 - Load IP Config File for USB_HOST
2024-12-17 14:49:31,387 [INFO] LogOutputStream:77 - [STDOUT_REDIRECT] 
2024-12-17 14:49:32,966 [INFO] ProjectBuilder:5097 - Time for Generating toolchain IDE Files: 2437mS.
2024-12-17 14:49:32,967 [INFO] ProjectBuilder:3107 - Time for Copy CMSIS : 1mS.
2024-12-17 14:49:32,969 [INFO] ProjectBuilder:3107 - Time for Copy CMSIS : 0mS.
2024-12-17 14:59:38,496 [INFO] UtilMem:75 - End SaveConfig() Used Memory: 728836392 Bytes (1073741824)
2024-12-17 14:59:39,852 [INFO] UtilMem:75 - End SaveConfig() Used Memory: 759667416 Bytes (1073741824)
2024-12-17 14:59:41,508 [INFO] UtilMem:75 - End SaveConfig() Used Memory: 824490760 Bytes (1073741824)
2024-12-17 14:59:41,659 [INFO] BlockDiagram:2766 - set Specific Code input for plugin: SPI
2024-12-17 14:59:41,659 [INFO] BlockDiagram:2766 - set Specific Code input for plugin: SYS
2024-12-17 14:59:41,659 [INFO] BlockDiagram:2766 - set Specific Code input for plugin: RCC
2024-12-17 14:59:41,660 [INFO] BlockDiagram:2766 - set Specific Code input for plugin: NVIC
2024-12-17 14:59:41,660 [INFO] BlockDiagram:2766 - set Specific Code input for plugin: USART
2024-12-17 14:59:41,660 [INFO] BlockDiagram:2766 - set Specific Code input for plugin: GPIO
2024-12-17 14:59:41,661 [INFO] CodeGenerator:807 - code generatio: config db path: C:\ST\STM32CubeIDE_1.16.1\STM32CubeIDE\plugins\com.st.stm32cube.common.mx_6.12.1.202409122256\\db\
2024-12-17 14:59:41,725 [INFO] CodeEngine:255 - oldGeneratedFile, C:\Users\erik\Documents\GitHub\IS1300-Embedded_Systems\Embedded Systems - Last Project\MXTmpFiles\license.tmp_save
2024-12-17 14:59:41,813 [INFO] CodeEngine:279 - Generated code: C:\Users\erik\Documents\GitHub\IS1300-Embedded_Systems\Embedded Systems - Last Project\MXTmpFiles\license.tmp
2024-12-17 14:59:41,868 [INFO] CodeEngine:255 - oldGeneratedFile, C:\Users\erik\Documents\GitHub\IS1300-Embedded_Systems\Embedded Systems - Last Project\Core\Src\gpio.c_save
2024-12-17 14:59:41,980 [INFO] CodeEngine:279 - Generated code: C:\Users\erik\Documents\GitHub\IS1300-Embedded_Systems\Embedded Systems - Last Project\Core\Src\gpio.c
2024-12-17 14:59:42,000 [INFO] CodeEngine:255 - oldGeneratedFile, C:\Users\erik\Documents\GitHub\IS1300-Embedded_Systems\Embedded Systems - Last Project\Core\Inc\gpio.h_save
2024-12-17 14:59:42,055 [INFO] CodeEngine:279 - Generated code: C:\Users\erik\Documents\GitHub\IS1300-Embedded_Systems\Embedded Systems - Last Project\Core\Inc\gpio.h
2024-12-17 14:59:42,192 [INFO] CodeEngine:255 - oldGeneratedFile, C:\Users\erik\Documents\GitHub\IS1300-Embedded_Systems\Embedded Systems - Last Project\Core\Src\spi.c_save
2024-12-17 14:59:42,291 [INFO] CodeEngine:279 - Generated code: C:\Users\erik\Documents\GitHub\IS1300-Embedded_Systems\Embedded Systems - Last Project\Core\Src\spi.c
2024-12-17 14:59:42,297 [INFO] CodeEngine:255 - oldGeneratedFile, C:\Users\erik\Documents\GitHub\IS1300-Embedded_Systems\Embedded Systems - Last Project\Core\Inc\spi.h_save
2024-12-17 14:59:42,352 [INFO] CodeEngine:279 - Generated code: C:\Users\erik\Documents\GitHub\IS1300-Embedded_Systems\Embedded Systems - Last Project\Core\Inc\spi.h
2024-12-17 14:59:42,379 [INFO] CodeEngine:255 - oldGeneratedFile, C:\Users\erik\Documents\GitHub\IS1300-Embedded_Systems\Embedded Systems - Last Project\Core\Src\usart.c_save
2024-12-17 14:59:42,470 [INFO] CodeEngine:279 - Generated code: C:\Users\erik\Documents\GitHub\IS1300-Embedded_Systems\Embedded Systems - Last Project\Core\Src\usart.c
2024-12-17 14:59:42,475 [INFO] CodeEngine:255 - oldGeneratedFile, C:\Users\erik\Documents\GitHub\IS1300-Embedded_Systems\Embedded Systems - Last Project\Core\Inc\usart.h_save
2024-12-17 14:59:42,530 [INFO] CodeEngine:279 - Generated code: C:\Users\erik\Documents\GitHub\IS1300-Embedded_Systems\Embedded Systems - Last Project\Core\Inc\usart.h
2024-12-17 14:59:42,552 [INFO] CodeEngine:255 - oldGeneratedFile, C:\Users\erik\Documents\GitHub\IS1300-Embedded_Systems\Embedded Systems - Last Project\Core\Src\stm32l4xx_it.c_save
2024-12-17 14:59:42,662 [INFO] CodeEngine:279 - Generated code: C:\Users\erik\Documents\GitHub\IS1300-Embedded_Systems\Embedded Systems - Last Project\Core\Src\stm32l4xx_it.c
2024-12-17 14:59:42,667 [INFO] CodeEngine:255 - oldGeneratedFile, C:\Users\erik\Documents\GitHub\IS1300-Embedded_Systems\Embedded Systems - Last Project\Core\Inc\stm32l4xx_it.h_save
2024-12-17 14:59:42,715 [INFO] CodeEngine:279 - Generated code: C:\Users\erik\Documents\GitHub\IS1300-Embedded_Systems\Embedded Systems - Last Project\Core\Inc\stm32l4xx_it.h
2024-12-17 14:59:42,735 [INFO] CodeEngine:255 - oldGeneratedFile, C:\Users\erik\Documents\GitHub\IS1300-Embedded_Systems\Embedded Systems - Last Project\Core\Src\stm32l4xx_hal_msp.c_save
2024-12-17 14:59:42,818 [INFO] CodeEngine:279 - Generated code: C:\Users\erik\Documents\GitHub\IS1300-Embedded_Systems\Embedded Systems - Last Project\Core\Src\stm32l4xx_hal_msp.c
2024-12-17 14:59:42,821 [INFO] CodeEngine:255 - oldGeneratedFile, C:\Users\erik\Documents\GitHub\IS1300-Embedded_Systems\Embedded Systems - Last Project\MXTmpFiles\system.tmp_save
2024-12-17 14:59:42,872 [INFO] CodeEngine:279 - Generated code: C:\Users\erik\Documents\GitHub\IS1300-Embedded_Systems\Embedded Systems - Last Project\MXTmpFiles\system.tmp
2024-12-17 14:59:42,894 [INFO] CodeEngine:311 - oldGeneratedFile, C:\Users\erik\Documents\GitHub\IS1300-Embedded_Systems\Embedded Systems - Last Project\Core\Inc\stm32l4xx_hal_conf.h_save
2024-12-17 14:59:42,978 [INFO] CodeEngine:335 - Generated code: C:\Users\erik\Documents\GitHub\IS1300-Embedded_Systems\Embedded Systems - Last Project\Core\Inc\stm32l4xx_hal_conf.h
2024-12-17 14:59:43,022 [INFO] CodeEngine:255 - oldGeneratedFile, C:\Users\erik\Documents\GitHub\IS1300-Embedded_Systems\Embedded Systems - Last Project\Core\Inc\main.h_save
2024-12-17 14:59:43,086 [INFO] CodeEngine:279 - Generated code: C:\Users\erik\Documents\GitHub\IS1300-Embedded_Systems\Embedded Systems - Last Project\Core\Inc\main.h
2024-12-17 14:59:43,102 [INFO] CodeEngine:255 - oldGeneratedFile, C:\Users\erik\Documents\GitHub\IS1300-Embedded_Systems\Embedded Systems - Last Project\Core\Src\main.c_save
2024-12-17 14:59:43,173 [INFO] CodeEngine:279 - Generated code: C:\Users\erik\Documents\GitHub\IS1300-Embedded_Systems\Embedded Systems - Last Project\Core\Src\main.c
2024-12-17 14:59:43,484 [INFO] ProjectBuilder:3249 - Time for Copy HAL[1] : 151mS.
2024-12-17 14:59:43,487 [INFO] ProjectBuilder:4828 - Project Generator version: 4.5.0-B34
2024-12-17 14:59:43,562 [INFO] ConfigFileManager:1531 - The Die is : DIE415
2024-12-17 14:59:44,183 [INFO] ProjectBuilder:5097 - Time for Generating toolchain IDE Files: 696mS.
2024-12-17 14:59:44,184 [INFO] ProjectBuilder:3107 - Time for Copy CMSIS : 1mS.
2024-12-17 14:59:44,186 [INFO] ProjectBuilder:3107 - Time for Copy CMSIS : 0mS.
