2024-11-01 11:58:20,053 [INFO] WebApp:189 - Connection lost
2024-11-01 11:59:00,099 [INFO] McuFinderGlobals:63 - Set McuFinder mode to 2 (CubeIDE integrated)
2024-11-01 11:59:00,099 [INFO] UserAuth:179 - activating auth plugin
2024-11-01 11:59:00,118 [INFO] UserAuth:417 - Internet connection configuration mode: 1
2024-11-01 11:59:12,994 [INFO] WebApp:186 - Connection restablished
2024-11-01 11:59:15,918 [INFO] WebApp:189 - Connection lost
2024-11-01 11:59:16,023 [INFO] WebApp:186 - Connection restablished
2024-11-01 12:00:44,825 [INFO] WebApp:189 - Connection lost
2024-11-01 12:00:45,001 [INFO] WebApp:186 - Connection restablished
2024-11-01 12:28:45,891 [INFO] WebApp:645 - userauth.ini deleted or not created
2024-11-01 12:29:12,471 [INFO] MainUpdater:2873 - connection check result : 10
2024-11-01 12:29:12,770 [INFO] McuFinderGlobals:76 - Set McuFinderConnectedMode to true
2024-11-01 12:29:12,780 [INFO] MultiScanPanel:200 - Auto-refresh data requested => check proxy status ongoing
2024-11-01 12:29:12,783 [INFO] FinderPluginLoader:95 - Searching for filters in installed packs
2024-11-01 12:29:14,500 [INFO] LoadUrlFilesThread:185 - End of LoadServerUrlFiles without Thread
2024-11-01 12:29:14,599 [INFO] DetailPanel:341 - Set advertising image to C:/Users/erik/STM32Cube/Repository/\en.prom-stm32c071-usb-memories-mcu-finder.png
2024-11-01 12:30:19,055 [INFO] MainUpdater:2873 - connection check result : 10
2024-11-01 12:30:19,055 [INFO] MainUpdater:2873 - connection check result : 10
2024-11-01 12:30:20,421 [INFO] MicroXplorer:468 - Change Database Path : 
2024-11-01 12:30:20,421 [INFO] MicroXplorer:498 - Change Database Version : DB.6.0.121
2024-11-01 12:30:20,440 [ERROR] ProjectManagerView:394 - 
java.lang.NullPointerException: Cannot invoke "javax.swing.JTextField.getText()" because the return value of "java.util.List.get(int)" is null
	at com.st.microxplorer.plugins.projectmanager.gui.ProjectChoiceTab$10.caretUpdate(ProjectChoiceTab.java:2622) ~[filemanager.jar:?]
	at javax.swing.text.JTextComponent.fireCaretUpdate(JTextComponent.java:412) ~[?:?]
	at javax.swing.text.JTextComponent$MutableCaretEvent.fire(JTextComponent.java:4491) ~[?:?]
	at javax.swing.text.JTextComponent$MutableCaretEvent.stateChanged(JTextComponent.java:4513) ~[?:?]
	at javax.swing.text.DefaultCaret.fireStateChanged(DefaultCaret.java:842) ~[?:?]
	at javax.swing.text.DefaultCaret.changeCaretPosition(DefaultCaret.java:1313) ~[?:?]
	at javax.swing.text.DefaultCaret.handleSetDot(DefaultCaret.java:1212) ~[?:?]
	at javax.swing.text.DefaultCaret.setDot(DefaultCaret.java:1193) ~[?:?]
	at javax.swing.text.DefaultCaret$Handler.insertUpdate(DefaultCaret.java:1789) ~[?:?]
	at javax.swing.text.AbstractDocument.fireInsertUpdate(AbstractDocument.java:226) ~[?:?]
	at javax.swing.text.AbstractDocument.handleInsertString(AbstractDocument.java:780) ~[?:?]
	at javax.swing.text.AbstractDocument.insertString(AbstractDocument.java:739) ~[?:?]
	at javax.swing.text.PlainDocument.insertString(PlainDocument.java:131) ~[?:?]
	at javax.swing.text.AbstractDocument.replace(AbstractDocument.java:698) ~[?:?]
	at javax.swing.text.JTextComponent.setText(JTextComponent.java:1729) ~[?:?]
	at com.st.microxplorer.plugins.projectmanager.gui.ProjectChoiceTab.createHeapStackFields(ProjectChoiceTab.java:972) ~[filemanager.jar:?]
	at com.st.microxplorer.plugins.projectmanager.gui.ProjectChoiceTab.buildLinkSettingsPanel(ProjectChoiceTab.java:3597) ~[filemanager.jar:?]
	at com.st.microxplorer.plugins.projectmanager.gui.ProjectChoiceTab.defineWindowsFields(ProjectChoiceTab.java:1940) ~[filemanager.jar:?]
	at com.st.microxplorer.plugins.projectmanager.gui.ProjectChoiceTab.updateSettings(ProjectChoiceTab.java:550) ~[filemanager.jar:?]
	at com.st.microxplorer.plugins.projectmanager.gui.ProjectSettingsPanel.UpdateDialog(ProjectSettingsPanel.java:245) ~[filemanager.jar:?]
	at com.st.microxplorer.plugins.projectmanager.ProjectManagerView.propertyChange(ProjectManagerView.java:391) ~[filemanager.jar:?]
	at java.beans.PropertyChangeSupport.fire(PropertyChangeSupport.java:343) ~[?:?]
	at java.beans.PropertyChangeSupport.firePropertyChange(PropertyChangeSupport.java:335) ~[?:?]
	at java.beans.PropertyChangeSupport.firePropertyChange(PropertyChangeSupport.java:268) ~[?:?]
	at com.st.microxplorer.util.MXPropertyChangeSupport.firePropertyChange(MXPropertyChangeSupport.java:54) ~[STM32CubeMX.jar:?]
	at com.st.microxplorer.mxsystem.MxSystem.closeConfig(MxSystem.java:900) ~[STM32CubeMX.jar:?]
	at com.st.microxplorer.maingui.MainPanel.closeConfig(MainPanel.java:781) ~[STM32CubeMX.jar:?]
	at com.st.microxplorer.plugins.filemanager.engine.OpenFileManager.loadConfigurationFile(OpenFileManager.java:265) ~[filemanager.jar:?]
	at com.st.microxplorer.plugins.filemanager.engine.MainFileManager.userLoadConfig(MainFileManager.java:352) ~[filemanager.jar:?]
	at com.st.microxplorer.plugins.filemanager.engine.MainFileManager.userLoadConfig(MainFileManager.java:330) ~[filemanager.jar:?]
	at com.st.microxplorer.plugins.filemanager.FileManagerView.getSpecificTask(FileManagerView.java:246) ~[filemanager.jar:?]
	at com.st.stm32cube.common.mx.editor.CubeMxEditor.getMxTabbedPaneInstance(CubeMxEditor.java:1198) ~[com.st.stm32cube.common.mx_6.12.1.202409122256/:?]
	at com.st.stm32cube.common.mx.editor.CubeMxEditor$12$1.createSwingComponent(CubeMxEditor.java:1068) ~[com.st.stm32cube.common.mx_6.12.1.202409122256/:?]
	at com.st.stm32cube.common.mx.oss.core.awtswtbridge.EmbeddedSwingComposite.doComponentCreation(EmbeddedSwingComposite.java:492) ~[com.st.stm32cube.common.mx.oss_6.12.1.202409122256/:?]
	at com.st.stm32cube.common.mx.oss.core.awtswtbridge.EmbeddedSwingComposite$4.run(EmbeddedSwingComposite.java:291) ~[com.st.stm32cube.common.mx.oss_6.12.1.202409122256/:?]
	at com.st.stm32cube.common.mx.oss.core.awtswtbridge.AwtEnvironment$2.run(AwtEnvironment.java:166) ~[com.st.stm32cube.common.mx.oss_6.12.1.202409122256/:?]
	at java.awt.event.InvocationEvent.dispatch(InvocationEvent.java:318) ~[?:?]
	at java.awt.EventQueue.dispatchEventImpl(EventQueue.java:773) ~[?:?]
	at java.awt.EventQueue$4.run(EventQueue.java:720) ~[?:?]
	at java.awt.EventQueue$4.run(EventQueue.java:714) ~[?:?]
	at java.security.AccessController.doPrivileged(AccessController.java:399) ~[?:?]
	at java.security.ProtectionDomain$JavaSecurityAccessImpl.doIntersectionPrivilege(ProtectionDomain.java:86) ~[?:?]
	at java.awt.EventQueue.dispatchEvent(EventQueue.java:742) ~[?:?]
	at java.awt.EventDispatchThread.pumpOneEventForFilters(EventDispatchThread.java:203) ~[?:?]
	at java.awt.EventDispatchThread.pumpEventsForFilter(EventDispatchThread.java:124) ~[?:?]
	at java.awt.EventDispatchThread.pumpEventsForHierarchy(EventDispatchThread.java:113) ~[?:?]
	at java.awt.EventDispatchThread.pumpEvents(EventDispatchThread.java:109) ~[?:?]
	at java.awt.EventDispatchThread.pumpEvents(EventDispatchThread.java:101) ~[?:?]
	at java.awt.EventDispatchThread.run(EventDispatchThread.java:90) ~[?:?]
2024-11-01 12:30:20,449 [WARN] ThirdParty:871 - waiting for thirdparty lock release [close project]
2024-11-01 12:30:20,449 [INFO] ThirdParty:873 - entering critical section [close project]
2024-11-01 12:30:20,449 [INFO] ThirdParty:883 - exiting critical section [close project]
2024-11-01 12:30:20,451 [INFO] PinOutPanel:1561 - setPackage(No Configuration,No Configuration)
2024-11-01 12:30:20,461 [INFO] UtilMem:75 - Begin LoadConfig() Used Memory: 302375968 Bytes (688914432)
2024-11-01 12:30:20,461 [INFO] MicroXplorer:468 - Change Database Path : 
2024-11-01 12:30:20,461 [INFO] MicroXplorer:498 - Change Database Version : DB.6.0.121
2024-11-01 12:30:20,461 [INFO] OpenFileManager:332 - Change cursor
2024-11-01 12:30:20,570 [INFO] Mcu:2032 - Initializing MCU STM32L476RGTx STM32L476RGTx STM32L476RGT3
2024-11-01 12:30:23,040 [INFO] Context:742 - Trying to add GPIOservice into a context  which must be forbidden
2024-11-01 12:30:23,566 [INFO] ImportTextPane:205 - (OptionalMessage_ERROR) Unable to find key (Mcu.ThirdPartyNb) in loaded IOC file
2024-11-01 12:30:23,566 [INFO] ImportTextPane:205 - (OptionalMessage_ERROR) Unable to find key (Mcu.PinsNb) in loaded IOC file
2024-11-01 12:30:23,566 [INFO] ImportTextPane:205 - (OptionalMessage_ERROR) Unable to find key (Mcu.IPNb) in loaded IOC file
2024-11-01 12:30:23,653 [INFO] RtosManager:555 - Registered RTOS mode: class=CMSIS, group=RTOS, mode=CMSIS_V1, owner=FREERTOS
2024-11-01 12:30:23,653 [INFO] RtosManager:555 - Registered RTOS mode: class=CMSIS, group=RTOS2, mode=CMSIS_V2, owner=FREERTOS
2024-11-01 12:30:23,653 [INFO] RtosManager:555 - Registered RTOS mode: class=RTOS, group=Core, mode=CMSIS_V1, owner=FREERTOS
2024-11-01 12:30:23,653 [INFO] RtosManager:555 - Registered RTOS mode: class=RTOS, group=Core, mode=CMSIS_V2, owner=FREERTOS
2024-11-01 12:30:23,653 [WARN] ModelIntegratedComponent:184 - Missing modes for component STMicroelectronics:FreeRTOS:0.0.1:STMicroelectronics:RTOS:FreeRTOS:Core:::10.2.0:
2024-11-01 12:30:23,658 [WARN] ModelIntegratedComponent:63 - No mode defined for component null
2024-11-01 12:30:23,658 [WARN] ModelIntegratedComponent:63 - No mode defined for component null
2024-11-01 12:30:23,658 [WARN] ModelIntegratedComponent:63 - No mode defined for component null
2024-11-01 12:30:23,658 [WARN] ModelIntegratedComponent:63 - No mode defined for component null
2024-11-01 12:30:23,658 [WARN] ModelIntegratedComponent:63 - No mode defined for component null
2024-11-01 12:30:23,658 [WARN] ModelIntegratedComponent:63 - No mode defined for component null
2024-11-01 12:30:23,658 [WARN] ModelIntegratedComponent:63 - No mode defined for component null
2024-11-01 12:30:23,658 [WARN] ModelIntegratedComponent:63 - No mode defined for component null
2024-11-01 12:30:23,658 [WARN] ModelIntegratedComponent:63 - No mode defined for component null
2024-11-01 12:30:23,658 [WARN] ModelIntegratedComponent:63 - No mode defined for component null
2024-11-01 12:30:23,658 [WARN] ModelIntegratedComponent:63 - No mode defined for component null
2024-11-01 12:30:23,658 [WARN] ModelIntegratedComponent:63 - No mode defined for component null
2024-11-01 12:30:23,658 [WARN] ModelIntegratedComponent:63 - No mode defined for component null
2024-11-01 12:30:23,658 [WARN] ModelIntegratedComponent:63 - No mode defined for component null
2024-11-01 12:30:23,658 [WARN] ModelIntegratedComponent:63 - No mode defined for component null
2024-11-01 12:30:23,658 [WARN] ModelIntegratedComponent:63 - No mode defined for component null
2024-11-01 12:30:23,658 [WARN] ModelIntegratedComponent:63 - No mode defined for component null
2024-11-01 12:30:23,658 [WARN] ModelIntegratedComponent:63 - No mode defined for component null
2024-11-01 12:30:23,658 [WARN] ModelIntegratedComponent:63 - No mode defined for component null
2024-11-01 12:30:23,658 [WARN] ModelIntegratedComponent:63 - No mode defined for component null
2024-11-01 12:30:23,658 [WARN] ModelIntegratedComponent:63 - No mode defined for component null
2024-11-01 12:30:23,658 [WARN] ModelIntegratedComponent:63 - No mode defined for component null
2024-11-01 12:30:23,658 [WARN] ModelIntegratedComponent:63 - No mode defined for component null
2024-11-01 12:30:23,658 [WARN] ModelIntegratedComponent:63 - No mode defined for component null
2024-11-01 12:30:23,658 [WARN] ModelIntegratedComponent:63 - No mode defined for component null
2024-11-01 12:30:23,658 [WARN] ModelIntegratedComponent:63 - No mode defined for component null
2024-11-01 12:30:23,658 [WARN] ModelIntegratedComponent:63 - No mode defined for component null
2024-11-01 12:30:23,658 [WARN] ModelIntegratedComponent:63 - No mode defined for component null
2024-11-01 12:30:23,658 [WARN] ModelIntegratedComponent:63 - No mode defined for component null
2024-11-01 12:30:23,658 [WARN] ModelIntegratedComponent:63 - No mode defined for component null
2024-11-01 12:30:23,658 [WARN] ModelIntegratedComponent:63 - No mode defined for component null
2024-11-01 12:30:23,658 [WARN] ModelIntegratedComponent:63 - No mode defined for component null
2024-11-01 12:30:23,658 [WARN] ModelIntegratedComponent:63 - No mode defined for component null
2024-11-01 12:30:23,658 [WARN] ModelIntegratedComponent:63 - No mode defined for component null
2024-11-01 12:30:23,658 [WARN] ModelIntegratedComponent:63 - No mode defined for component null
2024-11-01 12:30:23,658 [WARN] ModelPack:524 - Component already loaded: STMicroelectronics:HAL Drivers:0.0.0:STMicroelectronics:Device:STMicro_Driver:XSPI:HAL::0.0.1:HAL_XSPI
2024-11-01 12:30:23,671 [INFO] ThirdPartyModel:298 - Start build external matchings
2024-11-01 12:30:23,937 [INFO] ThirdPartyModel:316 - End build external matchings
2024-11-01 12:30:24,302 [INFO] UtilMem:75 - End LoadConfig() Used Memory: 231316944 Bytes (688914432)
2024-11-01 12:30:24,337 [WARN] ThirdParty:833 - waiting for thirdparty lock release [change project]
2024-11-01 12:30:24,337 [INFO] ThirdParty:835 - entering critical section [change project]
2024-11-01 12:30:24,337 [INFO] ThirdParty:1030 - CMSIS Pack Vendor :STMicroelectronics USBPD 4.1
2024-11-01 12:30:24,337 [INFO] ThirdParty:1030 - CMSIS Pack Vendor :STMicroelectronics X-CUBE-AZRTOS-H7 3.3.0
2024-11-01 12:30:24,337 [INFO] ThirdParty:1030 - CMSIS Pack Vendor :STMicroelectronics X-CUBE-NFC9 1.0.0
2024-11-01 12:30:24,337 [INFO] ThirdParty:1030 - CMSIS Pack Vendor :STMicroelectronics USB_HOST 2.0.0
2024-11-01 12:30:24,338 [INFO] ThirdParty:1030 - CMSIS Pack Vendor :STMicroelectronics FP-SNS-MOTENVWB1 1.4.0
2024-11-01 12:30:24,338 [INFO] ThirdParty:1030 - CMSIS Pack Vendor :STMicroelectronics X-CUBE-AZRTOS-F4 1.1.0
2024-11-01 12:30:24,338 [INFO] ThirdParty:1030 - CMSIS Pack Vendor :STMicroelectronics LIBJPEG 8.0.0
2024-11-01 12:30:24,338 [INFO] ThirdParty:1030 - CMSIS Pack Vendor :STMicroelectronics X-CUBE-SMBUS 2.1.0
2024-11-01 12:30:24,338 [INFO] ThirdParty:1030 - CMSIS Pack Vendor :STMicroelectronics X-CUBE-WB05N 1.1.0
2024-11-01 12:30:24,338 [INFO] ThirdParty:1030 - CMSIS Pack Vendor :STMicroelectronics USB_DEVICE 3.0.0
2024-11-01 12:30:24,338 [INFO] ThirdParty:1030 - CMSIS Pack Vendor :STMicroelectronics X-CUBE-TCPP 4.1.0
2024-11-01 12:30:24,338 [INFO] ThirdParty:1030 - CMSIS Pack Vendor :STMicroelectronics X-CUBE-ISPU 2.1.0
2024-11-01 12:30:24,338 [INFO] ThirdParty:1030 - CMSIS Pack Vendor :STMicroelectronics X-CUBE-FREERTOS 1.2.0
2024-11-01 12:30:24,338 [INFO] ThirdParty:1030 - CMSIS Pack Vendor :STMicroelectronics X-CUBE-IPS 3.0.0
2024-11-01 12:30:24,338 [INFO] ThirdParty:1030 - CMSIS Pack Vendor :STMicroelectronics X-CUBE-AZRTOS-WB 2.0.0
2024-11-01 12:30:24,338 [INFO] ThirdParty:1030 - CMSIS Pack Vendor :STMicroelectronics X-CUBE-GNSS1 7.0.0
2024-11-01 12:30:24,338 [INFO] ThirdParty:1030 - CMSIS Pack Vendor :STMicroelectronics X-CUBE-AZRTOS-F7 1.1.0
2024-11-01 12:30:24,338 [INFO] ThirdParty:1030 - CMSIS Pack Vendor :STMicroelectronics X-CUBE-AZRTOS-L5 2.0.0
2024-11-01 12:30:24,338 [INFO] ThirdParty:1030 - CMSIS Pack Vendor :STMicroelectronics USB_DEVICE 2.0.0
2024-11-01 12:30:24,338 [INFO] ThirdParty:1030 - CMSIS Pack Vendor :STMicroelectronics X-CUBE-NFC6 3.1.0
2024-11-01 12:30:24,338 [INFO] ThirdParty:1030 - CMSIS Pack Vendor :STMicroelectronics FP-SNS-STBOX1 2.0.0
2024-11-01 12:30:24,338 [INFO] ThirdParty:1030 - CMSIS Pack Vendor :STMicroelectronics X-CUBE-MEMS1 11.0.0
2024-11-01 12:30:24,338 [INFO] ThirdParty:1030 - CMSIS Pack Vendor :STMicroelectronics FreeRTOS 0.0.1
2024-11-01 12:30:24,338 [INFO] ThirdParty:1030 - CMSIS Pack Vendor :STMicroelectronics X-CUBE-AZRTOS-G0 1.1.0
2024-11-01 12:30:24,338 [INFO] ThirdParty:1030 - CMSIS Pack Vendor :STMicroelectronics X-CUBE-SAFEA1 1.2.2
2024-11-01 12:30:24,338 [INFO] ThirdParty:1030 - CMSIS Pack Vendor :STMicroelectronics X-CUBE-NFC4 3.0.0
2024-11-01 12:30:24,338 [INFO] ThirdParty:1030 - CMSIS Pack Vendor :STMicroelectronics X-CUBE-DPower 1.2.0
2024-11-01 12:30:24,338 [INFO] ThirdParty:1030 - CMSIS Pack Vendor :STMicroelectronics X-CUBE-SUBG2 5.0.0
2024-11-01 12:30:24,338 [INFO] ThirdParty:1030 - CMSIS Pack Vendor :STMicroelectronics STM32_WPAN 1.0.0
2024-11-01 12:30:24,338 [INFO] ThirdParty:1030 - CMSIS Pack Vendor :EmbeddedOffice I-CUBE-FS-RTOS 1.0.1
2024-11-01 12:30:24,338 [INFO] ThirdParty:1030 - CMSIS Pack Vendor :STMicroelectronics lwIP 2.0.3
2024-11-01 12:30:24,338 [INFO] ThirdParty:1030 - CMSIS Pack Vendor :STMicroelectronics FP-SNS-FLIGHT1 5.0.2
2024-11-01 12:30:24,338 [INFO] ThirdParty:1030 - CMSIS Pack Vendor :Cesanta I-CUBE-Mongoose 7.13.0
2024-11-01 12:30:24,338 [INFO] ThirdParty:1030 - CMSIS Pack Vendor :STMicroelectronics USB_HOST 1.0.0
2024-11-01 12:30:24,338 [INFO] ThirdParty:1030 - CMSIS Pack Vendor :STMicroelectronics X-CUBE-AZRTOS-G4 2.0.0
2024-11-01 12:30:24,338 [INFO] ThirdParty:1030 - CMSIS Pack Vendor :STMicroelectronics PDM2PCM 3.1.0
2024-11-01 12:30:24,338 [INFO] ThirdParty:1030 - CMSIS Pack Vendor :STMicroelectronics PDM2PCM 3.3.0
2024-11-01 12:30:24,338 [INFO] ThirdParty:1030 - CMSIS Pack Vendor :STMicroelectronics X-CUBE-DISPLAY 3.0.0
2024-11-01 12:30:24,338 [INFO] ThirdParty:1030 - CMSIS Pack Vendor :RealThread X-CUBE-RT-Thread_Nano 4.1.1
2024-11-01 12:30:24,338 [INFO] ThirdParty:1030 - CMSIS Pack Vendor :STMicroelectronics X-CUBE-BLE1 7.0.0
2024-11-01 12:30:24,338 [INFO] ThirdParty:1030 - CMSIS Pack Vendor :STMicroelectronics FP-ATR-SIGFOX1 3.2.0
2024-11-01 12:30:24,338 [INFO] ThirdParty:1030 - CMSIS Pack Vendor :STMicroelectronics X-CUBE-NFC10 1.0.0
2024-11-01 12:30:24,338 [INFO] ThirdParty:1030 - CMSIS Pack Vendor :wolfSSL I-CUBE-wolfSSL 5.7.2
2024-11-01 12:30:24,338 [INFO] ThirdParty:1030 - CMSIS Pack Vendor :STMicroelectronics X-CUBE-EEPRMA1 5.1.0
2024-11-01 12:30:24,338 [INFO] ThirdParty:1030 - CMSIS Pack Vendor :STMicroelectronics HAL Drivers 0.0.0
2024-11-01 12:30:24,338 [INFO] ThirdParty:1030 - CMSIS Pack Vendor :STMicroelectronics MBEDTLS 2.16.2
2024-11-01 12:30:24,338 [INFO] ThirdParty:1030 - CMSIS Pack Vendor :STMicroelectronics X-CUBE-ALS 1.0.2
2024-11-01 12:30:24,338 [INFO] ThirdParty:1030 - CMSIS Pack Vendor :emotas I-CUBE-CANOPEN 1.3.0
2024-11-01 12:30:24,338 [INFO] ThirdParty:1030 - CMSIS Pack Vendor :STMicroelectronics X-CUBE-NFC7 1.0.1
2024-11-01 12:30:24,338 [INFO] ThirdParty:1030 - CMSIS Pack Vendor :STMicroelectronics MBEDTLS 2.14.1
2024-11-01 12:30:24,338 [INFO] ThirdParty:1030 - CMSIS Pack Vendor :ITTIA_DB I-CUBE-ITTIADB 8.9.0
2024-11-01 12:30:24,338 [INFO] ThirdParty:1030 - CMSIS Pack Vendor :STMicroelectronics X-CUBE-TOUCHGFX 4.24.1
2024-11-01 12:30:24,338 [INFO] ThirdParty:1030 - CMSIS Pack Vendor :wolfSSL I-CUBE-wolfTPM 3.4.0
2024-11-01 12:30:24,338 [INFO] ThirdParty:1030 - CMSIS Pack Vendor :portGmbH I-Cube-SoM-uGOAL 1.1.0
2024-11-01 12:30:24,338 [INFO] ThirdParty:1030 - CMSIS Pack Vendor :STMicroelectronics X-CUBE-BLEMGR 3.1.0
2024-11-01 12:30:24,338 [INFO] ThirdParty:1030 - CMSIS Pack Vendor :STMicroelectronics ThreadX 1.0.0
2024-11-01 12:30:24,338 [INFO] ThirdParty:1030 - CMSIS Pack Vendor :STMicroelectronics FP-SNS-SMARTAG2 1.2.0
2024-11-01 12:30:24,338 [INFO] ThirdParty:1030 - CMSIS Pack Vendor :STMicroelectronics X-CUBE-AZRTOS-WL 2.0.0
2024-11-01 12:30:24,338 [INFO] ThirdParty:1030 - CMSIS Pack Vendor :SEGGER I-CUBE-embOS 1.3.1
2024-11-01 12:30:24,338 [INFO] ThirdParty:1030 - CMSIS Pack Vendor :STMicroelectronics X-CUBE-ALGOBUILD 1.4.0
2024-11-01 12:30:24,338 [INFO] ThirdParty:1030 - CMSIS Pack Vendor :STMicroelectronics FP-SNS-MOTENV1 5.0.0
2024-11-01 12:30:24,339 [INFO] ThirdParty:1030 - CMSIS Pack Vendor :STMicroelectronics USB_DEVICE 1.0.0
2024-11-01 12:30:24,339 [INFO] ThirdParty:1030 - CMSIS Pack Vendor :STMicroelectronics X-CUBE-AZRTOS-H7RS 1.0.0
2024-11-01 12:30:24,339 [INFO] ThirdParty:1030 - CMSIS Pack Vendor :wolfSSL I-CUBE-wolfMQTT 1.19.0
2024-11-01 12:30:24,339 [INFO] ThirdParty:1030 - CMSIS Pack Vendor :STMicroelectronics X-CUBE-AZRTOS-L4 2.0.0
2024-11-01 12:30:24,339 [INFO] ThirdParty:1030 - CMSIS Pack Vendor :STMicroelectronics ThreadX 0.0.2
2024-11-01 12:30:24,339 [INFO] ThirdParty:1030 - CMSIS Pack Vendor :WES I-CUBE-Cesium 1.3.0
2024-11-01 12:30:24,339 [INFO] ThirdParty:1030 - CMSIS Pack Vendor :STMicroelectronics FP-ATR-ASTRA1 2.0.0
2024-11-01 12:30:24,339 [INFO] ThirdParty:1030 - CMSIS Pack Vendor :STMicroelectronics lwIP 2.1.2
2024-11-01 12:30:24,339 [INFO] ThirdParty:1030 - CMSIS Pack Vendor :STMicroelectronics X-CUBE-SFXS2LP1 4.0.0
2024-11-01 12:30:24,339 [INFO] ThirdParty:1030 - CMSIS Pack Vendor :STMicroelectronics X-CUBE-BLE2 3.3.0
2024-11-01 12:30:24,339 [INFO] ThirdParty:1030 - CMSIS Pack Vendor :STMicroelectronics X-CUBE-TOF1 3.4.2
2024-11-01 12:30:24,339 [INFO] ThirdParty:1030 - CMSIS Pack Vendor :STMicroelectronics X-CUBE-AI 9.1.0
2024-11-01 12:30:24,339 [INFO] ThirdParty:1030 - CMSIS Pack Vendor :Infineon AIROC-Wi-Fi-Bluetooth-STM32 1.6.1
2024-11-01 12:30:24,339 [INFO] ThirdParty:1030 - CMSIS Pack Vendor :STMicroelectronics PDM2PCM 3.2.0
2024-11-01 12:30:24,339 [INFO] ThirdParty:1030 - CMSIS Pack Vendor :wolfSSL I-CUBE-wolfSSH 1.4.17
2024-11-01 12:30:24,339 [INFO] ThirdParty:841 - exiting critical section [change project]
2024-11-01 12:30:24,567 [INFO] PinOutPanel:1561 - setPackage(No Configuration,No Configuration)
2024-11-01 12:30:24,567 [INFO] PinOutPanel:1561 - setPackage(STM32L476RGTx,LQFP64)
2024-11-01 12:30:24,915 [INFO] UtilMem:75 - Before build in PCC Used Memory: 253347624 Bytes (688914432)
2024-11-01 12:30:25,155 [INFO] UtilMem:75 - After build in PCC Used Memory: 332513064 Bytes (688914432)
2024-11-01 12:30:25,175 [INFO] IPUIPlugin:80 - create IPUIPlugin
2024-11-01 12:30:25,175 [INFO] IPUIPlugin:80 - create IPUIPlugin
2024-11-01 12:30:25,175 [INFO] IPUIPlugin:80 - create IPUIPlugin
2024-11-01 12:30:25,175 [INFO] IPUIPlugin:80 - create IPUIPlugin
2024-11-01 12:30:25,175 [INFO] IPUIPlugin:80 - create IPUIPlugin
2024-11-01 12:30:25,175 [INFO] IPUIPlugin:80 - create IPUIPlugin
2024-11-01 12:30:25,176 [INFO] IPUIPlugin:80 - create IPUIPlugin
2024-11-01 12:30:25,176 [INFO] IPUIPlugin:80 - create IPUIPlugin
2024-11-01 12:30:25,176 [INFO] IPUIPlugin:80 - create IPUIPlugin
2024-11-01 12:30:25,176 [INFO] IPUIPlugin:80 - create IPUIPlugin
2024-11-01 12:30:25,176 [INFO] IPUIPlugin:80 - create IPUIPlugin
2024-11-01 12:30:25,176 [INFO] IPUIPlugin:80 - create IPUIPlugin
2024-11-01 12:30:25,176 [INFO] IPUIPlugin:80 - create IPUIPlugin
2024-11-01 12:30:25,176 [INFO] IPUIPlugin:80 - create IPUIPlugin
2024-11-01 12:30:25,176 [INFO] IPUIPlugin:80 - create IPUIPlugin
2024-11-01 12:30:25,176 [INFO] IPUIPlugin:80 - create IPUIPlugin
2024-11-01 12:30:25,176 [INFO] IPUIPlugin:80 - create IPUIPlugin
2024-11-01 12:30:25,176 [INFO] IPUIPlugin:80 - create IPUIPlugin
2024-11-01 12:30:25,177 [INFO] IPUIPlugin:80 - create IPUIPlugin
2024-11-01 12:30:25,177 [INFO] IPUIPlugin:80 - create IPUIPlugin
2024-11-01 12:30:25,177 [INFO] IPUIPlugin:80 - create IPUIPlugin
2024-11-01 12:30:25,177 [INFO] IPUIPlugin:80 - create IPUIPlugin
2024-11-01 12:30:25,178 [INFO] IPUIPlugin:80 - create IPUIPlugin
2024-11-01 12:30:25,178 [INFO] IPUIPlugin:80 - create IPUIPlugin
2024-11-01 12:30:25,178 [INFO] IPUIPlugin:80 - create IPUIPlugin
2024-11-01 12:30:25,178 [INFO] IPUIPlugin:80 - create IPUIPlugin
2024-11-01 12:30:25,178 [INFO] IPUIPlugin:80 - create IPUIPlugin
2024-11-01 12:30:25,178 [INFO] IPUIPlugin:80 - create IPUIPlugin
2024-11-01 12:30:25,180 [INFO] IPUIPlugin:80 - create IPUIPlugin
2024-11-01 12:30:25,180 [INFO] IPUIPlugin:80 - create IPUIPlugin
2024-11-01 12:30:25,180 [INFO] IPUIPlugin:80 - create IPUIPlugin
2024-11-01 12:30:25,180 [INFO] IPUIPlugin:80 - create IPUIPlugin
2024-11-01 12:30:25,180 [INFO] IPUIPlugin:80 - create IPUIPlugin
2024-11-01 12:30:25,180 [INFO] IPUIPlugin:80 - create IPUIPlugin
2024-11-01 12:30:25,180 [INFO] IPUIPlugin:80 - create IPUIPlugin
2024-11-01 12:30:25,181 [INFO] IPUIPlugin:80 - create IPUIPlugin
2024-11-01 12:30:25,181 [INFO] IPUIPlugin:80 - create IPUIPlugin
2024-11-01 12:30:25,181 [INFO] IPUIPlugin:80 - create IPUIPlugin
2024-11-01 12:30:25,181 [INFO] IPUIPlugin:80 - create IPUIPlugin
2024-11-01 12:30:25,181 [INFO] IPUIPlugin:80 - create IPUIPlugin
2024-11-01 12:30:25,181 [INFO] IPUIPlugin:80 - create IPUIPlugin
2024-11-01 12:30:25,181 [INFO] IPUIPlugin:80 - create IPUIPlugin
2024-11-01 12:30:25,181 [INFO] IPUIPlugin:80 - create IPUIPlugin
2024-11-01 12:30:25,182 [INFO] IPUIPlugin:80 - create IPUIPlugin
2024-11-01 12:30:25,182 [INFO] IPUIPlugin:80 - create IPUIPlugin
2024-11-01 12:30:25,182 [INFO] IPUIPlugin:80 - create IPUIPlugin
2024-11-01 12:30:25,182 [INFO] IPUIPlugin:80 - create IPUIPlugin
2024-11-01 12:30:25,182 [INFO] IPUIPlugin:80 - create IPUIPlugin
2024-11-01 12:30:25,182 [INFO] IPUIPlugin:80 - create IPUIPlugin
2024-11-01 12:30:25,182 [INFO] IPUIPlugin:80 - create IPUIPlugin
2024-11-01 12:30:25,183 [INFO] IPUIPlugin:80 - create IPUIPlugin
2024-11-01 12:30:25,183 [INFO] IPUIPlugin:80 - create IPUIPlugin
2024-11-01 12:30:25,183 [INFO] IPUIPlugin:80 - create IPUIPlugin
2024-11-01 12:30:25,183 [INFO] IPUIPlugin:80 - create IPUIPlugin
2024-11-01 12:30:25,183 [INFO] IPUIPlugin:80 - create IPUIPlugin
2024-11-01 12:30:25,184 [INFO] IPUIPlugin:80 - create IPUIPlugin
2024-11-01 12:30:25,184 [INFO] IPUIPlugin:80 - create IPUIPlugin
2024-11-01 12:30:25,185 [INFO] IPUIPlugin:80 - create IPUIPlugin
2024-11-01 12:30:25,185 [INFO] IPUIPlugin:80 - create IPUIPlugin
2024-11-01 12:30:25,208 [INFO] CADModel:165 - CPN selected for project levelSTM32L476RGT3
2024-11-01 12:30:25,208 [INFO] CADModel:114 - Register for checkConnection events
2024-11-01 12:30:25,257 [INFO] OpenFileManager:363 - Restore cursor
2024-11-01 12:30:25,601 [INFO] UtilMem:75 - End SaveConfig() Used Memory: 440920928 Bytes (688914432)
2024-11-01 12:30:26,271 [INFO] ServerAccessManage:473 - Download File stm32cube_fw_l4_v1180.zip
2024-11-01 12:33:19,221 [INFO] AnalyticsPlugin:368 - Accepted License(s): [FW.L4.1.18.0]
2024-11-01 12:33:19,222 [INFO] FileExtend:240 - Unzip File : stm32cube_fw_l4_v1180.zip
2024-11-01 12:33:19,223 [INFO] FileExtend:255 - Standard Zip Deflate
2024-11-01 12:33:58,361 [INFO] ServerAccessManage:473 - Download File stm32cube_fw_l4_v1181.zip
2024-11-01 12:34:16,004 [INFO] FileExtend:240 - Unzip File : stm32cube_fw_l4_v1181.zip
2024-11-01 12:34:16,004 [INFO] FileExtend:255 - Standard Zip Deflate
2024-11-01 12:34:48,586 [INFO] LoadServerPackagesThread:196 - End of LoadServerPackages Thread
2024-11-01 12:34:48,856 [INFO] ThirdPartyModel:298 - Start build external matchings
2024-11-01 12:34:48,863 [INFO] UtilMem:75 - End SaveConfig() Used Memory: 308525064 Bytes (679477248)
2024-11-01 12:34:49,496 [INFO] ThirdPartyModel:316 - End build external matchings
2024-11-01 12:34:49,508 [INFO] CheckServerUpdateThread:120 - End of CheckServer Thread
2024-11-01 12:34:49,631 [INFO] BlockDiagram:2766 - set Specific Code input for plugin: RCC
2024-11-01 12:34:49,631 [INFO] BlockDiagram:2766 - set Specific Code input for plugin: NVIC
2024-11-01 12:34:49,634 [INFO] CodeGenerator:807 - code generatio: config db path: C:\ST\STM32CubeIDE_1.16.1\STM32CubeIDE\plugins\com.st.stm32cube.common.mx_6.12.1.202409122256\\db\
2024-11-01 12:34:49,981 [INFO] CodeEngine:255 - oldGeneratedFile, C:\Users\erik\Documents\GitHub\IS1300-Embedded_Systems\Ping_Pong\MXTmpFiles\license.tmp_save
2024-11-01 12:34:50,529 [INFO] CodeEngine:279 - Generated code: C:\Users\erik\Documents\GitHub\IS1300-Embedded_Systems\Ping_Pong\MXTmpFiles\license.tmp
2024-11-01 12:34:50,577 [INFO] CodeEngine:255 - oldGeneratedFile, C:\Users\erik\Documents\GitHub\IS1300-Embedded_Systems\Ping_Pong\Core\Src\stm32l4xx_it.c_save
2024-11-01 12:34:50,916 [INFO] CodeEngine:279 - Generated code: C:\Users\erik\Documents\GitHub\IS1300-Embedded_Systems\Ping_Pong\Core\Src\stm32l4xx_it.c
2024-11-01 12:34:50,938 [INFO] CodeEngine:255 - oldGeneratedFile, C:\Users\erik\Documents\GitHub\IS1300-Embedded_Systems\Ping_Pong\Core\Inc\stm32l4xx_it.h_save
2024-11-01 12:34:51,152 [INFO] CodeEngine:279 - Generated code: C:\Users\erik\Documents\GitHub\IS1300-Embedded_Systems\Ping_Pong\Core\Inc\stm32l4xx_it.h
2024-11-01 12:34:51,525 [INFO] CodeEngine:255 - oldGeneratedFile, C:\Users\erik\Documents\GitHub\IS1300-Embedded_Systems\Ping_Pong\Core\Src\stm32l4xx_hal_msp.c_save
2024-11-01 12:34:51,829 [INFO] CodeEngine:279 - Generated code: C:\Users\erik\Documents\GitHub\IS1300-Embedded_Systems\Ping_Pong\Core\Src\stm32l4xx_hal_msp.c
2024-11-01 12:34:51,849 [INFO] CodeEngine:255 - oldGeneratedFile, C:\Users\erik\Documents\GitHub\IS1300-Embedded_Systems\Ping_Pong\MXTmpFiles\system.tmp_save
2024-11-01 12:34:51,977 [INFO] CodeEngine:279 - Generated code: C:\Users\erik\Documents\GitHub\IS1300-Embedded_Systems\Ping_Pong\MXTmpFiles\system.tmp
2024-11-01 12:34:52,003 [INFO] CodeEngine:311 - oldGeneratedFile, C:\Users\erik\Documents\GitHub\IS1300-Embedded_Systems\Ping_Pong\Core\Inc\stm32l4xx_hal_conf.h_save
2024-11-01 12:34:52,198 [INFO] CodeEngine:335 - Generated code: C:\Users\erik\Documents\GitHub\IS1300-Embedded_Systems\Ping_Pong\Core\Inc\stm32l4xx_hal_conf.h
2024-11-01 12:34:52,308 [INFO] CodeEngine:255 - oldGeneratedFile, C:\Users\erik\Documents\GitHub\IS1300-Embedded_Systems\Ping_Pong\Core\Inc\main.h_save
2024-11-01 12:34:52,514 [INFO] CodeEngine:279 - Generated code: C:\Users\erik\Documents\GitHub\IS1300-Embedded_Systems\Ping_Pong\Core\Inc\main.h
2024-11-01 12:34:52,539 [INFO] CodeEngine:255 - oldGeneratedFile, C:\Users\erik\Documents\GitHub\IS1300-Embedded_Systems\Ping_Pong\Core\Src\main.c_save
2024-11-01 12:34:52,788 [INFO] CodeEngine:279 - Generated code: C:\Users\erik\Documents\GitHub\IS1300-Embedded_Systems\Ping_Pong\Core\Src\main.c
2024-11-01 12:34:53,287 [INFO] ProjectBuilder:3249 - Time for Copy HAL[1] : 197mS.
2024-11-01 12:34:53,297 [INFO] ProjectBuilder:4828 - Project Generator version: 4.5.0-B34
2024-11-01 12:34:53,461 [INFO] ConfigFileManager:1531 - The Die is : DIE415
2024-11-01 12:34:53,502 [INFO] ApiDbMcu:508 - Load IP Config File for FATFS
2024-11-01 12:34:53,531 [INFO] ApiDbMcu:508 - Load IP Config File for FREERTOS
2024-11-01 12:34:53,568 [INFO] ApiDbMcu:508 - Load IP Config File for TOUCHSENSING
2024-11-01 12:34:53,600 [INFO] ApiDbMcu:508 - Load IP Config File for USB_DEVICE
2024-11-01 12:34:53,627 [INFO] ApiDbMcu:508 - Load IP Config File for USB_HOST
