2025-02-03 09:59:14,242 [INFO] Activator:176 - 


2025-02-03 09:59:14,244 [INFO] Activator:177 - !SESSION log4j initialized
2025-02-03 09:59:16,413 [INFO] LogOutputStream:77 - [STDOUT_REDIRECT] 
2025-02-03 09:59:21,369 [INFO] ApplicationProperties:184 - Using Application install path: C:\ST\STM32CubeIDE_1.16.1\STM32CubeIDE\plugins\com.st.stm32cube.common.mx_6.12.1.202409122256
2025-02-03 09:59:21,410 [INFO] DbMcusXml:78 - Set database path to: C:\ST\STM32CubeIDE_1.16.1\STM32CubeIDE\plugins\com.st.stm32cube.common.mx_6.12.1.202409122256\\db\/mcu/
2025-02-03 09:59:21,411 [INFO] ApiDb:274 - Set plugin database path to: C:\ST\STM32CubeIDE_1.16.1\STM32CubeIDE\plugins\com.st.stm32cube.common.mx_6.12.1.202409122256\\db\/plugins/boardmanager/
2025-02-03 09:59:21,411 [WARN] ApiDb:259 - Overriding images path with different value:  => C:\ST\STM32CubeIDE_1.16.1\STM32CubeIDE\plugins\com.st.stm32cube.common.mx_6.12.1.202409122256\\db\/plugins/mcufinder/images/
2025-02-03 09:59:21,421 [INFO] ApiDb:250 - Set database path to: C:\Users\erik\.stmcufinder\plugins\mcufinder//mcu/
2025-02-03 09:59:21,424 [INFO] DbMcusAds:125 - Set database path to: C:\Users\erik\.stmcufinder\plugins\mcufinder//mcu/
2025-02-03 09:59:21,429 [INFO] CrossReferenceDbSqlite:203 - Set database path to: C:\Users\erik\.stmcufinder\plugins\mcufinder//mcu/cs/
2025-02-03 09:59:21,681 [INFO] RulesReader:64 - Compatibility file has been processed (297 Rules)
2025-02-03 09:59:21,831 [INFO] DbMcusXml:78 - Set database path to: C:\ST\STM32CubeIDE_1.16.1\STM32CubeIDE\plugins\com.st.stm32cube.common.mx_6.12.1.202409122256\\db\/mcu/
2025-02-03 09:59:21,831 [INFO] ApiDb:274 - Set plugin database path to: C:\ST\STM32CubeIDE_1.16.1\STM32CubeIDE\plugins\com.st.stm32cube.common.mx_6.12.1.202409122256\\db\/plugins/boardmanager/
2025-02-03 09:59:21,831 [INFO] ApiDb:261 - Set plugin images path to: C:\ST\STM32CubeIDE_1.16.1\STM32CubeIDE\plugins\com.st.stm32cube.common.mx_6.12.1.202409122256\\db\/plugins/mcufinder/images/
2025-02-03 09:59:21,832 [WARN] DbFile:41 - Overriding database path with different value: C:\Users\erik\.stmcufinder\plugins\mcufinder/ => C:\Users\erik\.stmcufinder\plugins\mcufinder
2025-02-03 09:59:21,832 [INFO] ApiDb:250 - Set database path to: C:\Users\erik\.stmcufinder\plugins\mcufinder//mcu/
2025-02-03 09:59:21,832 [WARN] DbFile:41 - Overriding database path with different value: C:\Users\erik\.stmcufinder\plugins\mcufinder/ => C:\Users\erik\.stmcufinder\plugins\mcufinder
2025-02-03 09:59:21,832 [INFO] DbMcusAds:125 - Set database path to: C:\Users\erik\.stmcufinder\plugins\mcufinder//mcu/
2025-02-03 09:59:21,832 [WARN] DbFile:41 - Overriding database path with different value: C:\Users\erik\.stmcufinder\plugins\mcufinder/ => C:\Users\erik\.stmcufinder\plugins\mcufinder
2025-02-03 09:59:21,832 [WARN] DbFile:41 - Overriding database path with different value: C:\Users\erik\.stmcufinder\plugins\mcufinder/ => C:\Users\erik\.stmcufinder\plugins\mcufinder
2025-02-03 09:59:21,832 [INFO] CrossReferenceDbSqlite:203 - Set database path to: C:\Users\erik\.stmcufinder\plugins\mcufinder//mcu/cs/
2025-02-03 09:59:21,977 [INFO] MainPanel:268 - HeapMemory: 268435456
2025-02-03 09:59:22,136 [INFO] DbMcusXml:78 - Set database path to: C:\ST\STM32CubeIDE_1.16.1\STM32CubeIDE\plugins\com.st.stm32cube.common.mx_6.12.1.202409122256\\db\/mcu/
2025-02-03 09:59:22,136 [INFO] ApiDb:274 - Set plugin database path to: C:\ST\STM32CubeIDE_1.16.1\STM32CubeIDE\plugins\com.st.stm32cube.common.mx_6.12.1.202409122256\\db\/plugins/boardmanager/
2025-02-03 09:59:22,136 [INFO] ApiDb:261 - Set plugin images path to: C:\ST\STM32CubeIDE_1.16.1\STM32CubeIDE\plugins\com.st.stm32cube.common.mx_6.12.1.202409122256\\db\/plugins/mcufinder/images/
2025-02-03 09:59:22,137 [WARN] DbFile:41 - Overriding database path with different value: C:\Users\erik\.stmcufinder\plugins\mcufinder/ => C:\Users\erik\.stmcufinder\plugins\mcufinder
2025-02-03 09:59:22,139 [INFO] ApiDb:250 - Set database path to: C:\Users\erik\.stmcufinder\plugins\mcufinder//mcu/
2025-02-03 09:59:22,139 [WARN] DbFile:41 - Overriding database path with different value: C:\Users\erik\.stmcufinder\plugins\mcufinder/ => C:\Users\erik\.stmcufinder\plugins\mcufinder
2025-02-03 09:59:22,139 [INFO] DbMcusAds:125 - Set database path to: C:\Users\erik\.stmcufinder\plugins\mcufinder//mcu/
2025-02-03 09:59:22,139 [WARN] DbFile:41 - Overriding database path with different value: C:\Users\erik\.stmcufinder\plugins\mcufinder/ => C:\Users\erik\.stmcufinder\plugins\mcufinder
2025-02-03 09:59:22,139 [WARN] DbFile:41 - Overriding database path with different value: C:\Users\erik\.stmcufinder\plugins\mcufinder/ => C:\Users\erik\.stmcufinder\plugins\mcufinder
2025-02-03 09:59:22,139 [INFO] CrossReferenceDbSqlite:203 - Set database path to: C:\Users\erik\.stmcufinder\plugins\mcufinder//mcu/cs/
2025-02-03 09:59:22,176 [INFO] ApplicationProperties:184 - Using Application install path: C:\ST\STM32CubeIDE_1.16.1\STM32CubeIDE\plugins\com.st.stm32cube.common.mx_6.12.1.202409122256
2025-02-03 09:59:22,179 [INFO] PluginManage:196 - Search for loadable plugins [exclusion list=, ]
2025-02-03 09:59:22,182 [INFO] PluginManage:310 - Check plugin analytics
2025-02-03 09:59:22,499 [INFO] AnalyticsPlugin:253 - Accepted Software Licenses: 
2025-02-03 09:59:22,499 [INFO] AnalyticsPlugin:255 - Accepted CMSIS Pack Licenses: 
2025-02-03 09:59:22,499 [INFO] AnalyticsPlugin:257 - Accepted Firmware Licenses: FW.L4.1.18.0
2025-02-03 09:59:22,501 [INFO] PluginManage:359 - Loaded plugin analytics (category:tool,tabindex:-1)
2025-02-03 09:59:22,502 [INFO] PluginManage:310 - Check plugin cadmodel
2025-02-03 09:59:22,507 [INFO] CADModel:105 - Init CAD model plugin
2025-02-03 09:59:22,507 [INFO] PluginManage:359 - Loaded plugin cadmodel (category:power,tabindex:5)
2025-02-03 09:59:22,508 [INFO] PluginManage:310 - Check plugin clock
2025-02-03 09:59:22,525 [INFO] PluginManage:359 - Loaded plugin clock (category:base,tabindex:2)
2025-02-03 09:59:22,526 [INFO] PluginManage:310 - Check plugin ddr
2025-02-03 09:59:22,531 [INFO] PluginManage:359 - Loaded plugin ddr (category:tool,tabindex:6)
2025-02-03 09:59:22,532 [INFO] PluginManage:310 - Check plugin filemanager
2025-02-03 09:59:22,794 [INFO] PluginManage:359 - Loaded plugin filemanager (category:base,tabindex:10)
2025-02-03 09:59:22,794 [INFO] PluginManage:310 - Check plugin ipmanager
2025-02-03 09:59:22,805 [INFO] PluginManage:359 - Loaded plugin ipmanager (category:base,tabindex:5)
2025-02-03 09:59:22,805 [INFO] PluginManage:310 - Check plugin lpbam
2025-02-03 09:59:22,816 [INFO] PluginManage:359 - Loaded plugin lpbam (category:base,tabindex:0)
2025-02-03 09:59:22,816 [INFO] PluginManage:310 - Check plugin memorymap
2025-02-03 09:59:22,832 [INFO] PluginManage:359 - Loaded plugin memorymap (category:base,tabindex:4)
2025-02-03 09:59:22,833 [INFO] PluginManage:310 - Check plugin pinoutandconfiguration
2025-02-03 09:59:22,850 [INFO] PluginManage:359 - Loaded plugin pinoutandconfiguration (category:base,tabindex:1)
2025-02-03 09:59:22,850 [INFO] PluginManage:310 - Check plugin pinoutconfig
2025-02-03 09:59:22,978 [WARN] SupportedApi:132 - Cannot load RTOS API schema: s4s-elt-must-match.1: The content of 'definitions' must match (annotation?, (simpleType | complexType)?, (unique | key | keyref)*)). A problem was found starting at: attribute.
2025-02-03 09:59:23,190 [INFO] PluginManage:359 - Loaded plugin pinoutconfig (category:base,tabindex:0)
2025-02-03 09:59:23,191 [INFO] PluginManage:310 - Check plugin power
2025-02-03 09:59:23,202 [INFO] PluginManage:359 - Loaded plugin power (category:power,tabindex:4)
2025-02-03 09:59:23,202 [INFO] PluginManage:310 - Check plugin projectmanager
2025-02-03 09:59:23,230 [INFO] PluginManage:359 - Loaded plugin projectmanager (category:projectmanager,tabindex:4)
2025-02-03 09:59:23,230 [INFO] PluginManage:310 - Check plugin rif
2025-02-03 09:59:23,243 [INFO] PluginManage:359 - Loaded plugin rif (category:base,tabindex:3)
2025-02-03 09:59:23,243 [INFO] PluginManage:310 - Check plugin thirdparty
2025-02-03 09:59:23,463 [WARN] IntegrityCheckThread:84 - waiting for thirdparty lock release [integrity check]
2025-02-03 09:59:23,463 [INFO] IntegrityCheckThread:86 - entering critical section [integrity check]
2025-02-03 09:59:23,464 [INFO] PluginManage:359 - Loaded plugin thirdparty (category:base,tabindex:-1)
2025-02-03 09:59:23,464 [INFO] ThirdPartyUpdaterWithRetryManager:70 - Updater plugin not ready yet. [1/15]
2025-02-03 09:59:23,464 [INFO] PluginManage:310 - Check plugin tools
2025-02-03 09:59:23,471 [INFO] PluginManage:359 - Loaded plugin tools (category:base,tabindex:7)
2025-02-03 09:59:23,471 [INFO] PluginManage:310 - Check plugin tutovideos
2025-02-03 09:59:23,800 [INFO] PluginManage:359 - Loaded plugin tutovideos (category:base,tabindex:-1)
2025-02-03 09:59:23,800 [INFO] PluginManage:310 - Check plugin updater
2025-02-03 09:59:23,827 [INFO] PluginManage:359 - Loaded plugin updater (category:base,tabindex:12)
2025-02-03 09:59:23,828 [INFO] PluginManage:310 - Check plugin userauth
2025-02-03 09:59:23,837 [INFO] UserAuth:113 - Init User Auth plugin
2025-02-03 09:59:23,837 [INFO] PluginManage:359 - Loaded plugin userauth (category:base,tabindex:14)
2025-02-03 09:59:23,839 [INFO] PluginManage:283 - PluginManage : Loaded plugins [18]
2025-02-03 09:59:24,205 [INFO] PinOutPanel:1561 - setPackage(No Configuration,No Configuration)
2025-02-03 09:59:24,336 [INFO] CADModel:165 - CPN selected for project level
2025-02-03 09:59:24,337 [INFO] CADModel:114 - Register for checkConnection events
2025-02-03 09:59:24,361 [INFO] IPUIPlugin:80 - create IPUIPlugin
2025-02-03 09:59:24,361 [INFO] PluginManager:220 - loadIPPluginJar : add adc
2025-02-03 09:59:24,364 [INFO] IPUIPlugin:80 - create IPUIPlugin
2025-02-03 09:59:24,365 [INFO] PluginManager:220 - loadIPPluginJar : add aes
2025-02-03 09:59:24,368 [INFO] IPUIPlugin:80 - create IPUIPlugin
2025-02-03 09:59:24,369 [INFO] PluginManager:220 - loadIPPluginJar : add can
2025-02-03 09:59:24,371 [INFO] IPUIPlugin:80 - create IPUIPlugin
2025-02-03 09:59:24,371 [INFO] PluginManager:220 - loadIPPluginJar : add comp
2025-02-03 09:59:24,374 [INFO] IPUIPlugin:80 - create IPUIPlugin
2025-02-03 09:59:24,375 [INFO] PluginManager:220 - loadIPPluginJar : add cryp
2025-02-03 09:59:24,379 [INFO] IPUIPlugin:80 - create IPUIPlugin
2025-02-03 09:59:24,379 [INFO] PluginManager:220 - loadIPPluginJar : add ddr_ctrl_phy
2025-02-03 09:59:24,383 [INFO] IPUIPlugin:80 - create IPUIPlugin
2025-02-03 09:59:24,383 [INFO] PluginManager:220 - loadIPPluginJar : add dfsdm
2025-02-03 09:59:24,391 [INFO] IPUIPlugin:80 - create IPUIPlugin
2025-02-03 09:59:24,392 [INFO] PluginManager:220 - loadIPPluginJar : add dma
2025-02-03 09:59:24,397 [INFO] IPUIPlugin:80 - create IPUIPlugin
2025-02-03 09:59:24,397 [INFO] PluginManager:220 - loadIPPluginJar : add dma3
2025-02-03 09:59:24,403 [INFO] IPUIPlugin:80 - create IPUIPlugin
2025-02-03 09:59:24,403 [INFO] PluginManager:220 - loadIPPluginJar : add extmemmanager
2025-02-03 09:59:24,406 [INFO] IPUIPlugin:80 - create IPUIPlugin
2025-02-03 09:59:24,406 [INFO] PluginManager:220 - loadIPPluginJar : add fatfs
2025-02-03 09:59:24,413 [INFO] IPUIPlugin:80 - create IPUIPlugin
2025-02-03 09:59:24,415 [INFO] PluginManager:220 - loadIPPluginJar : add fmc
2025-02-03 09:59:24,422 [INFO] IPUIPlugin:80 - create IPUIPlugin
2025-02-03 09:59:24,422 [INFO] PluginManager:220 - loadIPPluginJar : add freertos
2025-02-03 09:59:24,425 [INFO] IPUIPlugin:80 - create IPUIPlugin
2025-02-03 09:59:24,426 [INFO] PluginManager:220 - loadIPPluginJar : add genericplugin
2025-02-03 09:59:24,429 [INFO] IPUIPlugin:80 - create IPUIPlugin
2025-02-03 09:59:24,429 [INFO] PluginManager:220 - loadIPPluginJar : add gfxmmu
2025-02-03 09:59:24,436 [INFO] IPUIPlugin:80 - create IPUIPlugin
2025-02-03 09:59:24,437 [INFO] PluginManager:220 - loadIPPluginJar : add gic
2025-02-03 09:59:24,444 [INFO] IPUIPlugin:80 - create IPUIPlugin
2025-02-03 09:59:24,444 [INFO] PluginManager:220 - loadIPPluginJar : add gpio
2025-02-03 09:59:24,448 [INFO] IPUIPlugin:80 - create IPUIPlugin
2025-02-03 09:59:24,448 [INFO] PluginManager:220 - loadIPPluginJar : add gtzc
2025-02-03 09:59:24,452 [INFO] IPUIPlugin:80 - create IPUIPlugin
2025-02-03 09:59:24,453 [INFO] PluginManager:220 - loadIPPluginJar : add hash
2025-02-03 09:59:24,458 [INFO] IPUIPlugin:80 - create IPUIPlugin
2025-02-03 09:59:24,458 [INFO] PluginManager:220 - loadIPPluginJar : add i2c
2025-02-03 09:59:24,462 [INFO] IPUIPlugin:80 - create IPUIPlugin
2025-02-03 09:59:24,462 [INFO] PluginManager:220 - loadIPPluginJar : add i2s
2025-02-03 09:59:24,466 [INFO] IPUIPlugin:80 - create IPUIPlugin
2025-02-03 09:59:24,466 [INFO] PluginManager:220 - loadIPPluginJar : add i3c
2025-02-03 09:59:24,472 [INFO] IPUIPlugin:80 - create IPUIPlugin
2025-02-03 09:59:24,472 [INFO] PluginManager:220 - loadIPPluginJar : add ipddr
2025-02-03 09:59:24,481 [INFO] IPUIPlugin:80 - create IPUIPlugin
2025-02-03 09:59:24,481 [INFO] PluginManager:220 - loadIPPluginJar : add linkedlist
2025-02-03 09:59:24,486 [INFO] IPUIPlugin:80 - create IPUIPlugin
2025-02-03 09:59:24,486 [INFO] PluginManager:220 - loadIPPluginJar : add lorawan
2025-02-03 09:59:24,488 [INFO] IPUIPlugin:80 - create IPUIPlugin
2025-02-03 09:59:24,488 [INFO] PluginManager:220 - loadIPPluginJar : add ltdc
2025-02-03 09:59:24,495 [INFO] IPUIPlugin:80 - create IPUIPlugin
2025-02-03 09:59:24,495 [INFO] PluginManager:220 - loadIPPluginJar : add mdma
2025-02-03 09:59:24,509 [INFO] IPUIPlugin:80 - create IPUIPlugin
2025-02-03 09:59:24,509 [INFO] PluginManager:220 - loadIPPluginJar : add nvic
2025-02-03 09:59:24,513 [INFO] IPUIPlugin:80 - create IPUIPlugin
2025-02-03 09:59:24,513 [INFO] PluginManager:220 - loadIPPluginJar : add opamp
2025-02-03 09:59:24,518 [INFO] IPUIPlugin:80 - create IPUIPlugin
2025-02-03 09:59:24,518 [INFO] PluginManager:220 - loadIPPluginJar : add openamp
2025-02-03 09:59:24,523 [INFO] IPUIPlugin:80 - create IPUIPlugin
2025-02-03 09:59:24,524 [INFO] PluginManager:220 - loadIPPluginJar : add pdm2pcm
2025-02-03 09:59:24,530 [INFO] IPUIPlugin:80 - create IPUIPlugin
2025-02-03 09:59:24,533 [INFO] PluginManager:220 - loadIPPluginJar : add plateformsettings
2025-02-03 09:59:24,535 [INFO] IPUIPlugin:80 - create IPUIPlugin
2025-02-03 09:59:24,535 [INFO] PluginManager:220 - loadIPPluginJar : add quadspi
2025-02-03 09:59:24,539 [INFO] IPUIPlugin:80 - create IPUIPlugin
2025-02-03 09:59:24,540 [INFO] PluginManager:220 - loadIPPluginJar : add radio
2025-02-03 09:59:24,544 [INFO] IPUIPlugin:80 - create IPUIPlugin
2025-02-03 09:59:24,544 [INFO] PluginManager:220 - loadIPPluginJar : add resmgrutility
2025-02-03 09:59:24,548 [INFO] IPUIPlugin:80 - create IPUIPlugin
2025-02-03 09:59:24,548 [INFO] PluginManager:220 - loadIPPluginJar : add sai
2025-02-03 09:59:24,552 [INFO] IPUIPlugin:80 - create IPUIPlugin
2025-02-03 09:59:24,552 [INFO] PluginManager:220 - loadIPPluginJar : add spi
2025-02-03 09:59:24,560 [INFO] IPUIPlugin:80 - create IPUIPlugin
2025-02-03 09:59:24,561 [INFO] PluginManager:220 - loadIPPluginJar : add stm32_wpan
2025-02-03 09:59:24,564 [INFO] IPUIPlugin:80 - create IPUIPlugin
2025-02-03 09:59:24,564 [INFO] PluginManager:220 - loadIPPluginJar : add tim
2025-02-03 09:59:24,568 [INFO] IPUIPlugin:80 - create IPUIPlugin
2025-02-03 09:59:24,568 [INFO] PluginManager:220 - loadIPPluginJar : add touchsensing
2025-02-03 09:59:24,572 [INFO] IPUIPlugin:80 - create IPUIPlugin
2025-02-03 09:59:24,572 [INFO] PluginManager:220 - loadIPPluginJar : add tracer_emb
2025-02-03 09:59:24,575 [INFO] IPUIPlugin:80 - create IPUIPlugin
2025-02-03 09:59:24,575 [INFO] PluginManager:220 - loadIPPluginJar : add ts
2025-02-03 09:59:24,578 [INFO] IPUIPlugin:80 - create IPUIPlugin
2025-02-03 09:59:24,578 [INFO] PluginManager:220 - loadIPPluginJar : add tsc
2025-02-03 09:59:24,582 [INFO] IPUIPlugin:80 - create IPUIPlugin
2025-02-03 09:59:24,582 [INFO] PluginManager:220 - loadIPPluginJar : add ucpd
2025-02-03 09:59:24,587 [INFO] IPUIPlugin:80 - create IPUIPlugin
2025-02-03 09:59:24,587 [INFO] PluginManager:220 - loadIPPluginJar : add usart
2025-02-03 09:59:24,591 [INFO] IPUIPlugin:80 - create IPUIPlugin
2025-02-03 09:59:24,592 [INFO] PluginManager:220 - loadIPPluginJar : add usbx
2025-02-03 09:59:24,764 [INFO] CADModel:165 - CPN selected for project level
2025-02-03 09:59:24,764 [INFO] CADModel:114 - Register for checkConnection events
2025-02-03 09:59:24,765 [FATAL] Updater:334 - Updater called before beeing initialized
2025-02-03 09:59:24,765 [ERROR] CADModel:125 - Updater not yet initialized, retry later 
2025-02-03 09:59:25,003 [INFO] CADModel:165 - CPN selected for project level
2025-02-03 09:59:25,003 [INFO] CADModel:114 - Register for checkConnection events
2025-02-03 09:59:25,003 [FATAL] Updater:334 - Updater called before beeing initialized
2025-02-03 09:59:25,003 [ERROR] CADModel:125 - Updater not yet initialized, retry later 
2025-02-03 09:59:25,008 [FATAL] Updater:334 - Updater called before beeing initialized
2025-02-03 09:59:25,155 [FATAL] Updater:334 - Updater called before beeing initialized
2025-02-03 09:59:25,168 [INFO] DbMcusAds:53 - JSON generation date=Fri Sep 20 15:04:23 CEST 2024 (1726837463113)
2025-02-03 09:59:25,168 [FATAL] Updater:334 - Updater called before beeing initialized
2025-02-03 09:59:25,211 [WARN] DetailPanel:346 - Failed to get advertising image, set to default
2025-02-03 09:59:25,316 [FATAL] Updater:334 - Updater called before beeing initialized
2025-02-03 09:59:25,321 [FATAL] Updater:334 - Updater called before beeing initialized
2025-02-03 09:59:25,321 [FATAL] Updater:334 - Updater called before beeing initialized
2025-02-03 09:59:25,321 [WARN] DetailPanel:346 - Failed to get advertising image, set to default
2025-02-03 09:59:25,322 [FATAL] Updater:334 - Updater called before beeing initialized
2025-02-03 09:59:25,391 [ERROR] Updater:1164 - MainUpdater not yet initialized. External WinMGr cannot be set.
2025-02-03 09:59:25,395 [INFO] Updater:1100 - Updater Version found : 6.12.1
2025-02-03 09:59:25,435 [INFO] ApplicationProperties:184 - Using Application install path: C:\ST\STM32CubeIDE_1.16.1\STM32CubeIDE\plugins\com.st.stm32cube.common.mx_6.12.1.202409122256
2025-02-03 09:59:26,465 [INFO] ThirdPartyUpdaterWithRetryManager:70 - Updater plugin not ready yet. [2/15]
2025-02-03 09:59:27,027 [ERROR] LogOutputStream:75 - [STDERR_REDIRECT] Feb 03, 2025 9:59:27 AM java.util.prefs.WindowsPreferences <init>
2025-02-03 09:59:27,028 [ERROR] LogOutputStream:75 - [STDERR_REDIRECT] WARNING: Could not open/create prefs root node Software\JavaSoft\Prefs at root 0xffffffff80000002. Windows RegCreateKeyEx(...) returned error code 5.
2025-02-03 09:59:27,028 [ERROR] LogOutputStream:75 - [STDERR_REDIRECT] 
2025-02-03 09:59:27,350 [INFO] MainUpdater:2873 - connection check result : 10
2025-02-03 09:59:27,351 [INFO] MainUpdater:290 - Updater Check For Update Now.
2025-02-03 09:59:27,351 [INFO] MicroXplorer:498 - Change Database Version : DB.6.0.121
2025-02-03 09:59:27,360 [INFO] McuFinderGlobals:63 - Set McuFinder mode to 2 (CubeIDE integrated)
2025-02-03 09:59:27,361 [INFO] UserAuth:417 - Internet connection configuration mode: 1
2025-02-03 09:59:27,393 [INFO] JxBrowserEngine:152 - Initiate JxBrowser Engine with user profile folder
2025-02-03 09:59:27,561 [INFO] CheckServerUpdateThread:120 - End of CheckServer Thread
2025-02-03 09:59:28,060 [INFO] WebApp:167 - Instantiating new browser for Auth
2025-02-03 09:59:28,687 [INFO] WebApp:448 - Apply proxy settings
2025-02-03 09:59:28,688 [INFO] WebApp:533 - Chromium requires no authentication
2025-02-03 09:59:28,694 [INFO] WebApp:476 - Direct internet connection detected
2025-02-03 09:59:28,713 [INFO] WebApp:869 - Register for checkConnection events
2025-02-03 09:59:28,713 [INFO] WebApp:448 - Apply proxy settings
2025-02-03 09:59:28,713 [INFO] WebApp:533 - Chromium requires no authentication
2025-02-03 09:59:28,714 [INFO] WebApp:476 - Direct internet connection detected
2025-02-03 09:59:28,846 [INFO] WebApp:220 - Starting web application
2025-02-03 09:59:28,846 [INFO] WebApp:578 - Web application path used C:\ST\STM32CubeIDE_1.16.1\STM32CubeIDE\plugins\com.st.stm32cube.common.mx_6.12.1.202409122256\db\plugins\mcufinder\reactClient1\index.html
2025-02-03 09:59:28,919 [INFO] UserAuth:417 - Internet connection configuration mode: 1
2025-02-03 09:59:29,209 [INFO] WebApp:186 - Connection restablished
2025-02-03 09:59:29,646 [WARN] PackLoader:240 - Cannot read IP mode file for STMicroelectronics.FP-SNS-MOTENVWB1.1.4.0
2025-02-03 09:59:29,656 [WARN] PackLoader:240 - Cannot read IP mode file for STMicroelectronics.FP-ATR-ASTRA1.2.0.1
2025-02-03 09:59:29,665 [WARN] PackLoader:240 - Cannot read IP mode file for STMicroelectronics.X-CUBE-SMBUS.2.1.0
2025-02-03 09:59:29,675 [WARN] PackLoader:240 - Cannot read IP mode file for STMicroelectronics.X-CUBE-WB05N.1.1.0
2025-02-03 09:59:29,707 [WARN] PackLoader:240 - Cannot read IP mode file for STMicroelectronics.X-CUBE-AZRTOS-F7.1.1.0
2025-02-03 09:59:29,769 [WARN] PackLoader:240 - Cannot read IP mode file for STMicroelectronics.X-CUBE-MEMS1.11.0.0
2025-02-03 09:59:29,915 [WARN] PackLoader:240 - Cannot read IP mode file for STMicroelectronics.FP-SNS-FLIGHT1.5.0.2
2025-02-03 09:59:29,924 [WARN] PackLoader:240 - Cannot read IP mode file for STMicroelectronics.X-CUBE-DISPLAY.3.0.0
2025-02-03 09:59:29,933 [WARN] PackLoader:240 - Cannot read IP mode file for STMicroelectronics.X-CUBE-BLE1.7.0.0
2025-02-03 09:59:29,940 [WARN] PackLoader:240 - Cannot read IP mode file for STMicroelectronics.X-CUBE-NFC10.1.0.0
2025-02-03 09:59:29,951 [WARN] PackLoader:240 - Cannot read IP mode file for STMicroelectronics.X-CUBE-BLEMGR.4.0.0
2025-02-03 09:59:29,959 [WARN] PackLoader:240 - Cannot read IP mode file for emotas.I-CUBE-CANOPEN.1.3.0
2025-02-03 09:59:29,967 [WARN] PackLoader:240 - Cannot read IP mode file for STMicroelectronics.X-CUBE-BLEMGR.3.1.0
2025-02-03 09:59:29,973 [WARN] PackLoader:240 - Cannot read IP mode file for STMicroelectronics.X-CUBE-AI.10.0.0
2025-02-03 09:59:29,977 [WARN] PackLoader:240 - Cannot read IP mode file for STMicroelectronics.FP-SNS-SMARTAG2.1.2.0
2025-02-03 09:59:30,018 [WARN] PackLoader:240 - Cannot read IP mode file for STMicroelectronics.X-CUBE-MEMS1.11.1.0
2025-02-03 09:59:30,141 [INFO] LogOutputStream:77 - [STDOUT_REDIRECT] 1 : Invalid condition id : UX_CORESTACK_Condition cause : null
2025-02-03 09:59:30,142 [INFO] LogOutputStream:77 - [STDOUT_REDIRECT] 1 : Invalid condition id : UX_CORESTACK_Condition cause : null
2025-02-03 09:59:30,143 [INFO] LogOutputStream:77 - [STDOUT_REDIRECT] 1 : Invalid condition id : UX_CORESTACK_Condition cause : null
2025-02-03 09:59:30,144 [INFO] LogOutputStream:77 - [STDOUT_REDIRECT] 1 : Invalid condition id : UX_CORESTACK_Condition cause : null
2025-02-03 09:59:30,146 [INFO] LogOutputStream:77 - [STDOUT_REDIRECT] 1 : Invalid condition id : UX_CORESTACK_Condition cause : null
2025-02-03 09:59:30,149 [WARN] PackLoader:240 - Cannot read IP mode file for STMicroelectronics.X-CUBE-AZRTOS-WL.2.0.0
2025-02-03 09:59:30,155 [WARN] PackLoader:240 - Cannot read IP mode file for STMicroelectronics.FP-SNS-MOTENV1.5.0.0
2025-02-03 09:59:30,160 [WARN] PackLoader:240 - Cannot read IP mode file for wolfSSL.I-CUBE-wolfMQTT.1.19.0
2025-02-03 09:59:30,167 [WARN] PackLoader:240 - Cannot read IP mode file for WES.I-CUBE-Cesium.1.3.0
2025-02-03 09:59:30,173 [WARN] PackLoader:240 - Cannot read IP mode file for STMicroelectronics.X-CUBE-BLE2.3.3.0
2025-02-03 09:59:30,181 [WARN] PackLoader:240 - Cannot read IP mode file for STMicroelectronics.X-CUBE-NFC9.1.0.0
2025-02-03 09:59:30,188 [WARN] PackLoader:240 - Cannot read IP mode file for STMicroelectronics.X-CUBE-TCPP.4.1.0
2025-02-03 09:59:30,213 [WARN] PackLoader:240 - Cannot read IP mode file for STMicroelectronics.X-CUBE-AZRTOS-G0.1.1.0
2025-02-03 09:59:30,221 [WARN] PackLoader:240 - Cannot read IP mode file for STMicroelectronics.X-CUBE-SAFEA1.1.2.2
2025-02-03 09:59:30,227 [WARN] PackLoader:240 - Cannot read IP mode file for STMicroelectronics.X-CUBE-NFC4.3.0.0
2025-02-03 09:59:30,236 [WARN] PackLoader:240 - Cannot read IP mode file for EmbeddedOffice.I-CUBE-FS-RTOS.1.0.1
2025-02-03 09:59:30,236 [ERROR] ConditionMgr:805 - Attr not supported : Dmpu
2025-02-03 09:59:30,237 [ERROR] ConditionMgr:805 - Attr not supported : Dmpu
2025-02-03 09:59:30,237 [ERROR] ConditionMgr:805 - Attr not supported : Dmpu
2025-02-03 09:59:30,237 [ERROR] ConditionMgr:805 - Attr not supported : Dmpu
2025-02-03 09:59:30,237 [ERROR] ConditionMgr:805 - Attr not supported : Dmpu
2025-02-03 09:59:30,237 [ERROR] ConditionMgr:805 - Attr not supported : Dmpu
2025-02-03 09:59:30,237 [ERROR] ConditionMgr:805 - Attr not supported : Dmpu
2025-02-03 09:59:30,237 [ERROR] ConditionMgr:805 - Attr not supported : Dmpu
2025-02-03 09:59:30,237 [ERROR] ConditionMgr:805 - Attr not supported : Dmpu
2025-02-03 09:59:30,237 [ERROR] ConditionMgr:805 - Attr not supported : Dmpu
2025-02-03 09:59:30,237 [ERROR] ConditionMgr:805 - Attr not supported : Dmpu
2025-02-03 09:59:30,237 [ERROR] ConditionMgr:805 - Attr not supported : Dmpu
2025-02-03 09:59:30,237 [ERROR] ConditionMgr:805 - Attr not supported : Dmpu
2025-02-03 09:59:30,238 [ERROR] ConditionMgr:805 - Attr not supported : Dmpu
2025-02-03 09:59:30,238 [ERROR] ConditionMgr:805 - Attr not supported : Dmpu
2025-02-03 09:59:30,238 [ERROR] ConditionMgr:805 - Attr not supported : Dmpu
2025-02-03 09:59:30,238 [ERROR] ConditionMgr:805 - Attr not supported : Dmpu
2025-02-03 09:59:30,238 [ERROR] ConditionMgr:805 - Attr not supported : Dmpu
2025-02-03 09:59:30,238 [ERROR] ConditionMgr:805 - Attr not supported : Dmpu
2025-02-03 09:59:30,238 [ERROR] ConditionMgr:805 - Attr not supported : Dmpu
2025-02-03 09:59:30,238 [ERROR] ConditionMgr:805 - Attr not supported : Dmpu
2025-02-03 09:59:30,238 [ERROR] ConditionMgr:805 - Attr not supported : Dmpu
2025-02-03 09:59:30,238 [ERROR] ConditionMgr:805 - Attr not supported : Dmpu
2025-02-03 09:59:30,238 [ERROR] ConditionMgr:805 - Attr not supported : Dmpu
2025-02-03 09:59:30,238 [ERROR] ConditionMgr:805 - Attr not supported : Dmpu
2025-02-03 09:59:30,238 [ERROR] ConditionMgr:805 - Attr not supported : Dmpu
2025-02-03 09:59:30,238 [ERROR] ConditionMgr:805 - Attr not supported : Dmpu
2025-02-03 09:59:30,238 [ERROR] ConditionMgr:805 - Attr not supported : Dmpu
2025-02-03 09:59:30,238 [ERROR] ConditionMgr:805 - Attr not supported : Dmpu
2025-02-03 09:59:30,238 [ERROR] ConditionMgr:805 - Attr not supported : Dmpu
2025-02-03 09:59:30,238 [ERROR] ConditionMgr:805 - Attr not supported : Dmpu
2025-02-03 09:59:30,238 [ERROR] ConditionMgr:805 - Attr not supported : Dmpu
2025-02-03 09:59:30,238 [ERROR] ConditionMgr:805 - Attr not supported : Dmpu
2025-02-03 09:59:30,239 [ERROR] ConditionMgr:805 - Attr not supported : Dmpu
2025-02-03 09:59:30,239 [ERROR] ConditionMgr:805 - Attr not supported : Dmpu
2025-02-03 09:59:30,239 [ERROR] ConditionMgr:805 - Attr not supported : Dmpu
2025-02-03 09:59:30,239 [ERROR] ConditionMgr:805 - Attr not supported : Dmpu
2025-02-03 09:59:30,239 [ERROR] ConditionMgr:805 - Attr not supported : Dmpu
2025-02-03 09:59:30,239 [ERROR] ConditionMgr:805 - Attr not supported : Dmpu
2025-02-03 09:59:30,239 [ERROR] ConditionMgr:805 - Attr not supported : Dmpu
2025-02-03 09:59:30,239 [ERROR] ConditionMgr:805 - Attr not supported : Dmpu
2025-02-03 09:59:30,239 [ERROR] ConditionMgr:805 - Attr not supported : Dmpu
2025-02-03 09:59:30,239 [ERROR] ConditionMgr:805 - Attr not supported : Dmpu
2025-02-03 09:59:30,239 [ERROR] ConditionMgr:805 - Attr not supported : Dmpu
2025-02-03 09:59:30,239 [ERROR] ConditionMgr:805 - Attr not supported : Dmpu
2025-02-03 09:59:30,239 [ERROR] ConditionMgr:805 - Attr not supported : Dmpu
2025-02-03 09:59:30,239 [ERROR] ConditionMgr:805 - Attr not supported : Dmpu
2025-02-03 09:59:30,239 [ERROR] ConditionMgr:805 - Attr not supported : Dmpu
2025-02-03 09:59:30,240 [ERROR] ConditionMgr:805 - Attr not supported : Dmpu
2025-02-03 09:59:30,240 [ERROR] ConditionMgr:805 - Attr not supported : Dmpu
2025-02-03 09:59:30,240 [ERROR] ConditionMgr:805 - Attr not supported : Dmpu
2025-02-03 09:59:30,240 [ERROR] ConditionMgr:805 - Attr not supported : Dmpu
2025-02-03 09:59:30,240 [ERROR] ConditionMgr:805 - Attr not supported : Dmpu
2025-02-03 09:59:30,240 [ERROR] ConditionMgr:805 - Attr not supported : Dmpu
2025-02-03 09:59:30,240 [ERROR] ConditionMgr:805 - Attr not supported : Dmpu
2025-02-03 09:59:30,240 [ERROR] ConditionMgr:805 - Attr not supported : Dmpu
2025-02-03 09:59:30,240 [ERROR] ConditionMgr:805 - Attr not supported : Dmpu
2025-02-03 09:59:30,240 [ERROR] ConditionMgr:805 - Attr not supported : Dmpu
2025-02-03 09:59:30,240 [ERROR] ConditionMgr:805 - Attr not supported : Dmpu
2025-02-03 09:59:30,240 [ERROR] ConditionMgr:805 - Attr not supported : Dmpu
2025-02-03 09:59:30,240 [ERROR] ConditionMgr:805 - Attr not supported : Dmpu
2025-02-03 09:59:30,240 [ERROR] ConditionMgr:805 - Attr not supported : Dmpu
2025-02-03 09:59:30,240 [ERROR] ConditionMgr:805 - Attr not supported : Dmpu
2025-02-03 09:59:30,240 [ERROR] ConditionMgr:805 - Attr not supported : Dmpu
2025-02-03 09:59:30,244 [ERROR] Engine:466 - C:\Users\erik\.stm32cubemx\thirdparties\pdsc\STMicroelectronics.X-CUBE-TCPP.4.2.0.pdsc: PDSC version is not supported
2025-02-03 09:59:30,249 [WARN] PackLoader:240 - Cannot read IP mode file for RealThread.X-CUBE-RT-Thread_Nano.4.1.1
2025-02-03 09:59:30,253 [WARN] PackLoader:240 - Cannot read IP mode file for STMicroelectronics.FP-ATR-SIGFOX1.3.2.0
2025-02-03 09:59:30,257 [WARN] PackLoader:240 - Cannot read IP mode file for wolfSSL.I-CUBE-wolfSSL.5.7.2
2025-02-03 09:59:30,261 [WARN] ConditionMgr:438 - getConditionDescription Invalid condition id : Cortex-A Device cause : null
2025-02-03 09:59:30,368 [WARN] ConditionMgr:1039 - genDependencies : Invalid condition id : Cortex-A Device cause : null
2025-02-03 09:59:30,369 [WARN] ConditionMgr:1039 - genDependencies : Invalid condition id : Cortex-A Device cause : null
2025-02-03 09:59:30,369 [WARN] ConditionMgr:1039 - genDependencies : Invalid condition id : Cortex-A Device cause : null
2025-02-03 09:59:30,376 [WARN] PackLoader:240 - Cannot read IP mode file for STMicroelectronics.X-CUBE-EEPRMA1.5.1.0
2025-02-03 09:59:30,385 [WARN] PackLoader:240 - Cannot read IP mode file for ITTIA_DB.I-CUBE-ITTIADB.8.9.0
2025-02-03 09:59:30,411 [WARN] PackLoader:240 - Cannot read IP mode file for SEGGER.I-CUBE-embOS.1.3.1
2025-02-03 09:59:30,455 [WARN] PackLoader:240 - Cannot read IP mode file for STMicroelectronics.X-CUBE-ALGOBUILD.1.4.0
2025-02-03 09:59:30,459 [WARN] PackLoader:240 - Cannot read IP mode file for STMicroelectronics.X-CUBE-AI.9.1.0
2025-02-03 09:59:30,473 [WARN] PackLoader:240 - Cannot read IP mode file for STMicroelectronics.X-CUBE-AZRTOS-F4.1.1.0
2025-02-03 09:59:30,479 [WARN] PackLoader:240 - Cannot read IP mode file for STMicroelectronics.X-CUBE-ISPU.2.1.0
2025-02-03 09:59:30,486 [WARN] PackLoader:240 - Cannot read IP mode file for STMicroelectronics.X-CUBE-FREERTOS.1.2.0
2025-02-03 09:59:30,500 [WARN] PackLoader:240 - Cannot read IP mode file for STMicroelectronics.X-CUBE-AZRTOS-L5.2.0.0
2025-02-03 09:59:30,509 [WARN] PackLoader:240 - Cannot read IP mode file for STMicroelectronics.X-CUBE-NFC6.3.1.0
2025-02-03 09:59:30,515 [WARN] PackLoader:240 - Cannot read IP mode file for STMicroelectronics.X-CUBE-DPower.1.2.0
2025-02-03 09:59:30,521 [WARN] PackLoader:240 - Cannot read IP mode file for STMicroelectronics.X-CUBE-FREERTOS.1.3.0
2025-02-03 09:59:30,526 [WARN] PackLoader:240 - Cannot read IP mode file for STMicroelectronics.X-CUBE-NFC7.1.0.1
2025-02-03 09:59:30,543 [WARN] ConditionMgr:438 - getConditionDescription Invalid condition id : LAN8742 Phy interface Condition cause : null
2025-02-03 09:59:30,544 [WARN] PackLoader:240 - Cannot read IP mode file for STMicroelectronics.X-CUBE-AZRTOS-L4.2.0.0
2025-02-03 09:59:30,545 [WARN] ConditionMgr:1039 - genDependencies : Invalid condition id : LAN8742 Phy interface Condition cause : null
2025-02-03 09:59:30,545 [WARN] ConditionMgr:1039 - genDependencies : Invalid condition id : LAN8742 Phy interface Condition cause : null
2025-02-03 09:59:30,546 [WARN] ConditionMgr:1039 - genDependencies : Invalid condition id : LAN8742 Phy interface Condition cause : null
2025-02-03 09:59:30,552 [WARN] PackLoader:240 - Cannot read IP mode file for STMicroelectronics.X-CUBE-SFXS2LP1.4.0.0
2025-02-03 09:59:30,572 [WARN] PackLoader:240 - Cannot read IP mode file for STMicroelectronics.X-CUBE-AZRTOS-H7.3.3.0
2025-02-03 09:59:30,584 [WARN] PackLoader:240 - Cannot read IP mode file for STMicroelectronics.X-CUBE-IPS.3.0.0
2025-02-03 09:59:30,600 [WARN] ConditionMgr:438 - getConditionDescription Invalid condition id : UX DEVICE CLASS RTOS Condition cause : null
2025-02-03 09:59:30,600 [WARN] ConditionMgr:438 - getConditionDescription Invalid condition id : UX DEVICE CLASS RTOS Condition cause : null
2025-02-03 09:59:30,603 [WARN] PackLoader:240 - Cannot read IP mode file for STMicroelectronics.X-CUBE-AZRTOS-WB.2.0.0
2025-02-03 09:59:30,603 [WARN] ConditionMgr:1039 - genDependencies : Invalid condition id : UX DEVICE CLASS RTOS Condition cause : null
2025-02-03 09:59:30,603 [WARN] ConditionMgr:1039 - genDependencies : Invalid condition id : UX DEVICE CLASS RTOS Condition cause : null
2025-02-03 09:59:30,605 [WARN] ConditionMgr:1039 - genDependencies : Invalid condition id : UX DEVICE CLASS RTOS Condition cause : null
2025-02-03 09:59:30,605 [WARN] ConditionMgr:1039 - genDependencies : Invalid condition id : UX DEVICE CLASS RTOS Condition cause : null
2025-02-03 09:59:30,606 [WARN] ConditionMgr:1039 - genDependencies : Invalid condition id : UX DEVICE CLASS RTOS Condition cause : null
2025-02-03 09:59:30,617 [WARN] PackLoader:240 - Cannot read IP mode file for STMicroelectronics.X-CUBE-GNSS1.7.0.0
2025-02-03 09:59:30,622 [WARN] PackLoader:240 - Cannot read IP mode file for STMicroelectronics.X-CUBE-GNSS1.7.0.1
2025-02-03 09:59:30,629 [WARN] PackLoader:240 - Cannot read IP mode file for STMicroelectronics.FP-SNS-STBOX1.2.0.0
2025-02-03 09:59:30,641 [WARN] PackLoader:240 - Cannot read IP mode file for STMicroelectronics.X-CUBE-SUBG2.5.0.0
2025-02-03 09:59:30,650 [WARN] PackLoader:240 - Cannot read IP mode file for Cesanta.I-CUBE-Mongoose.7.13.0
2025-02-03 09:59:30,661 [WARN] PackLoader:240 - Cannot read IP mode file for STMicroelectronics.X-CUBE-AZRTOS-G4.2.0.0
2025-02-03 09:59:30,667 [ERROR] Engine:466 - C:\Users\erik\.stm32cubemx\thirdparties\pdsc\STMicroelectronics.X-CUBE-IPS.3.1.0.pdsc: PDSC version is not supported
2025-02-03 09:59:30,672 [WARN] PackLoader:240 - Cannot read IP mode file for STMicroelectronics.X-CUBE-ALS.1.0.2
2025-02-03 09:59:30,678 [WARN] PackLoader:240 - Cannot read IP mode file for STMicroelectronics.X-CUBE-TOUCHGFX.4.24.2
2025-02-03 09:59:30,682 [WARN] PackLoader:240 - Cannot read IP mode file for STMicroelectronics.X-CUBE-TOUCHGFX.4.24.1
2025-02-03 09:59:30,686 [WARN] PackLoader:240 - Cannot read IP mode file for wolfSSL.I-CUBE-wolfTPM.3.4.0
2025-02-03 09:59:30,691 [WARN] PackLoader:240 - Cannot read IP mode file for portGmbH.I-Cube-SoM-uGOAL.1.1.0
2025-02-03 09:59:30,706 [WARN] PackLoader:240 - Cannot read IP mode file for STMicroelectronics.X-CUBE-AZRTOS-H7RS.1.0.0
2025-02-03 09:59:30,712 [WARN] PackLoader:240 - Cannot read IP mode file for STMicroelectronics.FP-ATR-ASTRA1.2.0.0
2025-02-03 09:59:30,720 [WARN] PackLoader:240 - Cannot read IP mode file for STMicroelectronics.X-CUBE-TOF1.3.4.2
2025-02-03 09:59:30,741 [WARN] PackLoader:240 - Cannot read IP mode file for Infineon.AIROC-Wi-Fi-Bluetooth-STM32.1.6.1
2025-02-03 09:59:30,748 [WARN] PackLoader:240 - Cannot read IP mode file for wolfSSL.I-CUBE-wolfSSH.1.4.17
2025-02-03 09:59:30,749 [INFO] ThirdParty:978 - Integrity check success = true
2025-02-03 09:59:30,749 [INFO] IntegrityCheckThread:100 - exiting critical section [integrity check]
2025-02-03 09:59:30,749 [INFO] IntegrityCheckThread:103 - End integrity checks thread
2025-02-03 09:59:56,207 [ERROR] LogOutputStream:75 - [STDERR_REDIRECT] 
2025-02-03 09:59:56,209 [ERROR] LogOutputStream:75 - [STDERR_REDIRECT] 
